{"/Users/chris.majorossy/Projects/FarrmFinder/phreshfoods.com/src/App.tsx": {"path":"/Users/chris.majorossy/Projects/FarrmFinder/phreshfoods.com/src/App.tsx","statementMap":{"0":{"start":{"line":23,"column":6},"end":{"line":23,"column":null}},"1":{"start":{"line":23,"column":26},"end":{"line":23,"column":null}},"2":{"start":{"line":24,"column":6},"end":{"line":24,"column":null}},"3":{"start":{"line":24,"column":32},"end":{"line":24,"column":null}},"4":{"start":{"line":25,"column":6},"end":{"line":25,"column":null}},"5":{"start":{"line":25,"column":33},"end":{"line":25,"column":null}},"6":{"start":{"line":26,"column":6},"end":{"line":26,"column":null}},"7":{"start":{"line":26,"column":38},"end":{"line":26,"column":null}},"8":{"start":{"line":27,"column":6},"end":{"line":27,"column":null}},"9":{"start":{"line":27,"column":33},"end":{"line":27,"column":null}},"10":{"start":{"line":30,"column":8},"end":{"line":30,"column":null}},"11":{"start":{"line":31,"column":8},"end":{"line":31,"column":null}},"12":{"start":{"line":34,"column":53},"end":{"line":34,"column":null}},"13":{"start":{"line":35,"column":143},"end":{"line":35,"column":null}},"14":{"start":{"line":36,"column":32},"end":{"line":36,"column":null}},"15":{"start":{"line":37,"column":118},"end":{"line":37,"column":null}},"16":{"start":{"line":40,"column":8},"end":{"line":46,"column":null}},"17":{"start":{"line":50,"column":2},"end":{"line":52,"column":null}},"18":{"start":{"line":51,"column":4},"end":{"line":51,"column":null}},"19":{"start":{"line":55,"column":2},"end":{"line":77,"column":null}},"20":{"start":{"line":56,"column":22},"end":{"line":56,"column":null}},"21":{"start":{"line":58,"column":4},"end":{"line":76,"column":null}},"22":{"start":{"line":61,"column":26},"end":{"line":61,"column":94}},"23":{"start":{"line":63,"column":6},"end":{"line":75,"column":null}},"24":{"start":{"line":64,"column":53},"end":{"line":70,"column":null}},"25":{"start":{"line":73,"column":8},"end":{"line":73,"column":null}},"26":{"start":{"line":74,"column":8},"end":{"line":74,"column":null}},"27":{"start":{"line":80,"column":2},"end":{"line":125,"column":null}},"28":{"start":{"line":81,"column":22},"end":{"line":81,"column":null}},"29":{"start":{"line":83,"column":4},"end":{"line":121,"column":null}},"30":{"start":{"line":84,"column":28},"end":{"line":84,"column":40}},"31":{"start":{"line":87,"column":6},"end":{"line":90,"column":null}},"32":{"start":{"line":89,"column":8},"end":{"line":89,"column":null}},"33":{"start":{"line":93,"column":26},"end":{"line":94,"column":null}},"34":{"start":{"line":93,"column":50},"end":{"line":93,"column":null}},"35":{"start":{"line":94,"column":50},"end":{"line":94,"column":null}},"36":{"start":{"line":96,"column":6},"end":{"line":108,"column":null}},"37":{"start":{"line":97,"column":8},"end":{"line":102,"column":null}},"38":{"start":{"line":98,"column":10},"end":{"line":98,"column":null}},"39":{"start":{"line":99,"column":10},"end":{"line":99,"column":null}},"40":{"start":{"line":100,"column":15},"end":{"line":102,"column":null}},"41":{"start":{"line":101,"column":10},"end":{"line":101,"column":null}},"42":{"start":{"line":105,"column":8},"end":{"line":105,"column":null}},"43":{"start":{"line":106,"column":8},"end":{"line":106,"column":null}},"44":{"start":{"line":106,"column":54},"end":{"line":106,"column":null}},"45":{"start":{"line":107,"column":8},"end":{"line":107,"column":null}},"46":{"start":{"line":107,"column":26},"end":{"line":107,"column":null}},"47":{"start":{"line":109,"column":11},"end":{"line":121,"column":null}},"48":{"start":{"line":111,"column":6},"end":{"line":114,"column":null}},"49":{"start":{"line":112,"column":8},"end":{"line":112,"column":null}},"50":{"start":{"line":112,"column":54},"end":{"line":112,"column":null}},"51":{"start":{"line":113,"column":8},"end":{"line":113,"column":null}},"52":{"start":{"line":113,"column":26},"end":{"line":113,"column":null}},"53":{"start":{"line":115,"column":11},"end":{"line":121,"column":null}},"54":{"start":{"line":117,"column":6},"end":{"line":120,"column":null}},"55":{"start":{"line":118,"column":8},"end":{"line":118,"column":null}},"56":{"start":{"line":119,"column":8},"end":{"line":119,"column":null}},"57":{"start":{"line":119,"column":54},"end":{"line":119,"column":null}},"58":{"start":{"line":130,"column":2},"end":{"line":140,"column":null}},"59":{"start":{"line":131,"column":26},"end":{"line":137,"column":null}},"60":{"start":{"line":132,"column":6},"end":{"line":136,"column":null}},"61":{"start":{"line":133,"column":8},"end":{"line":133,"column":null}},"62":{"start":{"line":134,"column":8},"end":{"line":134,"column":31}},"63":{"start":{"line":135,"column":8},"end":{"line":135,"column":null}},"64":{"start":{"line":138,"column":4},"end":{"line":138,"column":null}},"65":{"start":{"line":139,"column":4},"end":{"line":139,"column":null}},"66":{"start":{"line":139,"column":17},"end":{"line":139,"column":null}},"67":{"start":{"line":143,"column":2},"end":{"line":165,"column":null}},"68":{"start":{"line":144,"column":22},"end":{"line":144,"column":null}},"69":{"start":{"line":146,"column":4},"end":{"line":164,"column":null}},"70":{"start":{"line":148,"column":12},"end":{"line":148,"column":null}},"71":{"start":{"line":149,"column":6},"end":{"line":149,"column":null}},"72":{"start":{"line":152,"column":12},"end":{"line":152,"column":null}},"73":{"start":{"line":153,"column":6},"end":{"line":153,"column":null}},"74":{"start":{"line":154,"column":11},"end":{"line":164,"column":null}},"75":{"start":{"line":156,"column":12},"end":{"line":156,"column":null}},"76":{"start":{"line":157,"column":6},"end":{"line":157,"column":null}},"77":{"start":{"line":160,"column":23},"end":{"line":160,"column":null}},"78":{"start":{"line":161,"column":6},"end":{"line":163,"column":null}},"79":{"start":{"line":162,"column":8},"end":{"line":162,"column":null}},"80":{"start":{"line":201,"column":18},"end":{"line":201,"column":null}},"81":{"start":{"line":202,"column":18},"end":{"line":202,"column":null}},"82":{"start":{"line":203,"column":18},"end":{"line":203,"column":null}},"83":{"start":{"line":215,"column":18},"end":{"line":215,"column":null}},"84":{"start":{"line":216,"column":18},"end":{"line":216,"column":null}},"85":{"start":{"line":217,"column":18},"end":{"line":217,"column":null}}},"fnMap":{"0":{"name":"(anonymous_0)","decl":{"start":{"line":23,"column":20},"end":{"line":23,"column":26}},"loc":{"start":{"line":23,"column":26},"end":{"line":23,"column":null}},"line":23},"1":{"name":"(anonymous_1)","decl":{"start":{"line":24,"column":26},"end":{"line":24,"column":32}},"loc":{"start":{"line":24,"column":32},"end":{"line":24,"column":null}},"line":24},"2":{"name":"(anonymous_2)","decl":{"start":{"line":25,"column":27},"end":{"line":25,"column":33}},"loc":{"start":{"line":25,"column":33},"end":{"line":25,"column":null}},"line":25},"3":{"name":"(anonymous_3)","decl":{"start":{"line":26,"column":32},"end":{"line":26,"column":38}},"loc":{"start":{"line":26,"column":38},"end":{"line":26,"column":null}},"line":26},"4":{"name":"(anonymous_4)","decl":{"start":{"line":27,"column":27},"end":{"line":27,"column":33}},"loc":{"start":{"line":27,"column":33},"end":{"line":27,"column":null}},"line":27},"5":{"name":"App","decl":{"start":{"line":29,"column":9},"end":{"line":29,"column":null}},"loc":{"start":{"line":29,"column":9},"end":{"line":230,"column":null}},"line":29},"6":{"name":"(anonymous_6)","decl":{"start":{"line":50,"column":12},"end":{"line":50,"column":null}},"loc":{"start":{"line":50,"column":12},"end":{"line":52,"column":5}},"line":50},"7":{"name":"(anonymous_7)","decl":{"start":{"line":55,"column":12},"end":{"line":55,"column":null}},"loc":{"start":{"line":55,"column":12},"end":{"line":77,"column":5}},"line":55},"8":{"name":"(anonymous_8)","decl":{"start":{"line":80,"column":12},"end":{"line":80,"column":null}},"loc":{"start":{"line":80,"column":12},"end":{"line":122,"column":5}},"line":80},"9":{"name":"(anonymous_9)","decl":{"start":{"line":93,"column":45},"end":{"line":93,"column":50}},"loc":{"start":{"line":93,"column":50},"end":{"line":93,"column":null}},"line":93},"10":{"name":"(anonymous_10)","decl":{"start":{"line":94,"column":45},"end":{"line":94,"column":50}},"loc":{"start":{"line":94,"column":50},"end":{"line":94,"column":null}},"line":94},"11":{"name":"(anonymous_11)","decl":{"start":{"line":130,"column":12},"end":{"line":130,"column":null}},"loc":{"start":{"line":130,"column":12},"end":{"line":140,"column":5}},"line":130},"12":{"name":"(anonymous_12)","decl":{"start":{"line":131,"column":26},"end":{"line":131,"column":27}},"loc":{"start":{"line":131,"column":27},"end":{"line":137,"column":null}},"line":131},"13":{"name":"(anonymous_13)","decl":{"start":{"line":139,"column":11},"end":{"line":139,"column":17}},"loc":{"start":{"line":139,"column":17},"end":{"line":139,"column":null}},"line":139},"14":{"name":"(anonymous_14)","decl":{"start":{"line":143,"column":12},"end":{"line":143,"column":null}},"loc":{"start":{"line":143,"column":12},"end":{"line":165,"column":5}},"line":143},"15":{"name":"(anonymous_15)","decl":{"start":{"line":200,"column":25},"end":{"line":200,"column":null}},"loc":{"start":{"line":200,"column":25},"end":{"line":204,"column":null}},"line":200},"16":{"name":"(anonymous_16)","decl":{"start":{"line":214,"column":25},"end":{"line":214,"column":null}},"loc":{"start":{"line":214,"column":25},"end":{"line":218,"column":null}},"line":214}},"branchMap":{"0":{"loc":{"start":{"line":58,"column":4},"end":{"line":76,"column":null}},"type":"if","locations":[{"start":{"line":58,"column":4},"end":{"line":76,"column":null}},{"start":{},"end":{}}],"line":58},"1":{"loc":{"start":{"line":58,"column":8},"end":{"line":58,"column":95}},"type":"binary-expr","locations":[{"start":{"line":58,"column":8},"end":{"line":58,"column":21}},{"start":{"line":58,"column":21},"end":{"line":58,"column":37}},{"start":{"line":58,"column":37},"end":{"line":58,"column":81}},{"start":{"line":58,"column":81},"end":{"line":58,"column":95}}],"line":58},"2":{"loc":{"start":{"line":61,"column":26},"end":{"line":61,"column":94}},"type":"binary-expr","locations":[{"start":{"line":61,"column":26},"end":{"line":61,"column":74}},{"start":{"line":61,"column":74},"end":{"line":61,"column":94}}],"line":61},"3":{"loc":{"start":{"line":63,"column":6},"end":{"line":75,"column":null}},"type":"if","locations":[{"start":{"line":63,"column":6},"end":{"line":75,"column":null}},{"start":{},"end":{}}],"line":63},"4":{"loc":{"start":{"line":63,"column":10},"end":{"line":63,"column":63}},"type":"binary-expr","locations":[{"start":{"line":63,"column":10},"end":{"line":63,"column":26}},{"start":{"line":63,"column":30},"end":{"line":63,"column":46}},{"start":{"line":63,"column":50},"end":{"line":63,"column":63}}],"line":63},"5":{"loc":{"start":{"line":69,"column":16},"end":{"line":69,"column":null}},"type":"binary-expr","locations":[{"start":{"line":69,"column":16},"end":{"line":69,"column":51}},{"start":{"line":69,"column":51},"end":{"line":69,"column":null}}],"line":69},"6":{"loc":{"start":{"line":83,"column":4},"end":{"line":121,"column":null}},"type":"if","locations":[{"start":{"line":83,"column":4},"end":{"line":121,"column":null}},{"start":{"line":109,"column":11},"end":{"line":121,"column":null}}],"line":83},"7":{"loc":{"start":{"line":83,"column":8},"end":{"line":83,"column":33}},"type":"binary-expr","locations":[{"start":{"line":83,"column":8},"end":{"line":83,"column":21}},{"start":{"line":83,"column":21},"end":{"line":83,"column":33}}],"line":83},"8":{"loc":{"start":{"line":87,"column":6},"end":{"line":90,"column":null}},"type":"if","locations":[{"start":{"line":87,"column":6},"end":{"line":90,"column":null}},{"start":{},"end":{}}],"line":87},"9":{"loc":{"start":{"line":87,"column":10},"end":{"line":87,"column":56}},"type":"binary-expr","locations":[{"start":{"line":87,"column":10},"end":{"line":87,"column":28}},{"start":{"line":87,"column":28},"end":{"line":87,"column":56}}],"line":87},"10":{"loc":{"start":{"line":93,"column":26},"end":{"line":94,"column":null}},"type":"binary-expr","locations":[{"start":{"line":93,"column":26},"end":{"line":93,"column":null}},{"start":{"line":94,"column":26},"end":{"line":94,"column":null}}],"line":93},"11":{"loc":{"start":{"line":96,"column":6},"end":{"line":108,"column":null}},"type":"if","locations":[{"start":{"line":96,"column":6},"end":{"line":108,"column":null}},{"start":{"line":103,"column":13},"end":{"line":108,"column":null}}],"line":96},"12":{"loc":{"start":{"line":97,"column":8},"end":{"line":102,"column":null}},"type":"if","locations":[{"start":{"line":97,"column":8},"end":{"line":102,"column":null}},{"start":{"line":100,"column":15},"end":{"line":102,"column":null}}],"line":97},"13":{"loc":{"start":{"line":97,"column":12},"end":{"line":97,"column":132}},"type":"binary-expr","locations":[{"start":{"line":97,"column":12},"end":{"line":97,"column":30}},{"start":{"line":97,"column":30},"end":{"line":97,"column":68}},{"start":{"line":97,"column":72},"end":{"line":97,"column":132}}],"line":97},"14":{"loc":{"start":{"line":100,"column":15},"end":{"line":102,"column":null}},"type":"if","locations":[{"start":{"line":100,"column":15},"end":{"line":102,"column":null}},{"start":{},"end":{}}],"line":100},"15":{"loc":{"start":{"line":100,"column":19},"end":{"line":100,"column":63}},"type":"binary-expr","locations":[{"start":{"line":100,"column":19},"end":{"line":100,"column":41}},{"start":{"line":100,"column":41},"end":{"line":100,"column":63}}],"line":100},"16":{"loc":{"start":{"line":106,"column":8},"end":{"line":106,"column":null}},"type":"if","locations":[{"start":{"line":106,"column":8},"end":{"line":106,"column":null}},{"start":{},"end":{}}],"line":106},"17":{"loc":{"start":{"line":106,"column":12},"end":{"line":106,"column":54}},"type":"binary-expr","locations":[{"start":{"line":106,"column":12},"end":{"line":106,"column":33}},{"start":{"line":106,"column":33},"end":{"line":106,"column":54}}],"line":106},"18":{"loc":{"start":{"line":107,"column":8},"end":{"line":107,"column":null}},"type":"if","locations":[{"start":{"line":107,"column":8},"end":{"line":107,"column":null}},{"start":{},"end":{}}],"line":107},"19":{"loc":{"start":{"line":109,"column":11},"end":{"line":121,"column":null}},"type":"if","locations":[{"start":{"line":109,"column":11},"end":{"line":121,"column":null}},{"start":{"line":115,"column":11},"end":{"line":121,"column":null}}],"line":109},"20":{"loc":{"start":{"line":111,"column":6},"end":{"line":114,"column":null}},"type":"if","locations":[{"start":{"line":111,"column":6},"end":{"line":114,"column":null}},{"start":{},"end":{}}],"line":111},"21":{"loc":{"start":{"line":111,"column":10},"end":{"line":111,"column":68}},"type":"binary-expr","locations":[{"start":{"line":111,"column":10},"end":{"line":111,"column":26}},{"start":{"line":111,"column":26},"end":{"line":111,"column":47}},{"start":{"line":111,"column":47},"end":{"line":111,"column":68}}],"line":111},"22":{"loc":{"start":{"line":112,"column":8},"end":{"line":112,"column":null}},"type":"if","locations":[{"start":{"line":112,"column":8},"end":{"line":112,"column":null}},{"start":{},"end":{}}],"line":112},"23":{"loc":{"start":{"line":112,"column":12},"end":{"line":112,"column":54}},"type":"binary-expr","locations":[{"start":{"line":112,"column":12},"end":{"line":112,"column":33}},{"start":{"line":112,"column":33},"end":{"line":112,"column":54}}],"line":112},"24":{"loc":{"start":{"line":113,"column":8},"end":{"line":113,"column":null}},"type":"if","locations":[{"start":{"line":113,"column":8},"end":{"line":113,"column":null}},{"start":{},"end":{}}],"line":113},"25":{"loc":{"start":{"line":115,"column":11},"end":{"line":121,"column":null}},"type":"if","locations":[{"start":{"line":115,"column":11},"end":{"line":121,"column":null}},{"start":{},"end":{}}],"line":115},"26":{"loc":{"start":{"line":115,"column":15},"end":{"line":115,"column":72}},"type":"binary-expr","locations":[{"start":{"line":115,"column":15},"end":{"line":115,"column":32}},{"start":{"line":115,"column":32},"end":{"line":115,"column":72}}],"line":115},"27":{"loc":{"start":{"line":117,"column":6},"end":{"line":120,"column":null}},"type":"if","locations":[{"start":{"line":117,"column":6},"end":{"line":120,"column":null}},{"start":{},"end":{}}],"line":117},"28":{"loc":{"start":{"line":117,"column":10},"end":{"line":117,"column":53}},"type":"binary-expr","locations":[{"start":{"line":117,"column":10},"end":{"line":117,"column":27}},{"start":{"line":117,"column":27},"end":{"line":117,"column":53}}],"line":117},"29":{"loc":{"start":{"line":119,"column":8},"end":{"line":119,"column":null}},"type":"if","locations":[{"start":{"line":119,"column":8},"end":{"line":119,"column":null}},{"start":{},"end":{}}],"line":119},"30":{"loc":{"start":{"line":119,"column":12},"end":{"line":119,"column":54}},"type":"binary-expr","locations":[{"start":{"line":119,"column":12},"end":{"line":119,"column":33}},{"start":{"line":119,"column":33},"end":{"line":119,"column":54}}],"line":119},"31":{"loc":{"start":{"line":132,"column":6},"end":{"line":136,"column":null}},"type":"if","locations":[{"start":{"line":132,"column":6},"end":{"line":136,"column":null}},{"start":{},"end":{}}],"line":132},"32":{"loc":{"start":{"line":132,"column":10},"end":{"line":132,"column":80}},"type":"binary-expr","locations":[{"start":{"line":132,"column":10},"end":{"line":132,"column":37}},{"start":{"line":132,"column":37},"end":{"line":132,"column":58}},{"start":{"line":132,"column":58},"end":{"line":132,"column":76}}],"line":132},"33":{"loc":{"start":{"line":146,"column":4},"end":{"line":164,"column":null}},"type":"if","locations":[{"start":{"line":146,"column":4},"end":{"line":164,"column":null}},{"start":{"line":154,"column":11},"end":{"line":164,"column":null}}],"line":146},"34":{"loc":{"start":{"line":146,"column":8},"end":{"line":146,"column":35}},"type":"binary-expr","locations":[{"start":{"line":146,"column":8},"end":{"line":146,"column":21}},{"start":{"line":146,"column":21},"end":{"line":146,"column":35}}],"line":146},"35":{"loc":{"start":{"line":154,"column":11},"end":{"line":164,"column":null}},"type":"if","locations":[{"start":{"line":154,"column":11},"end":{"line":164,"column":null}},{"start":{},"end":{}}],"line":154},"36":{"loc":{"start":{"line":161,"column":6},"end":{"line":163,"column":null}},"type":"if","locations":[{"start":{"line":161,"column":6},"end":{"line":163,"column":null}},{"start":{},"end":{}}],"line":161}},"s":{"0":0,"1":0,"2":0,"3":0,"4":0,"5":0,"6":0,"7":0,"8":0,"9":0,"10":0,"11":0,"12":0,"13":0,"14":0,"15":0,"16":0,"17":0,"18":0,"19":0,"20":0,"21":0,"22":0,"23":0,"24":0,"25":0,"26":0,"27":0,"28":0,"29":0,"30":0,"31":0,"32":0,"33":0,"34":0,"35":0,"36":0,"37":0,"38":0,"39":0,"40":0,"41":0,"42":0,"43":0,"44":0,"45":0,"46":0,"47":0,"48":0,"49":0,"50":0,"51":0,"52":0,"53":0,"54":0,"55":0,"56":0,"57":0,"58":0,"59":0,"60":0,"61":0,"62":0,"63":0,"64":0,"65":0,"66":0,"67":0,"68":0,"69":0,"70":0,"71":0,"72":0,"73":0,"74":0,"75":0,"76":0,"77":0,"78":0,"79":0,"80":0,"81":0,"82":0,"83":0,"84":0,"85":0},"f":{"0":0,"1":0,"2":0,"3":0,"4":0,"5":0,"6":0,"7":0,"8":0,"9":0,"10":0,"11":0,"12":0,"13":0,"14":0,"15":0,"16":0},"b":{"0":[0,0],"1":[0,0,0,0],"2":[0,0],"3":[0,0],"4":[0,0,0],"5":[0,0],"6":[0,0],"7":[0,0],"8":[0,0],"9":[0,0],"10":[0,0],"11":[0,0],"12":[0,0],"13":[0,0,0],"14":[0,0],"15":[0,0],"16":[0,0],"17":[0,0],"18":[0,0],"19":[0,0],"20":[0,0],"21":[0,0,0],"22":[0,0],"23":[0,0],"24":[0,0],"25":[0,0],"26":[0,0],"27":[0,0],"28":[0,0],"29":[0,0],"30":[0,0],"31":[0,0],"32":[0,0,0],"33":[0,0],"34":[0,0],"35":[0,0],"36":[0,0]},"meta":{"lastBranch":37,"lastFunction":17,"lastStatement":86,"seen":{"s:23:6:23:Infinity":0,"f:23:20:23:26":0,"s:23:26:23:Infinity":1,"s:24:6:24:Infinity":2,"f:24:26:24:32":1,"s:24:32:24:Infinity":3,"s:25:6:25:Infinity":4,"f:25:27:25:33":2,"s:25:33:25:Infinity":5,"s:26:6:26:Infinity":6,"f:26:32:26:38":3,"s:26:38:26:Infinity":7,"s:27:6:27:Infinity":8,"f:27:27:27:33":4,"s:27:33:27:Infinity":9,"f:29:9:29:Infinity":5,"s:30:8:30:Infinity":10,"s:31:8:31:Infinity":11,"s:34:53:34:Infinity":12,"s:35:143:35:Infinity":13,"s:36:32:36:Infinity":14,"s:37:118:37:Infinity":15,"s:40:8:46:Infinity":16,"s:50:2:52:Infinity":17,"f:50:12:50:Infinity":6,"s:51:4:51:Infinity":18,"s:55:2:77:Infinity":19,"f:55:12:55:Infinity":7,"s:56:22:56:Infinity":20,"b:58:4:76:Infinity:undefined:undefined:undefined:undefined":0,"s:58:4:76:Infinity":21,"b:58:8:58:21:58:21:58:37:58:37:58:81:58:81:58:95":1,"s:61:26:61:94":22,"b:61:26:61:74:61:74:61:94":2,"b:63:6:75:Infinity:undefined:undefined:undefined:undefined":3,"s:63:6:75:Infinity":23,"b:63:10:63:26:63:30:63:46:63:50:63:63":4,"s:64:53:70:Infinity":24,"b:69:16:69:51:69:51:69:Infinity":5,"s:73:8:73:Infinity":25,"s:74:8:74:Infinity":26,"s:80:2:125:Infinity":27,"f:80:12:80:Infinity":8,"s:81:22:81:Infinity":28,"b:83:4:121:Infinity:109:11:121:Infinity":6,"s:83:4:121:Infinity":29,"b:83:8:83:21:83:21:83:33":7,"s:84:28:84:40":30,"b:87:6:90:Infinity:undefined:undefined:undefined:undefined":8,"s:87:6:90:Infinity":31,"b:87:10:87:28:87:28:87:56":9,"s:89:8:89:Infinity":32,"s:93:26:94:Infinity":33,"b:93:26:93:Infinity:94:26:94:Infinity":10,"f:93:45:93:50":9,"s:93:50:93:Infinity":34,"f:94:45:94:50":10,"s:94:50:94:Infinity":35,"b:96:6:108:Infinity:103:13:108:Infinity":11,"s:96:6:108:Infinity":36,"b:97:8:102:Infinity:100:15:102:Infinity":12,"s:97:8:102:Infinity":37,"b:97:12:97:30:97:30:97:68:97:72:97:132":13,"s:98:10:98:Infinity":38,"s:99:10:99:Infinity":39,"b:100:15:102:Infinity:undefined:undefined:undefined:undefined":14,"s:100:15:102:Infinity":40,"b:100:19:100:41:100:41:100:63":15,"s:101:10:101:Infinity":41,"s:105:8:105:Infinity":42,"b:106:8:106:Infinity:undefined:undefined:undefined:undefined":16,"s:106:8:106:Infinity":43,"b:106:12:106:33:106:33:106:54":17,"s:106:54:106:Infinity":44,"b:107:8:107:Infinity:undefined:undefined:undefined:undefined":18,"s:107:8:107:Infinity":45,"s:107:26:107:Infinity":46,"b:109:11:121:Infinity:115:11:121:Infinity":19,"s:109:11:121:Infinity":47,"b:111:6:114:Infinity:undefined:undefined:undefined:undefined":20,"s:111:6:114:Infinity":48,"b:111:10:111:26:111:26:111:47:111:47:111:68":21,"b:112:8:112:Infinity:undefined:undefined:undefined:undefined":22,"s:112:8:112:Infinity":49,"b:112:12:112:33:112:33:112:54":23,"s:112:54:112:Infinity":50,"b:113:8:113:Infinity:undefined:undefined:undefined:undefined":24,"s:113:8:113:Infinity":51,"s:113:26:113:Infinity":52,"b:115:11:121:Infinity:undefined:undefined:undefined:undefined":25,"s:115:11:121:Infinity":53,"b:115:15:115:32:115:32:115:72":26,"b:117:6:120:Infinity:undefined:undefined:undefined:undefined":27,"s:117:6:120:Infinity":54,"b:117:10:117:27:117:27:117:53":28,"s:118:8:118:Infinity":55,"b:119:8:119:Infinity:undefined:undefined:undefined:undefined":29,"s:119:8:119:Infinity":56,"b:119:12:119:33:119:33:119:54":30,"s:119:54:119:Infinity":57,"s:130:2:140:Infinity":58,"f:130:12:130:Infinity":11,"s:131:26:137:Infinity":59,"f:131:26:131:27":12,"b:132:6:136:Infinity:undefined:undefined:undefined:undefined":31,"s:132:6:136:Infinity":60,"b:132:10:132:37:132:37:132:58:132:58:132:76":32,"s:133:8:133:Infinity":61,"s:134:8:134:31":62,"s:135:8:135:Infinity":63,"s:138:4:138:Infinity":64,"s:139:4:139:Infinity":65,"f:139:11:139:17":13,"s:139:17:139:Infinity":66,"s:143:2:165:Infinity":67,"f:143:12:143:Infinity":14,"s:144:22:144:Infinity":68,"b:146:4:164:Infinity:154:11:164:Infinity":33,"s:146:4:164:Infinity":69,"b:146:8:146:21:146:21:146:35":34,"s:148:12:148:Infinity":70,"s:149:6:149:Infinity":71,"s:152:12:152:Infinity":72,"s:153:6:153:Infinity":73,"b:154:11:164:Infinity:undefined:undefined:undefined:undefined":35,"s:154:11:164:Infinity":74,"s:156:12:156:Infinity":75,"s:157:6:157:Infinity":76,"s:160:23:160:Infinity":77,"b:161:6:163:Infinity:undefined:undefined:undefined:undefined":36,"s:161:6:163:Infinity":78,"s:162:8:162:Infinity":79,"f:200:25:200:Infinity":15,"s:201:18:201:Infinity":80,"s:202:18:202:Infinity":81,"s:203:18:203:Infinity":82,"f:214:25:214:Infinity":16,"s:215:18:215:Infinity":83,"s:216:18:216:Infinity":84,"s:217:18:217:Infinity":85}}}
,"/Users/chris.majorossy/Projects/FarrmFinder/phreshfoods.com/src/components/LazyLoadErrorBoundary.tsx": {"path":"/Users/chris.majorossy/Projects/FarrmFinder/phreshfoods.com/src/components/LazyLoadErrorBoundary.tsx","statementMap":{"0":{"start":{"line":15,"column":20},"end":{"line":15,"column":null}},"1":{"start":{"line":30,"column":6},"end":{"line":33,"column":null}},"2":{"start":{"line":35,"column":4},"end":{"line":39,"column":null}},"3":{"start":{"line":43,"column":4},"end":{"line":43,"column":null}},"4":{"start":{"line":71,"column":4},"end":{"line":126,"column":null}},"5":{"start":{"line":72,"column":46},"end":{"line":72,"column":null}},"6":{"start":{"line":73,"column":29},"end":{"line":73,"column":null}},"7":{"start":{"line":74,"column":23},"end":{"line":74,"column":null}},"8":{"start":{"line":116,"column":34},"end":{"line":116,"column":null}},"9":{"start":{"line":128,"column":4},"end":{"line":128,"column":null}},"10":{"start":{"line":23,"column":4},"end":{"line":68,"column":null}},"11":{"start":{"line":50,"column":27},"end":{"line":50,"column":null}},"12":{"start":{"line":52,"column":4},"end":{"line":67,"column":null}},"13":{"start":{"line":54,"column":6},"end":{"line":58,"column":null}},"14":{"start":{"line":61,"column":6},"end":{"line":63,"column":null}},"15":{"start":{"line":62,"column":8},"end":{"line":62,"column":null}},"16":{"start":{"line":66,"column":6},"end":{"line":66,"column":null}},"17":{"start":{"line":24,"column":4},"end":{"line":24,"column":null}}},"fnMap":{"0":{"name":"(anonymous_0)","decl":{"start":{"line":27,"column":9},"end":{"line":27,"column":34}},"loc":{"start":{"line":27,"column":55},"end":{"line":40,"column":null}},"line":27},"1":{"name":"(anonymous_1)","decl":{"start":{"line":42,"column":2},"end":{"line":42,"column":20}},"loc":{"start":{"line":42,"column":56},"end":{"line":47,"column":null}},"line":42},"2":{"name":"(anonymous_2)","decl":{"start":{"line":70,"column":2},"end":{"line":70,"column":11}},"loc":{"start":{"line":70,"column":11},"end":{"line":129,"column":null}},"line":70},"3":{"name":"(anonymous_3)","decl":{"start":{"line":116,"column":27},"end":{"line":116,"column":34}},"loc":{"start":{"line":116,"column":34},"end":{"line":116,"column":null}},"line":116},"4":{"name":"(anonymous_4)","decl":{"start":{"line":22,"column":2},"end":{"line":22,"column":14}},"loc":{"start":{"line":22,"column":28},"end":{"line":25,"column":null}},"line":22},"5":{"name":"(anonymous_5)","decl":{"start":{"line":49,"column":16},"end":{"line":49,"column":null}},"loc":{"start":{"line":49,"column":16},"end":{"line":68,"column":null}},"line":49},"6":{"name":"(anonymous_6)","decl":{"start":{"line":61,"column":17},"end":{"line":61,"column":null}},"loc":{"start":{"line":61,"column":17},"end":{"line":63,"column":9}},"line":61}},"branchMap":{"0":{"loc":{"start":{"line":30,"column":6},"end":{"line":33,"column":null}},"type":"binary-expr","locations":[{"start":{"line":30,"column":6},"end":{"line":30,"column":null}},{"start":{"line":31,"column":6},"end":{"line":31,"column":null}},{"start":{"line":32,"column":6},"end":{"line":32,"column":null}},{"start":{"line":33,"column":6},"end":{"line":33,"column":null}}],"line":30},"1":{"loc":{"start":{"line":38,"column":18},"end":{"line":38,"column":null}},"type":"cond-expr","locations":[{"start":{"line":38,"column":33},"end":{"line":38,"column":37}},{"start":{"line":38,"column":37},"end":{"line":38,"column":null}}],"line":38},"2":{"loc":{"start":{"line":71,"column":4},"end":{"line":126,"column":null}},"type":"if","locations":[{"start":{"line":71,"column":4},"end":{"line":126,"column":null}},{"start":{},"end":{}}],"line":71},"3":{"loc":{"start":{"line":72,"column":14},"end":{"line":72,"column":41}},"type":"default-arg","locations":[{"start":{"line":72,"column":30},"end":{"line":72,"column":41}}],"line":72},"4":{"loc":{"start":{"line":95,"column":15},"end":{"line":95,"column":null}},"type":"cond-expr","locations":[{"start":{"line":95,"column":26},"end":{"line":95,"column":44}},{"start":{"line":95,"column":44},"end":{"line":95,"column":null}}],"line":95},"5":{"loc":{"start":{"line":98,"column":15},"end":{"line":100,"column":null}},"type":"cond-expr","locations":[{"start":{"line":99,"column":18},"end":{"line":99,"column":null}},{"start":{"line":100,"column":18},"end":{"line":100,"column":null}}],"line":98},"6":{"loc":{"start":{"line":112,"column":17},"end":{"line":112,"column":null}},"type":"cond-expr","locations":[{"start":{"line":112,"column":28},"end":{"line":112,"column":69}},{"start":{"line":112,"column":69},"end":{"line":112,"column":null}}],"line":112},"7":{"loc":{"start":{"line":52,"column":4},"end":{"line":67,"column":null}},"type":"if","locations":[{"start":{"line":52,"column":4},"end":{"line":67,"column":null}},{"start":{"line":64,"column":11},"end":{"line":67,"column":null}}],"line":52}},"s":{"0":0,"1":0,"2":0,"3":0,"4":0,"5":0,"6":0,"7":0,"8":0,"9":0,"10":0,"11":0,"12":0,"13":0,"14":0,"15":0,"16":0,"17":0},"f":{"0":0,"1":0,"2":0,"3":0,"4":0,"5":0,"6":0},"b":{"0":[0,0,0,0],"1":[0,0],"2":[0,0],"3":[0],"4":[0,0],"5":[0,0],"6":[0,0],"7":[0,0]},"meta":{"lastBranch":8,"lastFunction":7,"lastStatement":18,"seen":{"s:15:20:15:Infinity":0,"f:27:9:27:34":0,"s:30:6:33:Infinity":1,"b:30:6:30:Infinity:31:6:31:Infinity:32:6:32:Infinity:33:6:33:Infinity":0,"s:35:4:39:Infinity":2,"b:38:33:38:37:38:37:38:Infinity":1,"f:42:2:42:20":1,"s:43:4:43:Infinity":3,"f:70:2:70:11":2,"b:71:4:126:Infinity:undefined:undefined:undefined:undefined":2,"s:71:4:126:Infinity":4,"s:72:46:72:Infinity":5,"b:72:30:72:41":3,"s:73:29:73:Infinity":6,"s:74:23:74:Infinity":7,"b:95:26:95:44:95:44:95:Infinity":4,"b:99:18:99:Infinity:100:18:100:Infinity":5,"b:112:28:112:69:112:69:112:Infinity":6,"f:116:27:116:34":3,"s:116:34:116:Infinity":8,"s:128:4:128:Infinity":9,"f:22:2:22:14":4,"s:23:4:68:Infinity":10,"f:49:16:49:Infinity":5,"s:50:27:50:Infinity":11,"b:52:4:67:Infinity:64:11:67:Infinity":7,"s:52:4:67:Infinity":12,"s:54:6:58:Infinity":13,"s:61:6:63:Infinity":14,"f:61:17:61:Infinity":6,"s:62:8:62:Infinity":15,"s:66:6:66:Infinity":16,"s:24:4:24:Infinity":17}}}
,"/Users/chris.majorossy/Projects/FarrmFinder/phreshfoods.com/src/components/ErrorBoundary/ErrorBoundary.tsx": {"path":"/Users/chris.majorossy/Projects/FarrmFinder/phreshfoods.com/src/components/ErrorBoundary/ErrorBoundary.tsx","statementMap":{"0":{"start":{"line":39,"column":4},"end":{"line":39,"column":null}},"1":{"start":{"line":44,"column":4},"end":{"line":44,"column":null}},"2":{"start":{"line":45,"column":4},"end":{"line":45,"column":null}},"3":{"start":{"line":48,"column":4},"end":{"line":51,"column":null}},"4":{"start":{"line":54,"column":4},"end":{"line":56,"column":null}},"5":{"start":{"line":55,"column":6},"end":{"line":55,"column":null}},"6":{"start":{"line":71,"column":4},"end":{"line":134,"column":null}},"7":{"start":{"line":73,"column":6},"end":{"line":75,"column":null}},"8":{"start":{"line":74,"column":8},"end":{"line":74,"column":null}},"9":{"start":{"line":136,"column":4},"end":{"line":136,"column":null}},"10":{"start":{"line":29,"column":4},"end":{"line":68,"column":null}},"11":{"start":{"line":63,"column":4},"end":{"line":67,"column":null}},"12":{"start":{"line":30,"column":4},"end":{"line":34,"column":null}}},"fnMap":{"0":{"name":"(anonymous_0)","decl":{"start":{"line":37,"column":9},"end":{"line":37,"column":34}},"loc":{"start":{"line":37,"column":77},"end":{"line":40,"column":null}},"line":37},"1":{"name":"(anonymous_1)","decl":{"start":{"line":42,"column":2},"end":{"line":42,"column":20}},"loc":{"start":{"line":42,"column":62},"end":{"line":60,"column":null}},"line":42},"2":{"name":"(anonymous_2)","decl":{"start":{"line":70,"column":2},"end":{"line":70,"column":22}},"loc":{"start":{"line":70,"column":22},"end":{"line":137,"column":null}},"line":70},"3":{"name":"(anonymous_3)","decl":{"start":{"line":28,"column":2},"end":{"line":28,"column":14}},"loc":{"start":{"line":28,"column":41},"end":{"line":35,"column":null}},"line":28},"4":{"name":"(anonymous_4)","decl":{"start":{"line":62,"column":16},"end":{"line":62,"column":null}},"loc":{"start":{"line":62,"column":16},"end":{"line":68,"column":null}},"line":62}},"branchMap":{"0":{"loc":{"start":{"line":54,"column":4},"end":{"line":56,"column":null}},"type":"if","locations":[{"start":{"line":54,"column":4},"end":{"line":56,"column":null}},{"start":{},"end":{}}],"line":54},"1":{"loc":{"start":{"line":71,"column":4},"end":{"line":134,"column":null}},"type":"if","locations":[{"start":{"line":71,"column":4},"end":{"line":134,"column":null}},{"start":{},"end":{}}],"line":71},"2":{"loc":{"start":{"line":73,"column":6},"end":{"line":75,"column":null}},"type":"if","locations":[{"start":{"line":73,"column":6},"end":{"line":75,"column":null}},{"start":{},"end":{}}],"line":73}},"s":{"0":0,"1":0,"2":0,"3":0,"4":0,"5":0,"6":0,"7":0,"8":0,"9":0,"10":0,"11":0,"12":0},"f":{"0":0,"1":0,"2":0,"3":0,"4":0},"b":{"0":[0,0],"1":[0,0],"2":[0,0]},"meta":{"lastBranch":3,"lastFunction":5,"lastStatement":13,"seen":{"f:37:9:37:34":0,"s:39:4:39:Infinity":0,"f:42:2:42:20":1,"s:44:4:44:Infinity":1,"s:45:4:45:Infinity":2,"s:48:4:51:Infinity":3,"b:54:4:56:Infinity:undefined:undefined:undefined:undefined":0,"s:54:4:56:Infinity":4,"s:55:6:55:Infinity":5,"f:70:2:70:22":2,"b:71:4:134:Infinity:undefined:undefined:undefined:undefined":1,"s:71:4:134:Infinity":6,"b:73:6:75:Infinity:undefined:undefined:undefined:undefined":2,"s:73:6:75:Infinity":7,"s:74:8:74:Infinity":8,"s:136:4:136:Infinity":9,"f:28:2:28:14":3,"s:29:4:68:Infinity":10,"f:62:16:62:Infinity":4,"s:63:4:67:Infinity":11,"s:30:4:34:Infinity":12}}}
,"/Users/chris.majorossy/Projects/FarrmFinder/phreshfoods.com/src/components/Filters/ProductFilters.tsx": {"path":"/Users/chris.majorossy/Projects/FarrmFinder/phreshfoods.com/src/components/Filters/ProductFilters.tsx","statementMap":{"0":{"start":{"line":6,"column":33},"end":{"line":91,"column":null}},"1":{"start":{"line":7,"column":63},"end":{"line":7,"column":null}},"2":{"start":{"line":10,"column":8},"end":{"line":12,"column":null}},"3":{"start":{"line":11,"column":4},"end":{"line":11,"column":null}},"4":{"start":{"line":15,"column":8},"end":{"line":34,"column":10}},"5":{"start":{"line":16,"column":73},"end":{"line":16,"column":null}},"6":{"start":{"line":19,"column":4},"end":{"line":26,"column":null}},"7":{"start":{"line":20,"column":22},"end":{"line":20,"column":53}},"8":{"start":{"line":21,"column":23},"end":{"line":21,"column":null}},"9":{"start":{"line":22,"column":6},"end":{"line":24,"column":null}},"10":{"start":{"line":23,"column":8},"end":{"line":23,"column":null}},"11":{"start":{"line":25,"column":6},"end":{"line":25,"column":null}},"12":{"start":{"line":29,"column":4},"end":{"line":31,"column":null}},"13":{"start":{"line":30,"column":6},"end":{"line":30,"column":null}},"14":{"start":{"line":30,"column":39},"end":{"line":30,"column":null}},"15":{"start":{"line":33,"column":4},"end":{"line":33,"column":null}},"16":{"start":{"line":42,"column":92},"end":{"line":42,"column":131}},"17":{"start":{"line":43,"column":30},"end":{"line":43,"column":115}},"18":{"start":{"line":49,"column":40},"end":{"line":49,"column":71}},"19":{"start":{"line":50,"column":35},"end":{"line":50,"column":null}},"20":{"start":{"line":60,"column":40},"end":{"line":60,"column":null}},"21":{"start":{"line":69,"column":29},"end":{"line":69,"column":null}},"22":{"start":{"line":81,"column":53},"end":{"line":81,"column":78}}},"fnMap":{"0":{"name":"(anonymous_0)","decl":{"start":{"line":6,"column":33},"end":{"line":6,"column":null}},"loc":{"start":{"line":6,"column":33},"end":{"line":91,"column":null}},"line":6},"1":{"name":"(anonymous_1)","decl":{"start":{"line":10,"column":41},"end":{"line":10,"column":42}},"loc":{"start":{"line":10,"column":42},"end":{"line":12,"column":5}},"line":10},"2":{"name":"(anonymous_2)","decl":{"start":{"line":15,"column":43},"end":{"line":15,"column":null}},"loc":{"start":{"line":15,"column":43},"end":{"line":34,"column":5}},"line":15},"3":{"name":"(anonymous_3)","decl":{"start":{"line":30,"column":29},"end":{"line":30,"column":30}},"loc":{"start":{"line":30,"column":39},"end":{"line":30,"column":null}},"line":30},"4":{"name":"(anonymous_4)","decl":{"start":{"line":42,"column":85},"end":{"line":42,"column":92}},"loc":{"start":{"line":42,"column":92},"end":{"line":42,"column":131}},"line":42},"5":{"name":"(anonymous_5)","decl":{"start":{"line":43,"column":18},"end":{"line":43,"column":30}},"loc":{"start":{"line":43,"column":30},"end":{"line":43,"column":115}},"line":43},"6":{"name":"(anonymous_6)","decl":{"start":{"line":48,"column":56},"end":{"line":48,"column":null}},"loc":{"start":{"line":48,"column":56},"end":{"line":76,"column":null}},"line":48},"7":{"name":"(anonymous_7)","decl":{"start":{"line":60,"column":34},"end":{"line":60,"column":40}},"loc":{"start":{"line":60,"column":40},"end":{"line":60,"column":null}},"line":60},"8":{"name":"(anonymous_8)","decl":{"start":{"line":68,"column":35},"end":{"line":68,"column":36}},"loc":{"start":{"line":68,"column":36},"end":{"line":70,"column":null}},"line":68},"9":{"name":"(anonymous_9)","decl":{"start":{"line":81,"column":46},"end":{"line":81,"column":53}},"loc":{"start":{"line":81,"column":53},"end":{"line":81,"column":78}},"line":81}},"branchMap":{"0":{"loc":{"start":{"line":21,"column":23},"end":{"line":21,"column":null}},"type":"binary-expr","locations":[{"start":{"line":21,"column":23},"end":{"line":21,"column":39}},{"start":{"line":21,"column":43},"end":{"line":21,"column":null}}],"line":21},"1":{"loc":{"start":{"line":22,"column":6},"end":{"line":24,"column":null}},"type":"if","locations":[{"start":{"line":22,"column":6},"end":{"line":24,"column":null}},{"start":{},"end":{}}],"line":22},"2":{"loc":{"start":{"line":43,"column":30},"end":{"line":43,"column":115}},"type":"binary-expr","locations":[{"start":{"line":43,"column":30},"end":{"line":43,"column":64}},{"start":{"line":43,"column":68},"end":{"line":43,"column":115}}],"line":43},"3":{"loc":{"start":{"line":50,"column":35},"end":{"line":50,"column":null}},"type":"cond-expr","locations":[{"start":{"line":50,"column":67},"end":{"line":50,"column":114}},{"start":{"line":50,"column":117},"end":{"line":50,"column":null}}],"line":50}},"s":{"0":0,"1":0,"2":0,"3":0,"4":0,"5":0,"6":0,"7":0,"8":0,"9":0,"10":0,"11":0,"12":0,"13":0,"14":0,"15":0,"16":0,"17":0,"18":0,"19":0,"20":0,"21":0,"22":0},"f":{"0":0,"1":0,"2":0,"3":0,"4":0,"5":0,"6":0,"7":0,"8":0,"9":0},"b":{"0":[0,0],"1":[0,0],"2":[0,0],"3":[0,0]},"meta":{"lastBranch":4,"lastFunction":10,"lastStatement":23,"seen":{"s:6:33:91:Infinity":0,"f:6:33:6:Infinity":0,"s:7:63:7:Infinity":1,"s:10:8:12:Infinity":2,"f:10:41:10:42":1,"s:11:4:11:Infinity":3,"s:15:8:34:10":4,"f:15:43:15:Infinity":2,"s:16:73:16:Infinity":5,"s:19:4:26:Infinity":6,"s:20:22:20:53":7,"s:21:23:21:Infinity":8,"b:21:23:21:39:21:43:21:Infinity":0,"b:22:6:24:Infinity:undefined:undefined:undefined:undefined":1,"s:22:6:24:Infinity":9,"s:23:8:23:Infinity":10,"s:25:6:25:Infinity":11,"s:29:4:31:Infinity":12,"s:30:6:30:Infinity":13,"f:30:29:30:30":3,"s:30:39:30:Infinity":14,"s:33:4:33:Infinity":15,"f:42:85:42:92":4,"s:42:92:42:131":16,"f:43:18:43:30":5,"s:43:30:43:115":17,"b:43:30:43:64:43:68:43:115":2,"f:48:56:48:Infinity":6,"s:49:40:49:71":18,"s:50:35:50:Infinity":19,"b:50:67:50:114:50:117:50:Infinity":3,"f:60:34:60:40":7,"s:60:40:60:Infinity":20,"f:68:35:68:36":8,"s:69:29:69:Infinity":21,"f:81:46:81:53":9,"s:81:53:81:78":22}}}
,"/Users/chris.majorossy/Projects/FarrmFinder/phreshfoods.com/src/components/Header/Header.tsx": {"path":"/Users/chris.majorossy/Projects/FarrmFinder/phreshfoods.com/src/components/Header/Header.tsx","statementMap":{"0":{"start":{"line":19,"column":25},"end":{"line":310,"column":null}},"1":{"start":{"line":20,"column":8},"end":{"line":20,"column":null}},"2":{"start":{"line":21,"column":8},"end":{"line":21,"column":null}},"3":{"start":{"line":22,"column":35},"end":{"line":22,"column":null}},"4":{"start":{"line":23,"column":8},"end":{"line":23,"column":34}},"5":{"start":{"line":25,"column":51},"end":{"line":25,"column":null}},"6":{"start":{"line":26,"column":8},"end":{"line":26,"column":58}},"7":{"start":{"line":29,"column":37},"end":{"line":29,"column":null}},"8":{"start":{"line":31,"column":8},"end":{"line":31,"column":null}},"9":{"start":{"line":44,"column":3},"end":{"line":44,"column":null}},"10":{"start":{"line":49,"column":3},"end":{"line":49,"column":null}},"11":{"start":{"line":52,"column":2},"end":{"line":54,"column":10}},"12":{"start":{"line":53,"column":4},"end":{"line":53,"column":null}},"13":{"start":{"line":57,"column":2},"end":{"line":61,"column":null}},"14":{"start":{"line":58,"column":4},"end":{"line":60,"column":null}},"15":{"start":{"line":59,"column":6},"end":{"line":59,"column":null}},"16":{"start":{"line":65,"column":2},"end":{"line":78,"column":null}},"17":{"start":{"line":67,"column":4},"end":{"line":77,"column":null}},"18":{"start":{"line":68,"column":6},"end":{"line":68,"column":null}},"19":{"start":{"line":71,"column":9},"end":{"line":77,"column":null}},"20":{"start":{"line":72,"column":6},"end":{"line":72,"column":null}},"21":{"start":{"line":75,"column":9},"end":{"line":77,"column":null}},"22":{"start":{"line":76,"column":6},"end":{"line":76,"column":null}},"23":{"start":{"line":81,"column":2},"end":{"line":169,"column":null}},"24":{"start":{"line":83,"column":4},"end":{"line":86,"column":null}},"25":{"start":{"line":84,"column":6},"end":{"line":84,"column":null}},"26":{"start":{"line":85,"column":6},"end":{"line":85,"column":null}},"27":{"start":{"line":89,"column":4},"end":{"line":91,"column":null}},"28":{"start":{"line":90,"column":6},"end":{"line":90,"column":null}},"29":{"start":{"line":94,"column":4},"end":{"line":96,"column":null}},"30":{"start":{"line":95,"column":6},"end":{"line":95,"column":null}},"31":{"start":{"line":98,"column":72},"end":{"line":102,"column":null}},"32":{"start":{"line":103,"column":4},"end":{"line":110,"column":null}},"33":{"start":{"line":104,"column":23},"end":{"line":106,"column":null}},"34":{"start":{"line":108,"column":8},"end":{"line":108,"column":null}},"35":{"start":{"line":109,"column":8},"end":{"line":109,"column":null}},"36":{"start":{"line":112,"column":4},"end":{"line":145,"column":null}},"37":{"start":{"line":113,"column":27},"end":{"line":113,"column":null}},"38":{"start":{"line":114,"column":6},"end":{"line":114,"column":null}},"39":{"start":{"line":116,"column":6},"end":{"line":142,"column":null}},"40":{"start":{"line":117,"column":28},"end":{"line":117,"column":null}},"41":{"start":{"line":118,"column":8},"end":{"line":141,"column":null}},"42":{"start":{"line":119,"column":50},"end":{"line":127,"column":null}},"43":{"start":{"line":128,"column":23},"end":{"line":128,"column":null}},"44":{"start":{"line":129,"column":10},"end":{"line":129,"column":null}},"45":{"start":{"line":130,"column":10},"end":{"line":130,"column":null}},"46":{"start":{"line":131,"column":10},"end":{"line":131,"column":null}},"47":{"start":{"line":132,"column":10},"end":{"line":132,"column":null}},"48":{"start":{"line":135,"column":10},"end":{"line":135,"column":null}},"49":{"start":{"line":136,"column":10},"end":{"line":136,"column":null}},"50":{"start":{"line":138,"column":34},"end":{"line":138,"column":null}},"51":{"start":{"line":139,"column":10},"end":{"line":139,"column":null}},"52":{"start":{"line":140,"column":10},"end":{"line":140,"column":null}},"53":{"start":{"line":144,"column":6},"end":{"line":144,"column":null}},"54":{"start":{"line":147,"column":4},"end":{"line":168,"column":null}},"55":{"start":{"line":148,"column":8},"end":{"line":167,"column":null}},"56":{"start":{"line":149,"column":12},"end":{"line":153,"column":null}},"57":{"start":{"line":150,"column":14},"end":{"line":150,"column":null}},"58":{"start":{"line":155,"column":34},"end":{"line":155,"column":null}},"59":{"start":{"line":156,"column":12},"end":{"line":165,"column":null}},"60":{"start":{"line":156,"column":25},"end":{"line":156,"column":51}},"61":{"start":{"line":157,"column":34},"end":{"line":157,"column":50}},"62":{"start":{"line":158,"column":16},"end":{"line":164,"column":null}},"63":{"start":{"line":159,"column":18},"end":{"line":163,"column":null}},"64":{"start":{"line":160,"column":20},"end":{"line":160,"column":null}},"65":{"start":{"line":166,"column":12},"end":{"line":166,"column":null}},"66":{"start":{"line":172,"column":2},"end":{"line":189,"column":null}},"67":{"start":{"line":173,"column":31},"end":{"line":182,"column":null}},"68":{"start":{"line":174,"column":6},"end":{"line":181,"column":null}},"69":{"start":{"line":176,"column":29},"end":{"line":176,"column":null}},"70":{"start":{"line":177,"column":8},"end":{"line":179,"column":null}},"71":{"start":{"line":178,"column":12},"end":{"line":178,"column":null}},"72":{"start":{"line":180,"column":8},"end":{"line":180,"column":null}},"73":{"start":{"line":183,"column":4},"end":{"line":185,"column":null}},"74":{"start":{"line":184,"column":8},"end":{"line":184,"column":null}},"75":{"start":{"line":186,"column":4},"end":{"line":188,"column":null}},"76":{"start":{"line":187,"column":8},"end":{"line":187,"column":null}},"77":{"start":{"line":191,"column":8},"end":{"line":193,"column":null}},"78":{"start":{"line":192,"column":4},"end":{"line":192,"column":null}},"79":{"start":{"line":195,"column":8},"end":{"line":197,"column":null}},"80":{"start":{"line":199,"column":8},"end":{"line":201,"column":null}},"81":{"start":{"line":203,"column":8},"end":{"line":223,"column":null}},"82":{"start":{"line":204,"column":4},"end":{"line":204,"column":null}},"83":{"start":{"line":205,"column":4},"end":{"line":205,"column":null}},"84":{"start":{"line":208,"column":45},"end":{"line":218,"column":null}},"85":{"start":{"line":220,"column":4},"end":{"line":220,"column":null}},"86":{"start":{"line":221,"column":4},"end":{"line":221,"column":null}},"87":{"start":{"line":222,"column":4},"end":{"line":222,"column":null}},"88":{"start":{"line":266,"column":33},"end":{"line":266,"column":null}},"89":{"start":{"line":283,"column":31},"end":{"line":283,"column":null}},"90":{"start":{"line":283,"column":61},"end":{"line":283,"column":null}},"91":{"start":{"line":299,"column":34},"end":{"line":299,"column":null}}},"fnMap":{"0":{"name":"(anonymous_0)","decl":{"start":{"line":19,"column":25},"end":{"line":19,"column":null}},"loc":{"start":{"line":19,"column":25},"end":{"line":310,"column":null}},"line":19},"1":{"name":"(anonymous_1)","decl":{"start":{"line":52,"column":12},"end":{"line":52,"column":null}},"loc":{"start":{"line":52,"column":12},"end":{"line":54,"column":5}},"line":52},"2":{"name":"(anonymous_2)","decl":{"start":{"line":57,"column":12},"end":{"line":57,"column":null}},"loc":{"start":{"line":57,"column":12},"end":{"line":61,"column":5}},"line":57},"3":{"name":"(anonymous_3)","decl":{"start":{"line":65,"column":12},"end":{"line":65,"column":null}},"loc":{"start":{"line":65,"column":12},"end":{"line":78,"column":5}},"line":65},"4":{"name":"(anonymous_4)","decl":{"start":{"line":81,"column":12},"end":{"line":81,"column":null}},"loc":{"start":{"line":81,"column":12},"end":{"line":169,"column":5}},"line":81},"5":{"name":"(anonymous_5)","decl":{"start":{"line":116,"column":48},"end":{"line":116,"column":null}},"loc":{"start":{"line":116,"column":48},"end":{"line":142,"column":null}},"line":116},"6":{"name":"(anonymous_6)","decl":{"start":{"line":147,"column":11},"end":{"line":147,"column":null}},"loc":{"start":{"line":147,"column":11},"end":{"line":168,"column":null}},"line":147},"7":{"name":"(anonymous_7)","decl":{"start":{"line":172,"column":12},"end":{"line":172,"column":null}},"loc":{"start":{"line":172,"column":12},"end":{"line":189,"column":5}},"line":172},"8":{"name":"(anonymous_8)","decl":{"start":{"line":173,"column":31},"end":{"line":173,"column":32}},"loc":{"start":{"line":173,"column":32},"end":{"line":182,"column":null}},"line":173},"9":{"name":"(anonymous_9)","decl":{"start":{"line":186,"column":11},"end":{"line":186,"column":null}},"loc":{"start":{"line":186,"column":11},"end":{"line":188,"column":null}},"line":186},"10":{"name":"(anonymous_10)","decl":{"start":{"line":191,"column":40},"end":{"line":191,"column":41}},"loc":{"start":{"line":191,"column":41},"end":{"line":193,"column":5}},"line":191},"11":{"name":"(anonymous_11)","decl":{"start":{"line":195,"column":38},"end":{"line":195,"column":null}},"loc":{"start":{"line":195,"column":38},"end":{"line":197,"column":5}},"line":195},"12":{"name":"(anonymous_12)","decl":{"start":{"line":199,"column":41},"end":{"line":199,"column":42}},"loc":{"start":{"line":199,"column":42},"end":{"line":201,"column":5}},"line":199},"13":{"name":"(anonymous_13)","decl":{"start":{"line":203,"column":39},"end":{"line":203,"column":null}},"loc":{"start":{"line":203,"column":39},"end":{"line":223,"column":5}},"line":203},"14":{"name":"(anonymous_14)","decl":{"start":{"line":266,"column":26},"end":{"line":266,"column":27}},"loc":{"start":{"line":266,"column":33},"end":{"line":266,"column":null}},"line":266},"15":{"name":"(anonymous_15)","decl":{"start":{"line":283,"column":25},"end":{"line":283,"column":31}},"loc":{"start":{"line":283,"column":31},"end":{"line":283,"column":null}},"line":283},"16":{"name":"(anonymous_16)","decl":{"start":{"line":283,"column":53},"end":{"line":283,"column":61}},"loc":{"start":{"line":283,"column":61},"end":{"line":283,"column":null}},"line":283},"17":{"name":"(anonymous_17)","decl":{"start":{"line":299,"column":27},"end":{"line":299,"column":28}},"loc":{"start":{"line":299,"column":34},"end":{"line":299,"column":null}},"line":299}},"branchMap":{"0":{"loc":{"start":{"line":58,"column":4},"end":{"line":60,"column":null}},"type":"if","locations":[{"start":{"line":58,"column":4},"end":{"line":60,"column":null}},{"start":{},"end":{}}],"line":58},"1":{"loc":{"start":{"line":58,"column":8},"end":{"line":58,"column":63}},"type":"binary-expr","locations":[{"start":{"line":58,"column":8},"end":{"line":58,"column":28}},{"start":{"line":58,"column":28},"end":{"line":58,"column":63}}],"line":58},"2":{"loc":{"start":{"line":67,"column":4},"end":{"line":77,"column":null}},"type":"if","locations":[{"start":{"line":67,"column":4},"end":{"line":77,"column":null}},{"start":{"line":71,"column":9},"end":{"line":77,"column":null}}],"line":67},"3":{"loc":{"start":{"line":71,"column":9},"end":{"line":77,"column":null}},"type":"if","locations":[{"start":{"line":71,"column":9},"end":{"line":77,"column":null}},{"start":{"line":75,"column":9},"end":{"line":77,"column":null}}],"line":71},"4":{"loc":{"start":{"line":75,"column":9},"end":{"line":77,"column":null}},"type":"if","locations":[{"start":{"line":75,"column":9},"end":{"line":77,"column":null}},{"start":{},"end":{}}],"line":75},"5":{"loc":{"start":{"line":83,"column":4},"end":{"line":86,"column":null}},"type":"if","locations":[{"start":{"line":83,"column":4},"end":{"line":86,"column":null}},{"start":{},"end":{}}],"line":83},"6":{"loc":{"start":{"line":89,"column":4},"end":{"line":91,"column":null}},"type":"if","locations":[{"start":{"line":89,"column":4},"end":{"line":91,"column":null}},{"start":{},"end":{}}],"line":89},"7":{"loc":{"start":{"line":89,"column":8},"end":{"line":89,"column":88}},"type":"binary-expr","locations":[{"start":{"line":89,"column":8},"end":{"line":89,"column":25}},{"start":{"line":89,"column":25},"end":{"line":89,"column":54}},{"start":{"line":89,"column":58},"end":{"line":89,"column":88}}],"line":89},"8":{"loc":{"start":{"line":94,"column":4},"end":{"line":96,"column":null}},"type":"if","locations":[{"start":{"line":94,"column":4},"end":{"line":96,"column":null}},{"start":{},"end":{}}],"line":94},"9":{"loc":{"start":{"line":103,"column":4},"end":{"line":110,"column":null}},"type":"if","locations":[{"start":{"line":103,"column":4},"end":{"line":110,"column":null}},{"start":{},"end":{}}],"line":103},"10":{"loc":{"start":{"line":118,"column":8},"end":{"line":141,"column":null}},"type":"if","locations":[{"start":{"line":118,"column":8},"end":{"line":141,"column":null}},{"start":{"line":137,"column":15},"end":{"line":141,"column":null}}],"line":118},"11":{"loc":{"start":{"line":118,"column":12},"end":{"line":118,"column":65}},"type":"binary-expr","locations":[{"start":{"line":118,"column":12},"end":{"line":118,"column":32}},{"start":{"line":118,"column":36},"end":{"line":118,"column":65}}],"line":118},"12":{"loc":{"start":{"line":128,"column":23},"end":{"line":128,"column":null}},"type":"binary-expr","locations":[{"start":{"line":128,"column":23},"end":{"line":128,"column":52}},{"start":{"line":128,"column":56},"end":{"line":128,"column":72}},{"start":{"line":128,"column":76},"end":{"line":128,"column":null}}],"line":128},"13":{"loc":{"start":{"line":138,"column":34},"end":{"line":138,"column":null}},"type":"binary-expr","locations":[{"start":{"line":138,"column":34},"end":{"line":138,"column":73}},{"start":{"line":138,"column":73},"end":{"line":138,"column":null}}],"line":138},"14":{"loc":{"start":{"line":148,"column":8},"end":{"line":167,"column":null}},"type":"if","locations":[{"start":{"line":148,"column":8},"end":{"line":167,"column":null}},{"start":{},"end":{}}],"line":148},"15":{"loc":{"start":{"line":158,"column":16},"end":{"line":164,"column":null}},"type":"if","locations":[{"start":{"line":158,"column":16},"end":{"line":164,"column":null}},{"start":{},"end":{}}],"line":158},"16":{"loc":{"start":{"line":174,"column":6},"end":{"line":181,"column":null}},"type":"if","locations":[{"start":{"line":174,"column":6},"end":{"line":181,"column":null}},{"start":{},"end":{}}],"line":174},"17":{"loc":{"start":{"line":174,"column":10},"end":{"line":174,"column":98}},"type":"binary-expr","locations":[{"start":{"line":174,"column":10},"end":{"line":174,"column":35}},{"start":{"line":174,"column":39},"end":{"line":174,"column":98}}],"line":174},"18":{"loc":{"start":{"line":177,"column":8},"end":{"line":179,"column":null}},"type":"if","locations":[{"start":{"line":177,"column":8},"end":{"line":179,"column":null}},{"start":{},"end":{}}],"line":177},"19":{"loc":{"start":{"line":177,"column":12},"end":{"line":177,"column":73}},"type":"binary-expr","locations":[{"start":{"line":177,"column":12},"end":{"line":177,"column":28}},{"start":{"line":177,"column":28},"end":{"line":177,"column":73}}],"line":177},"20":{"loc":{"start":{"line":183,"column":4},"end":{"line":185,"column":null}},"type":"if","locations":[{"start":{"line":183,"column":4},"end":{"line":185,"column":null}},{"start":{},"end":{}}],"line":183},"21":{"loc":{"start":{"line":287,"column":47},"end":{"line":287,"column":94}},"type":"cond-expr","locations":[{"start":{"line":287,"column":68},"end":{"line":287,"column":81}},{"start":{"line":287,"column":81},"end":{"line":287,"column":94}}],"line":287}},"s":{"0":0,"1":0,"2":0,"3":0,"4":0,"5":0,"6":0,"7":0,"8":0,"9":0,"10":0,"11":0,"12":0,"13":0,"14":0,"15":0,"16":0,"17":0,"18":0,"19":0,"20":0,"21":0,"22":0,"23":0,"24":0,"25":0,"26":0,"27":0,"28":0,"29":0,"30":0,"31":0,"32":0,"33":0,"34":0,"35":0,"36":0,"37":0,"38":0,"39":0,"40":0,"41":0,"42":0,"43":0,"44":0,"45":0,"46":0,"47":0,"48":0,"49":0,"50":0,"51":0,"52":0,"53":0,"54":0,"55":0,"56":0,"57":0,"58":0,"59":0,"60":0,"61":0,"62":0,"63":0,"64":0,"65":0,"66":0,"67":0,"68":0,"69":0,"70":0,"71":0,"72":0,"73":0,"74":0,"75":0,"76":0,"77":0,"78":0,"79":0,"80":0,"81":0,"82":0,"83":0,"84":0,"85":0,"86":0,"87":0,"88":0,"89":0,"90":0,"91":0},"f":{"0":0,"1":0,"2":0,"3":0,"4":0,"5":0,"6":0,"7":0,"8":0,"9":0,"10":0,"11":0,"12":0,"13":0,"14":0,"15":0,"16":0,"17":0},"b":{"0":[0,0],"1":[0,0],"2":[0,0],"3":[0,0],"4":[0,0],"5":[0,0],"6":[0,0],"7":[0,0,0],"8":[0,0],"9":[0,0],"10":[0,0],"11":[0,0],"12":[0,0,0],"13":[0,0],"14":[0,0],"15":[0,0],"16":[0,0],"17":[0,0],"18":[0,0],"19":[0,0],"20":[0,0],"21":[0,0]},"meta":{"lastBranch":22,"lastFunction":18,"lastStatement":92,"seen":{"s:19:25:310:Infinity":0,"f:19:25:19:Infinity":0,"s:20:8:20:Infinity":1,"s:21:8:21:Infinity":2,"s:22:35:22:Infinity":3,"s:23:8:23:34":4,"s:25:51:25:Infinity":5,"s:26:8:26:58":6,"s:29:37:29:Infinity":7,"s:31:8:31:Infinity":8,"s:44:3:44:Infinity":9,"s:49:3:49:Infinity":10,"s:52:2:54:10":11,"f:52:12:52:Infinity":1,"s:53:4:53:Infinity":12,"s:57:2:61:Infinity":13,"f:57:12:57:Infinity":2,"b:58:4:60:Infinity:undefined:undefined:undefined:undefined":0,"s:58:4:60:Infinity":14,"b:58:8:58:28:58:28:58:63":1,"s:59:6:59:Infinity":15,"s:65:2:78:Infinity":16,"f:65:12:65:Infinity":3,"b:67:4:77:Infinity:71:9:77:Infinity":2,"s:67:4:77:Infinity":17,"s:68:6:68:Infinity":18,"b:71:9:77:Infinity:75:9:77:Infinity":3,"s:71:9:77:Infinity":19,"s:72:6:72:Infinity":20,"b:75:9:77:Infinity:undefined:undefined:undefined:undefined":4,"s:75:9:77:Infinity":21,"s:76:6:76:Infinity":22,"s:81:2:169:Infinity":23,"f:81:12:81:Infinity":4,"b:83:4:86:Infinity:undefined:undefined:undefined:undefined":5,"s:83:4:86:Infinity":24,"s:84:6:84:Infinity":25,"s:85:6:85:Infinity":26,"b:89:4:91:Infinity:undefined:undefined:undefined:undefined":6,"s:89:4:91:Infinity":27,"b:89:8:89:25:89:25:89:54:89:58:89:88":7,"s:90:6:90:Infinity":28,"b:94:4:96:Infinity:undefined:undefined:undefined:undefined":8,"s:94:4:96:Infinity":29,"s:95:6:95:Infinity":30,"s:98:72:102:Infinity":31,"b:103:4:110:Infinity:undefined:undefined:undefined:undefined":9,"s:103:4:110:Infinity":32,"s:104:23:106:Infinity":33,"s:108:8:108:Infinity":34,"s:109:8:109:Infinity":35,"s:112:4:145:Infinity":36,"s:113:27:113:Infinity":37,"s:114:6:114:Infinity":38,"s:116:6:142:Infinity":39,"f:116:48:116:Infinity":5,"s:117:28:117:Infinity":40,"b:118:8:141:Infinity:137:15:141:Infinity":10,"s:118:8:141:Infinity":41,"b:118:12:118:32:118:36:118:65":11,"s:119:50:127:Infinity":42,"s:128:23:128:Infinity":43,"b:128:23:128:52:128:56:128:72:128:76:128:Infinity":12,"s:129:10:129:Infinity":44,"s:130:10:130:Infinity":45,"s:131:10:131:Infinity":46,"s:132:10:132:Infinity":47,"s:135:10:135:Infinity":48,"s:136:10:136:Infinity":49,"s:138:34:138:Infinity":50,"b:138:34:138:73:138:73:138:Infinity":13,"s:139:10:139:Infinity":51,"s:140:10:140:Infinity":52,"s:144:6:144:Infinity":53,"s:147:4:168:Infinity":54,"f:147:11:147:Infinity":6,"b:148:8:167:Infinity:undefined:undefined:undefined:undefined":14,"s:148:8:167:Infinity":55,"s:149:12:153:Infinity":56,"s:150:14:150:Infinity":57,"s:155:34:155:Infinity":58,"s:156:12:165:Infinity":59,"s:156:25:156:51":60,"s:157:34:157:50":61,"b:158:16:164:Infinity:undefined:undefined:undefined:undefined":15,"s:158:16:164:Infinity":62,"s:159:18:163:Infinity":63,"s:160:20:160:Infinity":64,"s:166:12:166:Infinity":65,"s:172:2:189:Infinity":66,"f:172:12:172:Infinity":7,"s:173:31:182:Infinity":67,"f:173:31:173:32":8,"b:174:6:181:Infinity:undefined:undefined:undefined:undefined":16,"s:174:6:181:Infinity":68,"b:174:10:174:35:174:39:174:98":17,"s:176:29:176:Infinity":69,"b:177:8:179:Infinity:undefined:undefined:undefined:undefined":18,"s:177:8:179:Infinity":70,"b:177:12:177:28:177:28:177:73":19,"s:178:12:178:Infinity":71,"s:180:8:180:Infinity":72,"b:183:4:185:Infinity:undefined:undefined:undefined:undefined":20,"s:183:4:185:Infinity":73,"s:184:8:184:Infinity":74,"s:186:4:188:Infinity":75,"f:186:11:186:Infinity":9,"s:187:8:187:Infinity":76,"s:191:8:193:Infinity":77,"f:191:40:191:41":10,"s:192:4:192:Infinity":78,"s:195:8:197:Infinity":79,"f:195:38:195:Infinity":11,"s:199:8:201:Infinity":80,"f:199:41:199:42":12,"s:203:8:223:Infinity":81,"f:203:39:203:Infinity":13,"s:204:4:204:Infinity":82,"s:205:4:205:Infinity":83,"s:208:45:218:Infinity":84,"s:220:4:220:Infinity":85,"s:221:4:221:Infinity":86,"s:222:4:222:Infinity":87,"f:266:26:266:27":14,"s:266:33:266:Infinity":88,"f:283:25:283:31":15,"s:283:31:283:Infinity":89,"f:283:53:283:61":16,"s:283:61:283:Infinity":90,"b:287:68:287:81:287:81:287:94":21,"f:299:27:299:28":17,"s:299:34:299:Infinity":91}}}
,"/Users/chris.majorossy/Projects/FarrmFinder/phreshfoods.com/src/components/Listings/ListingsPanel.tsx": {"path":"/Users/chris.majorossy/Projects/FarrmFinder/phreshfoods.com/src/components/Listings/ListingsPanel.tsx","statementMap":{"0":{"start":{"line":9,"column":22},"end":{"line":9,"column":26}},"1":{"start":{"line":10,"column":28},"end":{"line":10,"column":33}},"2":{"start":{"line":12,"column":22},"end":{"line":145,"column":null}},"3":{"start":{"line":13,"column":109},"end":{"line":13,"column":null}},"4":{"start":{"line":14,"column":35},"end":{"line":14,"column":null}},"5":{"start":{"line":15,"column":39},"end":{"line":15,"column":null}},"6":{"start":{"line":16,"column":8},"end":{"line":16,"column":null}},"7":{"start":{"line":19,"column":8},"end":{"line":19,"column":null}},"8":{"start":{"line":23,"column":2},"end":{"line":32,"column":null}},"9":{"start":{"line":24,"column":25},"end":{"line":24,"column":55}},"10":{"start":{"line":25,"column":22},"end":{"line":25,"column":46}},"11":{"start":{"line":28,"column":4},"end":{"line":31,"column":null}},"12":{"start":{"line":29,"column":6},"end":{"line":29,"column":62}},"13":{"start":{"line":30,"column":6},"end":{"line":30,"column":null}},"14":{"start":{"line":35,"column":8},"end":{"line":45,"column":null}},"15":{"start":{"line":36,"column":4},"end":{"line":36,"column":null}},"16":{"start":{"line":36,"column":55},"end":{"line":36,"column":null}},"17":{"start":{"line":38,"column":54},"end":{"line":38,"column":70}},"18":{"start":{"line":39,"column":25},"end":{"line":39,"column":null}},"19":{"start":{"line":42,"column":4},"end":{"line":44,"column":null}},"20":{"start":{"line":43,"column":6},"end":{"line":43,"column":null}},"21":{"start":{"line":43,"column":30},"end":{"line":43,"column":null}},"22":{"start":{"line":48,"column":2},"end":{"line":73,"column":null}},"23":{"start":{"line":49,"column":18},"end":{"line":49,"column":34}},"24":{"start":{"line":50,"column":4},"end":{"line":50,"column":null}},"25":{"start":{"line":50,"column":16},"end":{"line":50,"column":null}},"26":{"start":{"line":52,"column":33},"end":{"line":52,"column":null}},"27":{"start":{"line":53,"column":22},"end":{"line":53,"column":null}},"28":{"start":{"line":55,"column":21},"end":{"line":64,"column":null}},"29":{"start":{"line":57,"column":6},"end":{"line":57,"column":null}},"30":{"start":{"line":57,"column":23},"end":{"line":57,"column":null}},"31":{"start":{"line":59,"column":6},"end":{"line":59,"column":null}},"32":{"start":{"line":60,"column":6},"end":{"line":63,"column":null}},"33":{"start":{"line":61,"column":8},"end":{"line":61,"column":null}},"34":{"start":{"line":62,"column":8},"end":{"line":62,"column":null}},"35":{"start":{"line":66,"column":4},"end":{"line":66,"column":null}},"36":{"start":{"line":67,"column":4},"end":{"line":72,"column":null}},"37":{"start":{"line":68,"column":6},"end":{"line":68,"column":null}},"38":{"start":{"line":69,"column":6},"end":{"line":71,"column":null}},"39":{"start":{"line":70,"column":8},"end":{"line":70,"column":null}},"40":{"start":{"line":76,"column":8},"end":{"line":78,"column":null}},"41":{"start":{"line":77,"column":4},"end":{"line":77,"column":null}},"42":{"start":{"line":81,"column":2},"end":{"line":92,"column":null}},"43":{"start":{"line":95,"column":2},"end":{"line":115,"column":null}},"44":{"start":{"line":118,"column":23},"end":{"line":118,"column":null}},"45":{"start":{"line":119,"column":18},"end":{"line":119,"column":63}}},"fnMap":{"0":{"name":"(anonymous_0)","decl":{"start":{"line":12,"column":22},"end":{"line":12,"column":null}},"loc":{"start":{"line":12,"column":22},"end":{"line":145,"column":null}},"line":12},"1":{"name":"(anonymous_1)","decl":{"start":{"line":23,"column":12},"end":{"line":23,"column":null}},"loc":{"start":{"line":23,"column":12},"end":{"line":32,"column":5}},"line":23},"2":{"name":"(anonymous_2)","decl":{"start":{"line":35,"column":35},"end":{"line":35,"column":null}},"loc":{"start":{"line":35,"column":35},"end":{"line":45,"column":5}},"line":35},"3":{"name":"(anonymous_3)","decl":{"start":{"line":43,"column":22},"end":{"line":43,"column":30}},"loc":{"start":{"line":43,"column":30},"end":{"line":43,"column":null}},"line":43},"4":{"name":"(anonymous_4)","decl":{"start":{"line":48,"column":12},"end":{"line":48,"column":null}},"loc":{"start":{"line":48,"column":12},"end":{"line":73,"column":5}},"line":48},"5":{"name":"(anonymous_5)","decl":{"start":{"line":55,"column":21},"end":{"line":55,"column":null}},"loc":{"start":{"line":55,"column":21},"end":{"line":64,"column":null}},"line":55},"6":{"name":"(anonymous_6)","decl":{"start":{"line":60,"column":38},"end":{"line":60,"column":null}},"loc":{"start":{"line":60,"column":38},"end":{"line":63,"column":null}},"line":60},"7":{"name":"(anonymous_7)","decl":{"start":{"line":67,"column":11},"end":{"line":67,"column":null}},"loc":{"start":{"line":67,"column":11},"end":{"line":72,"column":null}},"line":67},"8":{"name":"(anonymous_8)","decl":{"start":{"line":76,"column":41},"end":{"line":76,"column":null}},"loc":{"start":{"line":76,"column":41},"end":{"line":78,"column":5}},"line":76}},"branchMap":{"0":{"loc":{"start":{"line":28,"column":4},"end":{"line":31,"column":null}},"type":"if","locations":[{"start":{"line":28,"column":4},"end":{"line":31,"column":null}},{"start":{},"end":{}}],"line":28},"1":{"loc":{"start":{"line":28,"column":8},"end":{"line":28,"column":67}},"type":"binary-expr","locations":[{"start":{"line":28,"column":8},"end":{"line":28,"column":27}},{"start":{"line":28,"column":27},"end":{"line":28,"column":67}}],"line":28},"2":{"loc":{"start":{"line":36,"column":4},"end":{"line":36,"column":null}},"type":"if","locations":[{"start":{"line":36,"column":4},"end":{"line":36,"column":null}},{"start":{},"end":{}}],"line":36},"3":{"loc":{"start":{"line":36,"column":8},"end":{"line":36,"column":55}},"type":"binary-expr","locations":[{"start":{"line":36,"column":8},"end":{"line":36,"column":25}},{"start":{"line":36,"column":29},"end":{"line":36,"column":55}}],"line":36},"4":{"loc":{"start":{"line":42,"column":4},"end":{"line":44,"column":null}},"type":"if","locations":[{"start":{"line":42,"column":4},"end":{"line":44,"column":null}},{"start":{},"end":{}}],"line":42},"5":{"loc":{"start":{"line":42,"column":8},"end":{"line":42,"column":91}},"type":"binary-expr","locations":[{"start":{"line":42,"column":8},"end":{"line":42,"column":46}},{"start":{"line":42,"column":46},"end":{"line":42,"column":91}}],"line":42},"6":{"loc":{"start":{"line":50,"column":4},"end":{"line":50,"column":null}},"type":"if","locations":[{"start":{"line":50,"column":4},"end":{"line":50,"column":null}},{"start":{},"end":{}}],"line":50},"7":{"loc":{"start":{"line":57,"column":6},"end":{"line":57,"column":null}},"type":"if","locations":[{"start":{"line":57,"column":6},"end":{"line":57,"column":null}},{"start":{},"end":{}}],"line":57},"8":{"loc":{"start":{"line":69,"column":6},"end":{"line":71,"column":null}},"type":"if","locations":[{"start":{"line":69,"column":6},"end":{"line":71,"column":null}},{"start":{},"end":{}}],"line":69},"9":{"loc":{"start":{"line":81,"column":2},"end":{"line":92,"column":null}},"type":"if","locations":[{"start":{"line":81,"column":2},"end":{"line":92,"column":null}},{"start":{},"end":{}}],"line":81},"10":{"loc":{"start":{"line":95,"column":2},"end":{"line":115,"column":null}},"type":"if","locations":[{"start":{"line":95,"column":2},"end":{"line":115,"column":null}},{"start":{},"end":{}}],"line":95},"11":{"loc":{"start":{"line":95,"column":6},"end":{"line":95,"column":53}},"type":"binary-expr","locations":[{"start":{"line":95,"column":6},"end":{"line":95,"column":25}},{"start":{"line":95,"column":25},"end":{"line":95,"column":53}}],"line":95},"12":{"loc":{"start":{"line":131,"column":29},"end":{"line":131,"column":75}},"type":"binary-expr","locations":[{"start":{"line":131,"column":29},"end":{"line":131,"column":38}},{"start":{"line":131,"column":42},"end":{"line":131,"column":62}},{"start":{"line":131,"column":66},"end":{"line":131,"column":75}}],"line":131}},"s":{"0":0,"1":0,"2":0,"3":0,"4":0,"5":0,"6":0,"7":0,"8":0,"9":0,"10":0,"11":0,"12":0,"13":0,"14":0,"15":0,"16":0,"17":0,"18":0,"19":0,"20":0,"21":0,"22":0,"23":0,"24":0,"25":0,"26":0,"27":0,"28":0,"29":0,"30":0,"31":0,"32":0,"33":0,"34":0,"35":0,"36":0,"37":0,"38":0,"39":0,"40":0,"41":0,"42":0,"43":0,"44":0,"45":0},"f":{"0":0,"1":0,"2":0,"3":0,"4":0,"5":0,"6":0,"7":0,"8":0},"b":{"0":[0,0],"1":[0,0],"2":[0,0],"3":[0,0],"4":[0,0],"5":[0,0],"6":[0,0],"7":[0,0],"8":[0,0],"9":[0,0],"10":[0,0],"11":[0,0],"12":[0,0,0]},"meta":{"lastBranch":13,"lastFunction":9,"lastStatement":46,"seen":{"s:9:22:9:26":0,"s:10:28:10:33":1,"s:12:22:145:Infinity":2,"f:12:22:12:Infinity":0,"s:13:109:13:Infinity":3,"s:14:35:14:Infinity":4,"s:15:39:15:Infinity":5,"s:16:8:16:Infinity":6,"s:19:8:19:Infinity":7,"s:23:2:32:Infinity":8,"f:23:12:23:Infinity":1,"s:24:25:24:55":9,"s:25:22:25:46":10,"b:28:4:31:Infinity:undefined:undefined:undefined:undefined":0,"s:28:4:31:Infinity":11,"b:28:8:28:27:28:27:28:67":1,"s:29:6:29:62":12,"s:30:6:30:Infinity":13,"s:35:8:45:Infinity":14,"f:35:35:35:Infinity":2,"b:36:4:36:Infinity:undefined:undefined:undefined:undefined":2,"s:36:4:36:Infinity":15,"b:36:8:36:25:36:29:36:55":3,"s:36:55:36:Infinity":16,"s:38:54:38:70":17,"s:39:25:39:Infinity":18,"b:42:4:44:Infinity:undefined:undefined:undefined:undefined":4,"s:42:4:44:Infinity":19,"b:42:8:42:46:42:46:42:91":5,"s:43:6:43:Infinity":20,"f:43:22:43:30":3,"s:43:30:43:Infinity":21,"s:48:2:73:Infinity":22,"f:48:12:48:Infinity":4,"s:49:18:49:34":23,"b:50:4:50:Infinity:undefined:undefined:undefined:undefined":6,"s:50:4:50:Infinity":24,"s:50:16:50:Infinity":25,"s:52:33:52:Infinity":26,"s:53:22:53:Infinity":27,"s:55:21:64:Infinity":28,"f:55:21:55:Infinity":5,"b:57:6:57:Infinity:undefined:undefined:undefined:undefined":7,"s:57:6:57:Infinity":29,"s:57:23:57:Infinity":30,"s:59:6:59:Infinity":31,"s:60:6:63:Infinity":32,"f:60:38:60:Infinity":6,"s:61:8:61:Infinity":33,"s:62:8:62:Infinity":34,"s:66:4:66:Infinity":35,"s:67:4:72:Infinity":36,"f:67:11:67:Infinity":7,"s:68:6:68:Infinity":37,"b:69:6:71:Infinity:undefined:undefined:undefined:undefined":8,"s:69:6:71:Infinity":38,"s:70:8:70:Infinity":39,"s:76:8:78:Infinity":40,"f:76:41:76:Infinity":8,"s:77:4:77:Infinity":41,"b:81:2:92:Infinity:undefined:undefined:undefined:undefined":9,"s:81:2:92:Infinity":42,"b:95:2:115:Infinity:undefined:undefined:undefined:undefined":10,"s:95:2:115:Infinity":43,"b:95:6:95:25:95:25:95:53":11,"s:118:23:118:Infinity":44,"s:119:18:119:63":45,"b:131:29:131:38:131:42:131:62:131:66:131:75":12}}}
,"/Users/chris.majorossy/Projects/FarrmFinder/phreshfoods.com/src/components/Listings/ShopCard.tsx": {"path":"/Users/chris.majorossy/Projects/FarrmFinder/phreshfoods.com/src/components/Listings/ShopCard.tsx","statementMap":{"0":{"start":{"line":13,"column":42},"end":{"line":154,"column":null}},"1":{"start":{"line":14,"column":8},"end":{"line":14,"column":null}},"2":{"start":{"line":15,"column":53},"end":{"line":15,"column":65}},"3":{"start":{"line":16,"column":8},"end":{"line":16,"column":null}},"4":{"start":{"line":19,"column":2},"end":{"line":28,"column":null}},"5":{"start":{"line":20,"column":22},"end":{"line":20,"column":110}},"6":{"start":{"line":21,"column":4},"end":{"line":27,"column":null}},"7":{"start":{"line":22,"column":6},"end":{"line":26,"column":null}},"8":{"start":{"line":30,"column":26},"end":{"line":35,"column":null}},"9":{"start":{"line":32,"column":26},"end":{"line":32,"column":117}},"10":{"start":{"line":34,"column":4},"end":{"line":34,"column":null}},"11":{"start":{"line":38,"column":22},"end":{"line":38,"column":null}},"12":{"start":{"line":39,"column":25},"end":{"line":39,"column":null}},"13":{"start":{"line":40,"column":24},"end":{"line":40,"column":104}},"14":{"start":{"line":41,"column":29},"end":{"line":41,"column":null}},"15":{"start":{"line":43,"column":26},"end":{"line":43,"column":null}},"16":{"start":{"line":44,"column":31},"end":{"line":44,"column":110}},"17":{"start":{"line":46,"column":25},"end":{"line":48,"column":null}},"18":{"start":{"line":50,"column":23},"end":{"line":50,"column":null}},"19":{"start":{"line":51,"column":2},"end":{"line":54,"column":null}},"20":{"start":{"line":52,"column":10},"end":{"line":52,"column":null}},"21":{"start":{"line":53,"column":4},"end":{"line":53,"column":52}},"22":{"start":{"line":56,"column":21},"end":{"line":56,"column":111}},"23":{"start":{"line":57,"column":20},"end":{"line":57,"column":108}},"24":{"start":{"line":71,"column":26},"end":{"line":71,"column":null}},"25":{"start":{"line":72,"column":26},"end":{"line":72,"column":null}},"26":{"start":{"line":75,"column":25},"end":{"line":75,"column":null}},"27":{"start":{"line":90,"column":27},"end":{"line":90,"column":35}},"28":{"start":{"line":91,"column":12},"end":{"line":91,"column":null}},"29":{"start":{"line":92,"column":12},"end":{"line":92,"column":null}},"30":{"start":{"line":145,"column":30},"end":{"line":145,"column":51}},"31":{"start":{"line":145,"column":51},"end":{"line":145,"column":69}},"32":{"start":{"line":161,"column":19},"end":{"line":161,"column":33}},"33":{"start":{"line":162,"column":19},"end":{"line":162,"column":33}},"34":{"start":{"line":166,"column":4},"end":{"line":167,"column":57}},"35":{"start":{"line":170,"column":23},"end":{"line":170,"column":62}},"36":{"start":{"line":173,"column":2},"end":{"line":173,"column":null}}},"fnMap":{"0":{"name":"(anonymous_0)","decl":{"start":{"line":13,"column":42},"end":{"line":13,"column":43}},"loc":{"start":{"line":13,"column":51},"end":{"line":154,"column":null}},"line":13},"1":{"name":"(anonymous_1)","decl":{"start":{"line":19,"column":12},"end":{"line":19,"column":null}},"loc":{"start":{"line":19,"column":12},"end":{"line":28,"column":5}},"line":19},"2":{"name":"(anonymous_2)","decl":{"start":{"line":30,"column":26},"end":{"line":30,"column":null}},"loc":{"start":{"line":30,"column":26},"end":{"line":35,"column":null}},"line":30},"3":{"name":"(anonymous_3)","decl":{"start":{"line":71,"column":20},"end":{"line":71,"column":26}},"loc":{"start":{"line":71,"column":26},"end":{"line":71,"column":null}},"line":71},"4":{"name":"(anonymous_4)","decl":{"start":{"line":72,"column":20},"end":{"line":72,"column":26}},"loc":{"start":{"line":72,"column":26},"end":{"line":72,"column":null}},"line":72},"5":{"name":"(anonymous_5)","decl":{"start":{"line":75,"column":18},"end":{"line":75,"column":19}},"loc":{"start":{"line":75,"column":25},"end":{"line":75,"column":null}},"line":75},"6":{"name":"(anonymous_6)","decl":{"start":{"line":89,"column":19},"end":{"line":89,"column":20}},"loc":{"start":{"line":89,"column":20},"end":{"line":93,"column":null}},"line":89},"7":{"name":"(anonymous_7)","decl":{"start":{"line":145,"column":21},"end":{"line":145,"column":22}},"loc":{"start":{"line":145,"column":22},"end":{"line":145,"column":null}},"line":145},"8":{"name":"(anonymous_8)","decl":{"start":{"line":158,"column":36},"end":{"line":158,"column":37}},"loc":{"start":{"line":158,"column":48},"end":{"line":174,"column":null}},"line":158}},"branchMap":{"0":{"loc":{"start":{"line":20,"column":22},"end":{"line":20,"column":110}},"type":"binary-expr","locations":[{"start":{"line":20,"column":22},"end":{"line":20,"column":53}},{"start":{"line":20,"column":57},"end":{"line":20,"column":110}}],"line":20},"1":{"loc":{"start":{"line":21,"column":4},"end":{"line":27,"column":null}},"type":"if","locations":[{"start":{"line":21,"column":4},"end":{"line":27,"column":null}},{"start":{},"end":{}}],"line":21},"2":{"loc":{"start":{"line":21,"column":8},"end":{"line":21,"column":36}},"type":"binary-expr","locations":[{"start":{"line":21,"column":8},"end":{"line":21,"column":21}},{"start":{"line":21,"column":21},"end":{"line":21,"column":36}}],"line":21},"3":{"loc":{"start":{"line":32,"column":26},"end":{"line":32,"column":117}},"type":"binary-expr","locations":[{"start":{"line":32,"column":26},"end":{"line":32,"column":35}},{"start":{"line":32,"column":39},"end":{"line":32,"column":59}},{"start":{"line":32,"column":63},"end":{"line":32,"column":117}}],"line":32},"4":{"loc":{"start":{"line":38,"column":22},"end":{"line":38,"column":null}},"type":"binary-expr","locations":[{"start":{"line":38,"column":22},"end":{"line":38,"column":49}},{"start":{"line":38,"column":41},"end":{"line":38,"column":78}},{"start":{"line":38,"column":78},"end":{"line":38,"column":null}}],"line":38},"5":{"loc":{"start":{"line":39,"column":25},"end":{"line":39,"column":null}},"type":"binary-expr","locations":[{"start":{"line":39,"column":25},"end":{"line":39,"column":65}},{"start":{"line":39,"column":44},"end":{"line":39,"column":97}},{"start":{"line":39,"column":97},"end":{"line":39,"column":null}}],"line":39},"6":{"loc":{"start":{"line":40,"column":24},"end":{"line":40,"column":104}},"type":"cond-expr","locations":[{"start":{"line":40,"column":66},"end":{"line":40,"column":90}},{"start":{"line":40,"column":93},"end":{"line":40,"column":104}}],"line":40},"7":{"loc":{"start":{"line":43,"column":45},"end":{"line":43,"column":null}},"type":"binary-expr","locations":[{"start":{"line":43,"column":45},"end":{"line":43,"column":93}},{"start":{"line":43,"column":93},"end":{"line":43,"column":null}}],"line":43},"8":{"loc":{"start":{"line":46,"column":25},"end":{"line":48,"column":null}},"type":"cond-expr","locations":[{"start":{"line":47,"column":6},"end":{"line":47,"column":47}},{"start":{"line":48,"column":6},"end":{"line":48,"column":null}}],"line":46},"9":{"loc":{"start":{"line":46,"column":25},"end":{"line":46,"column":null}},"type":"binary-expr","locations":[{"start":{"line":46,"column":25},"end":{"line":46,"column":39}},{"start":{"line":46,"column":43},"end":{"line":46,"column":null}}],"line":46},"10":{"loc":{"start":{"line":51,"column":2},"end":{"line":54,"column":null}},"type":"if","locations":[{"start":{"line":51,"column":2},"end":{"line":54,"column":null}},{"start":{},"end":{}}],"line":51},"11":{"loc":{"start":{"line":51,"column":6},"end":{"line":51,"column":59}},"type":"binary-expr","locations":[{"start":{"line":51,"column":6},"end":{"line":51,"column":31}},{"start":{"line":51,"column":31},"end":{"line":51,"column":59}}],"line":51},"12":{"loc":{"start":{"line":56,"column":21},"end":{"line":56,"column":111}},"type":"binary-expr","locations":[{"start":{"line":56,"column":21},"end":{"line":56,"column":53}},{"start":{"line":56,"column":57},"end":{"line":56,"column":111}}],"line":56},"13":{"loc":{"start":{"line":57,"column":20},"end":{"line":57,"column":108}},"type":"binary-expr","locations":[{"start":{"line":57,"column":20},"end":{"line":57,"column":51}},{"start":{"line":57,"column":55},"end":{"line":57,"column":108}}],"line":57},"14":{"loc":{"start":{"line":62,"column":23},"end":{"line":62,"column":91}},"type":"binary-expr","locations":[{"start":{"line":62,"column":23},"end":{"line":62,"column":32}},{"start":{"line":62,"column":36},"end":{"line":62,"column":56}},{"start":{"line":62,"column":60},"end":{"line":62,"column":91}}],"line":62},"15":{"loc":{"start":{"line":67,"column":10},"end":{"line":67,"column":null}},"type":"cond-expr","locations":[{"start":{"line":67,"column":23},"end":{"line":67,"column":104}},{"start":{"line":67,"column":104},"end":{"line":67,"column":null}}],"line":67},"16":{"loc":{"start":{"line":69,"column":13},"end":{"line":69,"column":null}},"type":"cond-expr","locations":[{"start":{"line":69,"column":25},"end":{"line":69,"column":62}},{"start":{"line":69,"column":62},"end":{"line":69,"column":null}}],"line":69},"17":{"loc":{"start":{"line":75,"column":25},"end":{"line":75,"column":null}},"type":"binary-expr","locations":[{"start":{"line":75,"column":26},"end":{"line":75,"column":47}},{"start":{"line":75,"column":47},"end":{"line":75,"column":59}},{"start":{"line":75,"column":65},"end":{"line":75,"column":null}}],"line":75},"18":{"loc":{"start":{"line":77,"column":20},"end":{"line":77,"column":null}},"type":"cond-expr","locations":[{"start":{"line":77,"column":33},"end":{"line":77,"column":42}},{"start":{"line":77,"column":42},"end":{"line":77,"column":null}}],"line":77},"19":{"loc":{"start":{"line":166,"column":4},"end":{"line":167,"column":57}},"type":"binary-expr","locat
[...]
,"/Users/chris.majorossy/Projects/FarrmFinder/phreshfoods.com/src/utils/sitemapGenerator.ts": {"path":"/Users/chris.majorossy/Projects/FarrmFinder/phreshfoods.com/src/utils/sitemapGenerator.ts","statementMap":{"0":{"start":{"line":8,"column":18},"end":{"line":8,"column":45}},"1":{"start":{"line":9,"column":16},"end":{"line":9,"column":54}},"2":{"start":{"line":11,"column":15},"end":{"line":26,"column":null}},"3":{"start":{"line":20,"column":26},"end":{"line":25,"column":null}},"4":{"start":{"line":28,"column":21},"end":{"line":37,"column":null}},"5":{"start":{"line":30,"column":13},"end":{"line":35,"column":9}},"6":{"start":{"line":39,"column":2},"end":{"line":42,"column":null}},"7":{"start":{"line":49,"column":21},"end":{"line":49,"column":null}},"8":{"start":{"line":50,"column":15},"end":{"line":50,"column":null}},"9":{"start":{"line":51,"column":14},"end":{"line":51,"column":null}},"10":{"start":{"line":52,"column":15},"end":{"line":52,"column":null}},"11":{"start":{"line":53,"column":2},"end":{"line":53,"column":null}},"12":{"start":{"line":54,"column":2},"end":{"line":54,"column":null}},"13":{"start":{"line":55,"column":2},"end":{"line":55,"column":null}},"14":{"start":{"line":56,"column":2},"end":{"line":56,"column":null}},"15":{"start":{"line":57,"column":2},"end":{"line":57,"column":null}},"16":{"start":{"line":58,"column":2},"end":{"line":58,"column":null}}},"fnMap":{"0":{"name":"generateSitemap","decl":{"start":{"line":7,"column":16},"end":{"line":7,"column":32}},"loc":{"start":{"line":7,"column":45},"end":{"line":43,"column":null}},"line":7},"1":{"name":"(anonymous_1)","decl":{"start":{"line":20,"column":17},"end":{"line":20,"column":26}},"loc":{"start":{"line":20,"column":26},"end":{"line":25,"column":null}},"line":20},"2":{"name":"(anonymous_2)","decl":{"start":{"line":30,"column":6},"end":{"line":30,"column":13}},"loc":{"start":{"line":30,"column":13},"end":{"line":35,"column":9}},"line":30},"3":{"name":"downloadSitemap","decl":{"start":{"line":48,"column":16},"end":{"line":48,"column":32}},"loc":{"start":{"line":48,"column":45},"end":{"line":59,"column":null}},"line":48}},"branchMap":{"0":{"loc":{"start":{"line":21,"column":30},"end":{"line":21,"column":63}},"type":"binary-expr","locations":[{"start":{"line":21,"column":30},"end":{"line":21,"column":39}},{"start":{"line":21,"column":43},"end":{"line":21,"column":63}}],"line":21}},"s":{"0":0,"1":0,"2":0,"3":0,"4":0,"5":0,"6":0,"7":0,"8":0,"9":0,"10":0,"11":0,"12":0,"13":0,"14":0,"15":0,"16":0},"f":{"0":0,"1":0,"2":0,"3":0},"b":{"0":[0,0]},"meta":{"lastBranch":1,"lastFunction":4,"lastStatement":17,"seen":{"f:7:16:7:32":0,"s:8:18:8:45":0,"s:9:16:9:54":1,"s:11:15:26:Infinity":2,"f:20:17:20:26":1,"s:20:26:25:Infinity":3,"b:21:30:21:39:21:43:21:63":0,"s:28:21:37:Infinity":4,"f:30:6:30:13":2,"s:30:13:35:9":5,"s:39:2:42:Infinity":6,"f:48:16:48:32":3,"s:49:21:49:Infinity":7,"s:50:15:50:Infinity":8,"s:51:14:51:Infinity":9,"s:52:15:52:Infinity":10,"s:53:2:53:Infinity":11,"s:54:2:54:Infinity":12,"s:55:2:55:Infinity":13,"s:56:2:56:Infinity":14,"s:57:2:57:Infinity":15,"s:58:2:58:Infinity":16}}}
,"/Users/chris.majorossy/Projects/FarrmFinder/phreshfoods.com/src/utils/socialMediaHelpers.ts": {"path":"/Users/chris.majorossy/Projects/FarrmFinder/phreshfoods.com/src/utils/socialMediaHelpers.ts","statementMap":{"0":{"start":{"line":12,"column":2},"end":{"line":19,"column":null}},"1":{"start":{"line":13,"column":22},"end":{"line":13,"column":null}},"2":{"start":{"line":14,"column":4},"end":{"line":16,"column":null}},"3":{"start":{"line":15,"column":6},"end":{"line":15,"column":null}},"4":{"start":{"line":18,"column":4},"end":{"line":18,"column":null}},"5":{"start":{"line":22,"column":2},"end":{"line":25,"column":null}},"6":{"start":{"line":23,"column":21},"end":{"line":23,"column":null}},"7":{"start":{"line":24,"column":4},"end":{"line":24,"column":null}},"8":{"start":{"line":27,"column":2},"end":{"line":27,"column":null}},"9":{"start":{"line":34,"column":2},"end":{"line":36,"column":null}},"10":{"start":{"line":35,"column":4},"end":{"line":35,"column":null}},"11":{"start":{"line":38,"column":2},"end":{"line":44,"column":null}},"12":{"start":{"line":40,"column":18},"end":{"line":40,"column":null}},"13":{"start":{"line":41,"column":4},"end":{"line":43,"column":null}},"14":{"start":{"line":42,"column":6},"end":{"line":42,"column":null}},"15":{"start":{"line":46,"column":2},"end":{"line":46,"column":null}},"16":{"start":{"line":54,"column":2},"end":{"line":56,"column":null}},"17":{"start":{"line":55,"column":4},"end":{"line":55,"column":null}},"18":{"start":{"line":58,"column":15},"end":{"line":58,"column":null}},"19":{"start":{"line":61,"column":2},"end":{"line":61,"column":null}},"20":{"start":{"line":64,"column":2},"end":{"line":66,"column":null}},"21":{"start":{"line":65,"column":4},"end":{"line":65,"column":null}},"22":{"start":{"line":74,"column":2},"end":{"line":74,"column":null}},"23":{"start":{"line":77,"column":2},"end":{"line":77,"column":null}},"24":{"start":{"line":84,"column":2},"end":{"line":86,"column":null}},"25":{"start":{"line":85,"column":4},"end":{"line":85,"column":null}},"26":{"start":{"line":88,"column":15},"end":{"line":88,"column":null}},"27":{"start":{"line":91,"column":2},"end":{"line":91,"column":null}},"28":{"start":{"line":94,"column":2},"end":{"line":96,"column":null}},"29":{"start":{"line":95,"column":4},"end":{"line":95,"column":null}},"30":{"start":{"line":98,"column":2},"end":{"line":98,"column":null}},"31":{"start":{"line":105,"column":2},"end":{"line":107,"column":null}},"32":{"start":{"line":106,"column":4},"end":{"line":106,"column":null}},"33":{"start":{"line":109,"column":17},"end":{"line":109,"column":null}},"34":{"start":{"line":111,"column":2},"end":{"line":111,"column":null}},"35":{"start":{"line":118,"column":2},"end":{"line":120,"column":null}},"36":{"start":{"line":119,"column":4},"end":{"line":119,"column":null}},"37":{"start":{"line":122,"column":17},"end":{"line":122,"column":null}},"38":{"start":{"line":123,"column":2},"end":{"line":123,"column":null}},"39":{"start":{"line":132,"column":17},"end":{"line":132,"column":null}},"40":{"start":{"line":134,"column":2},"end":{"line":136,"column":null}},"41":{"start":{"line":135,"column":4},"end":{"line":135,"column":null}},"42":{"start":{"line":138,"column":22},"end":{"line":138,"column":58}},"43":{"start":{"line":141,"column":2},"end":{"line":150,"column":null}},"44":{"start":{"line":157,"column":2},"end":{"line":161,"column":16}},"45":{"start":{"line":169,"column":14},"end":{"line":169,"column":null}},"46":{"start":{"line":170,"column":2},"end":{"line":170,"column":null}},"47":{"start":{"line":170,"column":52},"end":{"line":170,"column":null}},"48":{"start":{"line":171,"column":2},"end":{"line":171,"column":null}},"49":{"start":{"line":171,"column":27},"end":{"line":171,"column":null}},"50":{"start":{"line":172,"column":2},"end":{"line":172,"column":null}},"51":{"start":{"line":172,"column":20},"end":{"line":172,"column":null}},"52":{"start":{"line":173,"column":2},"end":{"line":173,"column":null}},"53":{"start":{"line":181,"column":19},"end":{"line":181,"column":null}},"54":{"start":{"line":182,"column":14},"end":{"line":182,"column":null}},"55":{"start":{"line":184,"column":2},"end":{"line":186,"column":null}},"56":{"start":{"line":185,"column":4},"end":{"line":185,"column":null}},"57":{"start":{"line":188,"column":22},"end":{"line":188,"column":58}},"58":{"start":{"line":189,"column":19},"end":{"line":189,"column":68}},"59":{"start":{"line":191,"column":2},"end":{"line":244,"column":null}}},"fnMap":{"0":{"name":"getInstagramUrl","decl":{"start":{"line":10,"column":16},"end":{"line":10,"column":32}},"loc":{"start":{"line":10,"column":42},"end":{"line":28,"column":null}},"line":10},"1":{"name":"getInstagramDisplayName","decl":{"start":{"line":33,"column":16},"end":{"line":33,"column":40}},"loc":{"start":{"line":33,"column":50},"end":{"line":47,"column":null}},"line":33},"2":{"name":"getFacebookUrl","decl":{"start":{"line":53,"column":16},"end":{"line":53,"column":31}},"loc":{"start":{"line":53,"column":41},"end":{"line":78,"column":null}},"line":53},"3":{"name":"getFacebookDisplayName","decl":{"start":{"line":83,"column":16},"end":{"line":83,"column":39}},"loc":{"start":{"line":83,"column":49},"end":{"line":99,"column":null}},"line":83},"4":{"name":"getXUrl","decl":{"start":{"line":104,"column":16},"end":{"line":104,"column":24}},"loc":{"start":{"line":104,"column":34},"end":{"line":112,"column":null}},"line":104},"5":{"name":"getXDisplayName","decl":{"start":{"line":117,"column":16},"end":{"line":117,"column":32}},"loc":{"start":{"line":117,"column":42},"end":{"line":124,"column":null}},"line":117},"6":{"name":"getXTimelineEmbed","decl":{"start":{"line":131,"column":16},"end":{"line":131,"column":34}},"loc":{"start":{"line":131,"column":44},"end":{"line":151,"column":null}},"line":131},"7":{"name":"hasSocialMedia","decl":{"start":{"line":156,"column":16},"end":{"line":156,"column":31}},"loc":{"start":{"line":156,"column":41},"end":{"line":163,"column":null}},"line":156},"8":{"name":"getSocialMediaCount","decl":{"start":{"line":168,"column":16},"end":{"line":168,"column":36}},"loc":{"start":{"line":168,"column":46},"end":{"line":174,"column":null}},"line":168},"9":{"name":"getInstagramProfileEmbed","decl":{"start":{"line":180,"column":16},"end":{"line":180,"column":41}},"loc":{"start":{"line":180,"column":51},"end":{"line":245,"column":null}},"line":180}},"branchMap":{"0":{"loc":{"start":{"line":12,"column":2},"end":{"line":19,"column":null}},"type":"if","locations":[{"start":{"line":12,"column":2},"end":{"line":19,"column":null}},{"start":{},"end":{}}],"line":12},"1":{"loc":{"start":{"line":14,"column":4},"end":{"line":16,"column":null}},"type":"if","locations":[{"start":{"line":14,"column":4},"end":{"line":16,"column":null}},{"start":{},"end":{}}],"line":14},"2":{"loc":{"start":{"line":22,"column":2},"end":{"line":25,"column":null}},"type":"if","locations":[{"start":{"line":22,"column":2},"end":{"line":25,"column":null}},{"start":{},"end":{}}],"line":22},"3":{"loc":{"start":{"line":34,"column":2},"end":{"line":36,"column":null}},"type":"if","locations":[{"start":{"line":34,"column":2},"end":{"line":36,"column":null}},{"start":{},"end":{}}],"line":34},"4":{"loc":{"start":{"line":38,"column":2},"end":{"line":44,"column":null}},"type":"if","locations":[{"start":{"line":38,"column":2},"end":{"line":44,"column":null}},{"start":{},"end":{}}],"line":38},"5":{"loc":{"start":{"line":41,"column":4},"end":{"line":43,"column":null}},"type":"if","locations":[{"start":{"line":41,"column":4},"end":{"line":43,"column":null}},{"start":{},"end":{}}],"line":41},"6":{"loc":{"start":{"line":41,"column":8},"end":{"line":41,"column":25}},"type":"binary-expr","locations":[{"start":{"line":41,"column":8},"end":{"line":41,"column":17}},{"start":{"line":41,"column":17},"end":{"line":41,"column":25}}],"line":41},"7":{"loc":{"start":{"line":54,"column":2},"end":{"line":56,"column":null}},"type":"if","locations":[{"start":{"line":54,"column":2},"end":{"line":56,"column":null}},{"start":{},"end":{}}],"line":54},"8":{"loc":{"start":{"line":64,"column":2},"end":{"line":66,"column":null}},"type":"if","locations":[{"start":{"line":64,"column":2},"end":{"line":66,"column":null}},{"start":{},"end":{}}],"line":64},"9":{"loc":{"start":{"line":84,"column":2},"end":{"line":86,"column":null}},"type":"if","locations":[{"start":{"line":84,"column":2},"end":{"line":86,"column":null}},{"start":{},"end":{}}],"line":84},"10":{"loc":{"start":{"line":94,"column":2},"end":{"line":96,"column":null}},"type":"if","locations":[{"start":{"line":94,"column":2},"end":{"line":96,"column":null}},{"start":{},"end":{}}],"line":94},"11":{"loc":{"start":{"line":95,"column":11},"end":{"line":95,"column":null}},"type":"binary-expr","locations":[{"start":{"line":95,"column":11},"end":{"line":95,"column":20}},{"start":{"line":95,"column":24},"end":{"line":95,"column":null}}],"line":95},"12":{"loc":{"start":{"line":105,"column":2},"end":{"line":107,"column":null}},"type":"if","locations":[{"start":{"line":105,"column":2},"end":{"line":107,"column":null}},{"start":{},"end":{}}],"line":105},"13":{"loc":{"start":{"line":118,"column":2},"end":{"line":120,"column":null}},"type":"if","locations":[{"start":{"line":118,"column":2},"end":{"line":120,"column":null}},{"start":{},"end":{}}],"line":118},"14":{"loc":{"start":{"line":123,"column":9},"end":{"line":123,"column":55}},"type":"cond-expr","locations":[{"start":{"line":123,"column":34},"end":{"line":123,"column":43}},{"start":{"line":123,"column":43},"end":{"line":123,"column":55}}],"line":123},"15":{"loc":{"start":{"line":134,"column":2},"end":{"line":136,"column":null}},"type":"if","locations":[{"start":{"line":134,"column":2},"end":{"line":136,"column":null}},{"start":{},"end":{}}],"line":134},"16":{"loc":{"start":{"line":138,"column":22},"end":{"line":138,"column":58}},"type":"binary-expr","locations":[{"start":{"line":138,"column":22},"end":{"line":138,"column":49}},{"start":{"line":138,"column":49},"end":{"line":138,"column":58}}],"line":138},"17":{"loc":{"start":{"line":158,"column":4},"end":{"line":161,"column":15}},"type":"binary-expr","locations":[{"start":{"line":158,"column":4},"end":{"line":158,"column":26}},{"start":{"line":159,"column":4},"end":{"line":159,"column":22}},{"start":{"line":160,"column":4},"end":{"line":160,"column":23}},{"start":{"line":161,"column":4},"end":{"line":161,"column":15}}],"line":158},"18":{"loc":{"start":{"line":170,"column":2},"end":{"line":170,"column":null}},"type":"if","locations":[{"start":{"line":170,"column":2},"end":{"line":170,"column":null}},{"start":{},"end":{}}],"line":170},"19":{"loc":{"start":{"line":170,"column":6},"end":{"line":170,"column":50}},"type":"binary-expr","locations":[{"start":{"line":170,"column":6},"end":{"line":170,"column":28}},{"start":{"line":170,"column":32},"end":{"line":170,"column":50}}],"line":170},"20":{"loc":{"start":{"line":171,"column":2},"end":{"line":171,"column":null}},"type":"if","locations":[{"start":{"line":171,"column":2},"end":{"line":171,"column":null}},{"start":{},"end":{}}],"line":171},"21":{"loc":{"start":{"line":172,"column":2},"end":{"line":172,"column":null}},"type":"if","locations":[{"start":{"line":172,"column":2},"end":{"line":172,"column":null}},{"start":{},"end":{}}],"line":172},"22":{"loc":{"start":{"line":184,"column":2},"end":{"line":186,"column":null}},"type":"if","locations":[{"start":{"line":184,"column":2},"end":{"line":186,"column":null}},{"start":{},"end":{}}],"line":184},"23":{"loc":{"start":{"line":184,"column":6},"end":{"line":184,"column":25}},"type":"binary-expr","locations":[{"start":{"line":184,"column":6},"end":{"line":184,"column":19}},{"start":{"line":184,"column":19},"end":{"line":184,"column":25}}],"line":184},"24":{"loc":{"start":{"line":188,"column":22},"end":{"line":188,"column":58}},"type":"binary-expr","locations":[{"start":{"line":188,"column":22},"end":{"line":188,"column":49}},{"start":{"line":188,"column":49},"end":{"line":188,"column":58}}],"line":188}},"s":{"0":0,"1":0,"2":0,"3":0,"4":0,"5":0,"6":0,"7":0,"8":0,"9":0,"10":0,"11":0,"12":0,"13":0,"14":0,"15":0,"16":0,"17":0,"18":0,"19":0,"20":0,"21":0,"22":0,"23":0,"24":0,"25":0,"26":0,"27":0,"28":0,"29":0,"30":0,"31":0,"32":0,"33":0,"34":0,"35":0,"36":0,"37":0,"38":0,"39":0,"40":0,"41":0,"42":0,"43":0,"44":0,"45":0,"46":0,"47":0,"48":0,"49":0,"50":0,"51":0,"52":0,"53":0,"54":0,"55":0,"56":0,"57":0,"58":0,"59":0},"f":{"0":0,"1":0,"2":0,"3":0,"4":0,"5":0,"6":0,"7":0,"8":0,"9":0},"b":{"0":[0,0],"1":[0,0],"2":[0,0],"3":[0,0],"4":[0,0],"5":[0,0],"6":[0,0],"7":[0,0],"8":[0,0],"9":[0,0],"10":[0,0],"11":[0,0],"12":[0,0],"13":[0,0],"14":[0,0],"15":[0,0],"16":[0,0],"17":[0,0,0,0],"18":[0,0],"19":[0,0],"20":[0,0],"21":[0,0],"22":[0,0],"23":[0,0],"24":[0,0]},"meta":{"lastBranch":25,"lastFunction":10,"lastStatement":60,"seen":{"f:10:16:10:32":0,"b:12:2:19:Infinity:undefined:undefined:undefined:undefined":0,"s:12:2:19:Infinity":0,"s:13:22:13:Infinity":1,"b:14:4:16:Infinity:undefined:undefined:undefined:undefined":1,"s:14:4:16:Infinity":2,"s:15:6:15:Infinity":3,"s:18:4:18:Infinity":4,"b:22:2:25:Infinity:undefined:undefined:undefined:undefined":2,"s:22:2:25:Infinity":5,"s:23:21:23:Infinity":6,"s:24:4:24:Infinity":7,"s:27:2:27:Infinity":8,"f:33:16:33:40":1,"b:34:2:36:Infinity:undefined:undefined:undefined:undefined":3,"s:34:2:36:Infinity":9,"s:35:4:35:Infinity":10,"b:38:2:44:Infinity:undefined:undefined:undefined:undefined":4,"s:38:2:44:Infinity":11,"s:40:18:40:Infinity":12,"b:41:4:43:Infinity:undefined:undefined:undefined:undefined":5,"s:41:4:43:Infinity":13,"b:41:8:41:17:41:17:41:25":6,"s:42:6:42:Infinity":14,"s:46:2:46:Infinity":15,"f:53:16:53:31":2,"b:54:2:56:Infinity:undefined:undefined:undefined:undefined":7,"s:54:2:56:Infinity":16,"s:55:4:55:Infinity":17,"s:58:15:58:Infinity":18,"s:61:2:61:Infinity":19,"b:64:2:66:Infinity:undefined:undefined:undefined:undefined":8,"s:64:2:66:Infinity":20,"s:65:4:65:Infinity":21,"s:74:2:74:Infinity":22,"s:77:2:77:Infinity":23,"f:83:16:83:39":3,"b:84:2:86:Infinity:undefined:undefined:undefined:undefined":9,"s:84:2:86:Infinity":24,"s:85:4:85:Infinity":25,"s:88:15:88:Infinity":26,"s:91:2:91:Infinity":27,"b:94:2:96:Infinity:undefined:undefined:undefined:undefined":10,"s:94:2:96:Infinity":28,"s:95:4:95:Infinity":29,"b:95:11:95:20:95:24:95:Infinity":11,"s:98:2:98:Infinity":30,"f:104:16:104:24":4,"b:105:2:107:Infinity:undefined:undefined:undefined:undefined":12,"s:105:2:107:Infinity":31,"s:106:4:106:Infinity":32,"s:109:17:109:Infinity":33,"s:111:2:111:Infinity":34,"f:117:16:117:32":5,"b:118:2:120:Infinity:undefined:undefined:undefined:undefined":13,"s:118:2:120:Infinity":35,"s:119:4:119:Infinity":36,"s:122:17:122:Infinity":37,"s:123:2:123:Infinity":38,"b:123:34:123:43:123:43:123:55":14,"f:131:16:131:34":6,"s:132:17:132:Infinity":39,"b:134:2:136:Infinity:undefined:undefined:undefined:undefined":15,"s:134:2:136:Infinity":40,"s:135:4:135:Infinity":41,"s:138:22:138:58":42,"b:138:22:138:49:138:49:138:58":16,"s:141:2:150:Infinity":43,"f:156:16:156:31":7,"s:157:2:161:16":44,"b:158:4:158:26:159:4:159:22:160:4:160:23:161:4:161:15":17,"f:168:16:168:36":8,"s:169:14:169:Infinity":45,"b:170:2:170:Infinity:undefined:undefined:undefined:undefined":18,"s:170:2:170:Infinity":46,"b:170:6:170:28:170:32:170:50":19,"s:170:52:170:Infinity":47,"b:171:2:171:Infinity:undefined:undefined:undefined:undefined":20,"s:171:2:171:Infinity":48,"s:171:27:171:Infinity":49,"b:172:2:172:Infinity:undefined:undefined:undefined:undefined":21,"s:172:2:172:Infinity":50,"s:172:20:172:Infinity":51,"s:173:2:173:Infinity":52,"f:180:16:180:41":9,"s:181:19:181:Infinity":53,"s:182:14:182:Infinity":54,"b:184:2:186:Infinity:undefined:undefined:undefined:undefined":22,"s:184:2:186:Infinity":55,"b:184:6:184:19:184:19:184:25":23,"s:185:4:185:Infinity":56,"s:188:22:188:58":57,"b:188:22:188:49:188:49:188:58":24,"s:189:19:189:68":58,"s:191:2:244:Infinity":59}}}
}
