{"/Users/chris.majorossy/Projects/FarrmFinder/phreshfoods.com/src/App.tsx": {"path":"/Users/chris.majorossy/Projects/FarrmFinder/phreshfoods.com/src/App.tsx","statementMap":{"0":{"start":{"line":28,"column":6},"end":{"line":28,"column":null}},"1":{"start":{"line":28,"column":26},"end":{"line":28,"column":null}},"2":{"start":{"line":29,"column":6},"end":{"line":29,"column":null}},"3":{"start":{"line":29,"column":32},"end":{"line":29,"column":null}},"4":{"start":{"line":30,"column":6},"end":{"line":30,"column":null}},"5":{"start":{"line":30,"column":33},"end":{"line":30,"column":null}},"6":{"start":{"line":31,"column":6},"end":{"line":31,"column":null}},"7":{"start":{"line":31,"column":38},"end":{"line":31,"column":null}},"8":{"start":{"line":32,"column":6},"end":{"line":32,"column":null}},"9":{"start":{"line":32,"column":33},"end":{"line":32,"column":null}},"10":{"start":{"line":35,"column":8},"end":{"line":35,"column":null}},"11":{"start":{"line":36,"column":8},"end":{"line":36,"column":null}},"12":{"start":{"line":39,"column":56},"end":{"line":39,"column":null}},"13":{"start":{"line":40,"column":143},"end":{"line":40,"column":null}},"14":{"start":{"line":41,"column":53},"end":{"line":41,"column":null}},"15":{"start":{"line":42,"column":118},"end":{"line":42,"column":null}},"16":{"start":{"line":45,"column":2},"end":{"line":45,"column":null}},"17":{"start":{"line":48,"column":8},"end":{"line":55,"column":null}},"18":{"start":{"line":60,"column":2},"end":{"line":62,"column":null}},"19":{"start":{"line":61,"column":4},"end":{"line":61,"column":null}},"20":{"start":{"line":65,"column":2},"end":{"line":96,"column":null}},"21":{"start":{"line":66,"column":22},"end":{"line":66,"column":null}},"22":{"start":{"line":68,"column":4},"end":{"line":95,"column":null}},"23":{"start":{"line":71,"column":12},"end":{"line":71,"column":null}},"24":{"start":{"line":72,"column":6},"end":{"line":76,"column":null}},"25":{"start":{"line":75,"column":8},"end":{"line":75,"column":null}},"26":{"start":{"line":80,"column":26},"end":{"line":80,"column":94}},"27":{"start":{"line":82,"column":6},"end":{"line":94,"column":null}},"28":{"start":{"line":83,"column":53},"end":{"line":89,"column":null}},"29":{"start":{"line":92,"column":8},"end":{"line":92,"column":null}},"30":{"start":{"line":93,"column":8},"end":{"line":93,"column":null}},"31":{"start":{"line":99,"column":2},"end":{"line":149,"column":null}},"32":{"start":{"line":100,"column":22},"end":{"line":100,"column":null}},"33":{"start":{"line":102,"column":4},"end":{"line":145,"column":null}},"34":{"start":{"line":103,"column":28},"end":{"line":103,"column":40}},"35":{"start":{"line":106,"column":6},"end":{"line":109,"column":null}},"36":{"start":{"line":108,"column":8},"end":{"line":108,"column":null}},"37":{"start":{"line":113,"column":31},"end":{"line":114,"column":null}},"38":{"start":{"line":113,"column":64},"end":{"line":113,"column":null}},"39":{"start":{"line":114,"column":64},"end":{"line":114,"column":null}},"40":{"start":{"line":116,"column":26},"end":{"line":118,"column":null}},"41":{"start":{"line":118,"column":49},"end":{"line":118,"column":null}},"42":{"start":{"line":120,"column":6},"end":{"line":132,"column":null}},"43":{"start":{"line":121,"column":8},"end":{"line":126,"column":null}},"44":{"start":{"line":122,"column":10},"end":{"line":122,"column":null}},"45":{"start":{"line":123,"column":10},"end":{"line":123,"column":null}},"46":{"start":{"line":124,"column":15},"end":{"line":126,"column":null}},"47":{"start":{"line":125,"column":10},"end":{"line":125,"column":null}},"48":{"start":{"line":129,"column":8},"end":{"line":129,"column":null}},"49":{"start":{"line":130,"column":8},"end":{"line":130,"column":null}},"50":{"start":{"line":130,"column":54},"end":{"line":130,"column":null}},"51":{"start":{"line":131,"column":8},"end":{"line":131,"column":null}},"52":{"start":{"line":131,"column":26},"end":{"line":131,"column":null}},"53":{"start":{"line":133,"column":11},"end":{"line":145,"column":null}},"54":{"start":{"line":135,"column":6},"end":{"line":138,"column":null}},"55":{"start":{"line":136,"column":8},"end":{"line":136,"column":null}},"56":{"start":{"line":136,"column":54},"end":{"line":136,"column":null}},"57":{"start":{"line":137,"column":8},"end":{"line":137,"column":null}},"58":{"start":{"line":137,"column":26},"end":{"line":137,"column":null}},"59":{"start":{"line":139,"column":11},"end":{"line":145,"column":null}},"60":{"start":{"line":141,"column":6},"end":{"line":144,"column":null}},"61":{"start":{"line":142,"column":8},"end":{"line":142,"column":null}},"62":{"start":{"line":143,"column":8},"end":{"line":143,"column":null}},"63":{"start":{"line":143,"column":54},"end":{"line":143,"column":null}},"64":{"start":{"line":154,"column":2},"end":{"line":164,"column":null}},"65":{"start":{"line":155,"column":26},"end":{"line":161,"column":null}},"66":{"start":{"line":156,"column":6},"end":{"line":160,"column":null}},"67":{"start":{"line":157,"column":8},"end":{"line":157,"column":null}},"68":{"start":{"line":158,"column":8},"end":{"line":158,"column":31}},"69":{"start":{"line":159,"column":8},"end":{"line":159,"column":null}},"70":{"start":{"line":162,"column":4},"end":{"line":162,"column":null}},"71":{"start":{"line":163,"column":4},"end":{"line":163,"column":null}},"72":{"start":{"line":163,"column":17},"end":{"line":163,"column":null}},"73":{"start":{"line":167,"column":2},"end":{"line":187,"column":null}},"74":{"start":{"line":168,"column":22},"end":{"line":168,"column":null}},"75":{"start":{"line":170,"column":4},"end":{"line":186,"column":null}},"76":{"start":{"line":172,"column":12},"end":{"line":172,"column":null}},"77":{"start":{"line":173,"column":6},"end":{"line":173,"column":null}},"78":{"start":{"line":176,"column":12},"end":{"line":176,"column":null}},"79":{"start":{"line":177,"column":6},"end":{"line":177,"column":null}},"80":{"start":{"line":178,"column":11},"end":{"line":186,"column":null}},"81":{"start":{"line":180,"column":12},"end":{"line":180,"column":null}},"82":{"start":{"line":181,"column":6},"end":{"line":181,"column":null}},"83":{"start":{"line":184,"column":12},"end":{"line":184,"column":null}},"84":{"start":{"line":185,"column":6},"end":{"line":185,"column":null}},"85":{"start":{"line":223,"column":18},"end":{"line":223,"column":null}},"86":{"start":{"line":224,"column":18},"end":{"line":224,"column":null}},"87":{"start":{"line":225,"column":18},"end":{"line":225,"column":null}},"88":{"start":{"line":237,"column":18},"end":{"line":237,"column":null}},"89":{"start":{"line":238,"column":18},"end":{"line":238,"column":null}},"90":{"start":{"line":239,"column":18},"end":{"line":239,"column":null}}},"fnMap":{"0":{"name":"(anonymous_0)","decl":{"start":{"line":28,"column":20},"end":{"line":28,"column":26}},"loc":{"start":{"line":28,"column":26},"end":{"line":28,"column":null}},"line":28},"1":{"name":"(anonymous_1)","decl":{"start":{"line":29,"column":26},"end":{"line":29,"column":32}},"loc":{"start":{"line":29,"column":32},"end":{"line":29,"column":null}},"line":29},"2":{"name":"(anonymous_2)","decl":{"start":{"line":30,"column":27},"end":{"line":30,"column":33}},"loc":{"start":{"line":30,"column":33},"end":{"line":30,"column":null}},"line":30},"3":{"name":"(anonymous_3)","decl":{"start":{"line":31,"column":32},"end":{"line":31,"column":38}},"loc":{"start":{"line":31,"column":38},"end":{"line":31,"column":null}},"line":31},"4":{"name":"(anonymous_4)","decl":{"start":{"line":32,"column":27},"end":{"line":32,"column":33}},"loc":{"start":{"line":32,"column":33},"end":{"line":32,"column":null}},"line":32},"5":{"name":"App","decl":{"start":{"line":34,"column":9},"end":{"line":34,"column":null}},"loc":{"start":{"line":34,"column":9},"end":{"line":276,"column":null}},"line":34},"6":{"name":"(anonymous_6)","decl":{"start":{"line":60,"column":12},"end":{"line":60,"column":null}},"loc":{"start":{"line":60,"column":12},"end":{"line":62,"column":5}},"line":60},"7":{"name":"(anonymous_7)","decl":{"start":{"line":65,"column":12},"end":{"line":65,"column":null}},"loc":{"start":{"line":65,"column":12},"end":{"line":96,"column":5}},"line":65},"8":{"name":"(anonymous_8)","decl":{"start":{"line":99,"column":12},"end":{"line":99,"column":null}},"loc":{"start":{"line":99,"column":12},"end":{"line":146,"column":5}},"line":99},"9":{"name":"(anonymous_9)","decl":{"start":{"line":113,"column":59},"end":{"line":113,"column":64}},"loc":{"start":{"line":113,"column":64},"end":{"line":113,"column":null}},"line":113},"10":{"name":"(anonymous_10)","decl":{"start":{"line":114,"column":59},"end":{"line":114,"column":64}},"loc":{"start":{"line":114,"column":64},"end":{"line":114,"column":null}},"line":114},"11":{"name":"(anonymous_11)","decl":{"start":{"line":118,"column":44},"end":{"line":118,"column":49}},"loc":{"start":{"line":118,"column":49},"end":{"line":118,"column":null}},"line":118},"12":{"name":"(anonymous_12)","decl":{"start":{"line":154,"column":12},"end":{"line":154,"column":null}},"loc":{"start":{"line":154,"column":12},"end":{"line":164,"column":5}},"line":154},"13":{"name":"(anonymous_13)","decl":{"start":{"line":155,"column":26},"end":{"line":155,"column":27}},"loc":{"start":{"line":155,"column":27},"end":{"line":161,"column":null}},"line":155},"14":{"name":"(anonymous_14)","decl":{"start":{"line":163,"column":11},"end":{"line":163,"column":17}},"loc":{"start":{"line":163,"column":17},"end":{"line":163,"column":null}},"line":163},"15":{"name":"(anonymous_15)","decl":{"start":{"line":167,"column":12},"end":{"line":167,"column":null}},"loc":{"start":{"line":167,"column":12},"end":{"line":187,"column":5}},"line":167},"16":{"name":"(anonymous_16)","decl":{"start":{"line":222,"column":25},"end":{"line":222,"column":null}},"loc":{"start":{"line":222,"column":25},"end":{"line":226,"column":null}},"line":222},"17":{"name":"(anonymous_17)","decl":{"start":{"line":236,"column":25},"end":{"line":236,"column":null}},"loc":{"start":{"line":236,"column":25},"end":{"line":240,"column":null}},"line":236}},"branchMap":{"0":{"loc":{"start":{"line":68,"column":4},"end":{"line":95,"column":null}},"type":"if","locations":[{"start":{"line":68,"column":4},"end":{"line":95,"column":null}},{"start":{},"end":{}}],"line":68},"1":{"loc":{"start":{"line":68,"column":8},"end":{"line":68,"column":95}},"type":"binary-expr","locations":[{"start":{"line":68,"column":8},"end":{"line":68,"column":21}},{"start":{"line":68,"column":21},"end":{"line":68,"column":37}},{"start":{"line":68,"column":37},"end":{"line":68,"column":81}},{"start":{"line":68,"column":81},"end":{"line":68,"column":95}}],"line":68},"2":{"loc":{"start":{"line":72,"column":6},"end":{"line":76,"column":null}},"type":"if","locations":[{"start":{"line":72,"column":6},"end":{"line":76,"column":null}},{"start":{},"end":{}}],"line":72},"3":{"loc":{"start":{"line":80,"column":26},"end":{"line":80,"column":94}},"type":"binary-expr","locations":[{"start":{"line":80,"column":26},"end":{"line":80,"column":74}},{"start":{"line":80,"column":74},"end":{"line":80,"column":94}}],"line":80},"4":{"loc":{"start":{"line":82,"column":6},"end":{"line":94,"column":null}},"type":"if","locations":[{"start":{"line":82,"column":6},"end":{"line":94,"column":null}},{"start":{},"end":{}}],"line":82},"5":{"loc":{"start":{"line":82,"column":10},"end":{"line":82,"column":63}},"type":"binary-expr","locations":[{"start":{"line":82,"column":10},"end":{"line":82,"column":26}},{"start":{"line":82,"column":30},"end":{"line":82,"column":46}},{"start":{"line":82,"column":50},"end":{"line":82,"column":63}}],"line":82},"6":{"loc":{"start":{"line":88,"column":16},"end":{"line":88,"column":null}},"type":"binary-expr","locations":[{"start":{"line":88,"column":16},"end":{"line":88,"column":51}},{"start":{"line":88,"column":51},"end":{"line":88,"column":null}}],"line":88},"7":{"loc":{"start":{"line":102,"column":4},"end":{"line":145,"column":null}},"type":"if","locations":[{"start":{"line":102,"column":4},"end":{"line":145,"column":null}},{"start":{"line":133,"column":11},"end":{"line":145,"column":null}}],"line":102},"8":{"loc":{"start":{"line":102,"column":8},"end":{"line":102,"column":33}},"type":"binary-expr","locations":[{"start":{"line":102,"column":8},"end":{"line":102,"column":21}},{"start":{"line":102,"column":21},"end":{"line":102,"column":33}}],"line":102},"9":{"loc":{"start":{"line":106,"column":6},"end":{"line":109,"column":null}},"type":"if","locations":[{"start":{"line":106,"column":6},"end":{"line":109,"column":null}},{"start":{},"end":{}}],"line":106},"10":{"loc":{"start":{"line":106,"column":10},"end":{"line":106,"column":54}},"type":"binary-expr","locations":[{"start":{"line":106,"column":10},"end":{"line":106,"column":27}},{"start":{"line":106,"column":27},"end":{"line":106,"column":54}}],"line":106},"11":{"loc":{"start":{"line":113,"column":31},"end":{"line":114,"column":null}},"type":"binary-expr","locations":[{"start":{"line":113,"column":31},"end":{"line":113,"column":null}},{"start":{"line":114,"column":31},"end":{"line":114,"column":null}}],"line":113},"12":{"loc":{"start":{"line":116,"column":26},"end":{"line":118,"column":null}},"type":"binary-expr","locations":[{"start":{"line":116,"column":26},"end":{"line":116,"column":null}},{"start":{"line":117,"column":26},"end":{"line":117,"column":null}},{"start":{"line":118,"column":26},"end":{"line":118,"column":null}}],"line":116},"13":{"loc":{"start":{"line":120,"column":6},"end":{"line":132,"column":null}},"type":"if","locations":[{"start":{"line":120,"column":6},"end":{"line":132,"column":null}},{"start":{"line":127,"column":13},"end":{"line":132,"column":null}}],"line":120},"14":{"loc":{"start":{"line":121,"column":8},"end":{"line":126,"column":null}},"type":"if","locations":[{"start":{"line":121,"column":8},"end":{"line":126,"column":null}},{"start":{"line":124,"column":15},"end":{"line":126,"column":null}}],"line":121},"15":{"loc":{"start":{"line":121,"column":12},"end":{"line":121,"column":132}},"type":"binary-expr","locations":[{"start":{"line":121,"column":12},"end":{"line":121,"column":30}},{"start":{"line":121,"column":30},"end":{"line":121,"column":68}},{"start":{"line":121,"column":72},"end":{"line":121,"column":132}}],"line":121},"16":{"loc":{"start":{"line":124,"column":15},"end":{"line":126,"column":null}},"type":"if","locations":[{"start":{"line":124,"column":15},"end":{"line":126,"column":null}},{"start":{},"end":{}}],"line":124},"17":{"loc":{"start":{"line":124,"column":19},"end":{"line":124,"column":63}},"type":"binary-expr","locations":[{"start":{"line":124,"column":19},"end":{"line":124,"column":41}},{"start":{"line":124,"column":41},"end":{"line":124,"column":63}}],"line":124},"18":{"loc":{"start":{"line":130,"column":8},"end":{"line":130,"column":null}},"type":"if","locations":[{"start":{"line":130,"column":8},"end":{"line":130,"column":null}},{"start":{},"end":{}}],"line":130},"19":{"loc":{"start":{"line":130,"column":12},"end":{"line":130,"column":54}},"type":"binary-expr","locations":[{"start":{"line":130,"column":12},"end":{"line":130,"column":33}},{"start":{"line":130,"column":33},"end":{"line":130,"column":54}}],"line":130},"20":{"loc":{"start":{"line":131,"column":8},"end":{"line":131,"column":null}},"type":"if","locations":[{"start":{"line":131,"column":8},"end":{"line":131,"column":null}},{"start":{},"end":{}}],"line":131},"21":{"loc":{"start":{"line":133,"column":11},"end":{"line":145,"column":null}},"type":"if","locations":[{"start":{"line":133,"column":11},"end":{"line":145,"column":null}},{"start":{"line":139,"column":11},"end":{"line":145,"column":null}}],"line":133},"22":{"loc":{"start":{"line":133,"column":15},"end":{"line":133,"column":81}},"type":"binary-expr","locations":[{"start":{"line":133,"column":15},"end":{"line":133,"column":44}},{"start":{"line":133,"column":37},"end":{"line":133,"column":81}}],"line":133},"23":{"loc":{"start":{"line":135,"column":6},"end":{"line":138,"column":null}},"type":"if","locations":[{"start":{"line":135,"column":6},"end":{"line":138,"column":null}},{"start":{},"end":{}}],"line":135},"24":{"loc":{"start":{"line":135,"column":10},"end":{"line":135,"column":68}},"type":"binary-expr","locations":[{"start":{"line":135,"column":10},"end":{"line":135,"column":26}},{"start":{"line":135,"column":26},"end":{"line":135,"column":47}},{"start":{"line":135,"column":47},"end":{"line":135,"column":68}}],"line":135},"25":{"loc":{"start":{"line":136,"column":8},"end":{"line":136,"column":null}},"type":"if","locations":[{"start":{"line":136,"column":8},"end":{"line":136,"column":null}},{"start":{},"end":{}}],"line":136},"26":{"loc":{"start":{"line":136,"column":12},"end":{"line":136,"column":54}},"type":"binary-expr","locations":[{"start":{"line":136,"column":12},"end":{"line":136,"column":33}},{"start":{"line":136,"column":33},"end":{"line":136,"column":54}}],"line":136},"27":{"loc":{"start":{"line":137,"column":8},"end":{"line":137,"column":null}},"type":"if","locations":[{"start":{"line":137,"column":8},"end":{"line":137,"column":null}},{"start":{},"end":{}}],"line":137},"28":{"loc":{"start":{"line":139,"column":11},"end":{"line":145,"column":null}},"type":"if","locations":[{"start":{"line":139,"column":11},"end":{"line":145,"column":null}},{"start":{},"end":{}}],"line":139},"29":{"loc":{"start":{"line":139,"column":15},"end":{"line":139,"column":150}},"type":"binary-expr","locations":[{"start":{"line":139,"column":15},"end":{"line":139,"column":32}},{"start":{"line":139,"column":32},"end":{"line":139,"column":150}}],"line":139},"30":{"loc":{"start":{"line":141,"column":6},"end":{"line":144,"column":null}},"type":"if","locations":[{"start":{"line":141,"column":6},"end":{"line":144,"column":null}},{"start":{},"end":{}}],"line":141},"31":{"loc":{"start":{"line":141,"column":10},"end":{"line":141,"column":51}},"type":"binary-expr","locations":[{"start":{"line":141,"column":10},"end":{"line":141,"column":26}},{"start":{"line":141,"column":26},"end":{"line":141,"column":51}}],"line":141},"32":{"loc":{"start":{"line":143,"column":8},"end":{"line":143,"column":null}},"type":"if","locations":[{"start":{"line":143,"column":8},"end":{"line":143,"column":null}},{"start":{},"end":{}}],"line":143},"33":{"loc":{"start":{"line":143,"column":12},"end":{"line":143,"column":54}},"type":"binary-expr","locations":[{"start":{"line":143,"column":12},"end":{"line":143,"column":33}},{"start":{"line":143,"column":33},"end":{"line":143,"column":54}}],"line":143},"34":{"loc":{"start":{"line":156,"column":6},"end":{"line":160,"column":null}},"type":"if","locations":[{"start":{"line":156,"column":6},"end":{"line":160,"column":null}},{"start":{},"end":{}}],"line":156},"35":{"loc":{"start":{"line":156,"column":10},"end":{"line":156,"column":80}},"type":"binary-expr","locations":[{"start":{"line":156,"column":10},"end":{"line":156,"column":37}},{"start":{"line":156,"column":37},"end":{"line":156,"column":58}},{"start":{"line":156,"column":58},"end":{"line":156,"column":76}}],"line":156},"36":{"loc":{"start":{"line":170,"column":4},"end":{"line":186,"column":null}},"type":"if","locations":[{"start":{"line":170,"column":4},"end":{"line":186,"column":null}},{"start":{"line":178,"column":11},"end":{"line":186,"column":null}}],"line":170},"37":{"loc":{"start":{"line":170,"column":8},"end":{"line":170,"column":35}},"type":"binary-expr","locations":[{"start":{"line":170,"column":8},"end":{"line":170,"column":21}},{"start":{"line":170,"column":21},"end":{"line":170,"column":35}}],"line":170},"38":{"loc":{"start":{"line":178,"column":11},"end":{"line":186,"column":null}},"type":"if","locations":[{"start":{"line":178,"column":11},"end":{"line":186,"column":null}},{"start":{},"end":{}}],"line":178},"39":{"loc":{"start":{"line":178,"column":15},"end":{"line":178,"column":81}},"type":"binary-expr","locations":[{"start":{"line":178,"column":15},"end":{"line":178,"column":44}},{"start":{"line":178,"column":37},"end":{"line":178,"column":81}}],"line":178}},"s":{"0":0,"1":0,"2":0,"3":0,"4":0,"5":0,"6":0,"7":0,"8":0,"9":0,"10":0,"11":0,"12":0,"13":0,"14":0,"15":0,"16":0,"17":0,"18":0,"19":0,"20":0,"21":0,"22":0,"23":0,"24":0,"25":0,"26":0,"27":0,"28":0,"29":0,"30":0,"31":0,"32":0,"33":0,"34":0,"35":0,"36":0,"37":0,"38":0,"39":0,"40":0,"41":0,"42":0,"43":0,"44":0,"45":0,"46":0,"47":0,"48":0,"49":0,"50":0,"51":0,"52":0,"53":0,"54":0,"55":0,"56":0,"57":0,"58":0,"59":0,"60":0,"61":0,"62":0,"63":0,"64":0,"65":0,"66":0,"67":0,"68":0,"69":0,"70":0,"71":0,"72":0,"73":0,"74":0,"75":0,"76":0,"77":0,"78":0,"79":0,"80":0,"81":0,"82":0,"83":0,"84":0,"85":0,"86":0,"87":0,"88":0,"89":0,"90":0},"f":{"0":0,"1":0,"2":0,"3":0,"4":0,"5":0,"6":0,"7":0,"8":0,"9":0,"10":0,"11":0,"12":0,"13":0,"14":0,"15":0,"16":0,"17":0},"b":{"0":[0,0],"1":[0,0,0,0],"2":[0,0],"3":[0,0],"4":[0,0],"5":[0,0,0],"6":[0,0],"7":[0,0],"8":[0,0],"9":[0,0],"10":[0,0],"11":[0,0],"12":[0,0,0],"13":[0,0],"14":[0,0],"15":[0,0,0],"16":[0,0],"17":[0,0],"18":[0,0],"19":[0,0],"20":[0,0],"21":[0,0],"22":[0,0],"23":[0,0],"24":[0,0,0],"25":[0,0],"26":[0,0],"27":[0,0],"28":[0,0],"29":[0,0],"30":[0,0],"31":[0,0],"32":[0,0],"33":[0,0],"34":[0,0],"35":[0,0,0],"36":[0,0],"37":[0,0],"38":[0,0],"39":[0,0]},"meta":{"lastBranch":40,"lastFunction":18,"lastStatement":91,"seen":{"s:28:6:28:Infinity":0,"f:28:20:28:26":0,"s:28:26:28:Infinity":1,"s:29:6:29:Infinity":2,"f:29:26:29:32":1,"s:29:32:29:Infinity":3,"s:30:6:30:Infinity":4,"f:30:27:30:33":2,"s:30:33:30:Infinity":5,"s:31:6:31:Infinity":6,"f:31:32:31:38":3,"s:31:38:31:Infinity":7,"s:32:6:32:Infinity":8,"f:32:27:32:33":4,"s:32:33:32:Infinity":9,"f:34:9:34:Infinity":5,"s:35:8:35:Infinity":10,"s:36:8:36:Infinity":11,"s:39:56:39:Infinity":12,"s:40:143:40:Infinity":13,"s:41:53:41:Infinity":14,"s:42:118:42:Infinity":15,"s:45:2:45:Infinity":16,"s:48:8:55:Infinity":17,"s:60:2:62:Infinity":18,"f:60:12:60:Infinity":6,"s:61:4:61:Infinity":19,"s:65:2:96:Infinity":20,"f:65:12:65:Infinity":7,"s:66:22:66:Infinity":21,"b:68:4:95:Infinity:undefined:undefined:undefined:undefined":0,"s:68:4:95:Infinity":22,"b:68:8:68:21:68:21:68:37:68:37:68:81:68:81:68:95":1,"s:71:12:71:Infinity":23,"b:72:6:76:Infinity:undefined:undefined:undefined:undefined":2,"s:72:6:76:Infinity":24,"s:75:8:75:Infinity":25,"s:80:26:80:94":26,"b:80:26:80:74:80:74:80:94":3,"b:82:6:94:Infinity:undefined:undefined:undefined:undefined":4,"s:82:6:94:Infinity":27,"b:82:10:82:26:82:30:82:46:82:50:82:63":5,"s:83:53:89:Infinity":28,"b:88:16:88:51:88:51:88:Infinity":6,"s:92:8:92:Infinity":29,"s:93:8:93:Infinity":30,"s:99:2:149:Infinity":31,"f:99:12:99:Infinity":8,"s:100:22:100:Infinity":32,"b:102:4:145:Infinity:133:11:145:Infinity":7,"s:102:4:145:Infinity":33,"b:102:8:102:21:102:21:102:33":8,"s:103:28:103:40":34,"b:106:6:109:Infinity:undefined:undefined:undefined:undefined":9,"s:106:6:109:Infinity":35,"b:106:10:106:27:106:27:106:54":10,"s:108:8:108:Infinity":36,"s:113:31:114:Infinity":37,"b:113:31:113:Infinity:114:31:114:Infinity":11,"f:113:59:113:64":9,"s:113:64:113:Infinity":38,"f:114:59:114:64":10,"s:114:64:114:Infinity":39,"s:116:26:118:Infinity":40,"b:116:26:116:Infinity:117:26:117:Infinity:118:26:118:Infinity":12,"f:118:44:118:49":11,"s:118:49:118:Infinity":41,"b:120:6:132:Infinity:127:13:132:Infinity":13,"s:120:6:132:Infinity":42,"b:121:8:126:Infinity:124:15:126:Infinity":14,"s:121:8:126:Infinity":43,"b:121:12:121:30:121:30:121:68:121:72:121:132":15,"s:122:10:122:Infinity":44,"s:123:10:123:Infinity":45,"b:124:15:126:Infinity:undefined:undefined:undefined:undefined":16,"s:124:15:126:Infinity":46,"b:124:19:124:41:124:41:124:63":17,"s:125:10:125:Infinity":47,"s:129:8:129:Infinity":48,"b:130:8:130:Infinity:undefined:undefined:undefined:undefined":18,"s:130:8:130:Infinity":49,"b:130:12:130:33:130:33:130:54":19,"s:130:54:130:Infinity":50,"b:131:8:131:Infinity:undefined:undefined:undefined:undefined":20,"s:131:8:131:Infinity":51,"s:131:26:131:Infinity":52,"b:133:11:145:Infinity:139:11:145:Infinity":21,"s:133:11:145:Infinity":53,"b:133:15:133:44:133:37:133:81":22,"b:135:6:138:Infinity:undefined:undefined:undefined:undefined":23,"s:135:6:138:Infinity":54,"b:135:10:135:26:135:26:135:47:135:47:135:68":24,"b:136:8:136:Infinity:undefined:undefined:undefined:undefined":25,"s:136:8:136:Infinity":55,"b:136:12:136:33:136:33:136:54":26,"s:136:54:136:Infinity":56,"b:137:8:137:Infinity:undefined:undefined:undefined:undefined":27,"s:137:8:137:Infinity":57,"s:137:26:137:Infinity":58,"b:139:11:145:Infinity:undefined:undefined:undefined:undefined":28,"s:139:11:145:Infinity":59,"b:139:15:139:32:139:32:139:150":29,"b:141:6:144:Infinity:undefined:undefined:undefined:undefined":30,"s:141:6:144:Infinity":60,"b:141:10:141:26:141:26:141:51":31,"s:142:8:142:Infinity":61,"b:143:8:143:Infinity:undefined:undefined:undefined:undefined":32,"s:143:8:143:Infinity":62,"b:143:12:143:33:143:33:143:54":33,"s:143:54:143:Infinity":63,"s:154:2:164:Infinity":64,"f:154:12:154:Infinity":12,"s:155:26:161:Infinity":65,"f:155:26:155:27":13,"b:156:6:160:Infinity:undefined:undefined:undefined:undefined":34,"s:156:6:160:Infinity":66,"b:156:10:156:37:156:37:156:58:156:58:156:76":35,"s:157:8:157:Infinity":67,"s:158:8:158:31":68,"s:159:8:159:Infinity":69,"s:162:4:162:Infinity":70,"s:163:4:163:Infinity":71,"f:163:11:163:17":14,"s:163:17:163:Infinity":72,"s:167:2:187:Infinity":73,"f:167:12:167:Infinity":15,"s:168:22:168:Infinity":74,"b:170:4:186:Infinity:178:11:186:Infinity":36,"s:170:4:186:Infinity":75,"b:170:8:170:21:170:21:170:35":37,"s:172:12:172:Infinity":76,"s:173:6:173:Infinity":77,"s:176:12:176:Infinity":78,"s:177:6:177:Infinity":79,"b:178:11:186:Infinity:undefined:undefined:undefined:undefined":38,"s:178:11:186:Infinity":80,"b:178:15:178:44:178:37:178:81":39,"s:180:12:180:Infinity":81,"s:181:6:181:Infinity":82,"s:184:12:184:Infinity":83,"s:185:6:185:Infinity":84,"f:222:25:222:Infinity":16,"s:223:18:223:Infinity":85,"s:224:18:224:Infinity":86,"s:225:18:225:Infinity":87,"f:236:25:236:Infinity":17,"s:237:18:237:Infinity":88,"s:238:18:238:Infinity":89,"s:239:18:239:Infinity":90}}}
,"/Users/chris.majorossy/Projects/FarrmFinder/phreshfoods.com/src/components/LazyLoadErrorBoundary.tsx": {"path":"/Users/chris.majorossy/Projects/FarrmFinder/phreshfoods.com/src/components/LazyLoadErrorBoundary.tsx","statementMap":{"0":{"start":{"line":15,"column":20},"end":{"line":15,"column":null}},"1":{"start":{"line":30,"column":6},"end":{"line":33,"column":null}},"2":{"start":{"line":35,"column":4},"end":{"line":39,"column":null}},"3":{"start":{"line":43,"column":4},"end":{"line":43,"column":null}},"4":{"start":{"line":71,"column":4},"end":{"line":126,"column":null}},"5":{"start":{"line":72,"column":46},"end":{"line":72,"column":null}},"6":{"start":{"line":73,"column":29},"end":{"line":73,"column":null}},"7":{"start":{"line":74,"column":23},"end":{"line":74,"column":null}},"8":{"start":{"line":116,"column":34},"end":{"line":116,"column":null}},"9":{"start":{"line":128,"column":4},"end":{"line":128,"column":null}},"10":{"start":{"line":23,"column":4},"end":{"line":68,"column":null}},"11":{"start":{"line":50,"column":27},"end":{"line":50,"column":null}},"12":{"start":{"line":52,"column":4},"end":{"line":67,"column":null}},"13":{"start":{"line":54,"column":6},"end":{"line":58,"column":null}},"14":{"start":{"line":61,"column":6},"end":{"line":63,"column":null}},"15":{"start":{"line":62,"column":8},"end":{"line":62,"column":null}},"16":{"start":{"line":66,"column":6},"end":{"line":66,"column":null}},"17":{"start":{"line":24,"column":4},"end":{"line":24,"column":null}}},"fnMap":{"0":{"name":"(anonymous_0)","decl":{"start":{"line":27,"column":9},"end":{"line":27,"column":34}},"loc":{"start":{"line":27,"column":55},"end":{"line":40,"column":null}},"line":27},"1":{"name":"(anonymous_1)","decl":{"start":{"line":42,"column":2},"end":{"line":42,"column":20}},"loc":{"start":{"line":42,"column":56},"end":{"line":47,"column":null}},"line":42},"2":{"name":"(anonymous_2)","decl":{"start":{"line":70,"column":2},"end":{"line":70,"column":11}},"loc":{"start":{"line":70,"column":11},"end":{"line":129,"column":null}},"line":70},"3":{"name":"(anonymous_3)","decl":{"start":{"line":116,"column":27},"end":{"line":116,"column":34}},"loc":{"start":{"line":116,"column":34},"end":{"line":116,"column":null}},"line":116},"4":{"name":"(anonymous_4)","decl":{"start":{"line":22,"column":2},"end":{"line":22,"column":14}},"loc":{"start":{"line":22,"column":28},"end":{"line":25,"column":null}},"line":22},"5":{"name":"(anonymous_5)","decl":{"start":{"line":49,"column":16},"end":{"line":49,"column":null}},"loc":{"start":{"line":49,"column":16},"end":{"line":68,"column":null}},"line":49},"6":{"name":"(anonymous_6)","decl":{"start":{"line":61,"column":17},"end":{"line":61,"column":null}},"loc":{"start":{"line":61,"column":17},"end":{"line":63,"column":9}},"line":61}},"branchMap":{"0":{"loc":{"start":{"line":30,"column":6},"end":{"line":33,"column":null}},"type":"binary-expr","locations":[{"start":{"line":30,"column":6},"end":{"line":30,"column":null}},{"start":{"line":31,"column":6},"end":{"line":31,"column":null}},{"start":{"line":32,"column":6},"end":{"line":32,"column":null}},{"start":{"line":33,"column":6},"end":{"line":33,"column":null}}],"line":30},"1":{"loc":{"start":{"line":38,"column":18},"end":{"line":38,"column":null}},"type":"cond-expr","locations":[{"start":{"line":38,"column":33},"end":{"line":38,"column":37}},{"start":{"line":38,"column":37},"end":{"line":38,"column":null}}],"line":38},"2":{"loc":{"start":{"line":71,"column":4},"end":{"line":126,"column":null}},"type":"if","locations":[{"start":{"line":71,"column":4},"end":{"line":126,"column":null}},{"start":{},"end":{}}],"line":71},"3":{"loc":{"start":{"line":72,"column":14},"end":{"line":72,"column":41}},"type":"default-arg","locations":[{"start":{"line":72,"column":30},"end":{"line":72,"column":41}}],"line":72},"4":{"loc":{"start":{"line":95,"column":15},"end":{"line":95,"column":null}},"type":"cond-expr","locations":[{"start":{"line":95,"column":26},"end":{"line":95,"column":44}},{"start":{"line":95,"column":44},"end":{"line":95,"column":null}}],"line":95},"5":{"loc":{"start":{"line":98,"column":15},"end":{"line":100,"column":null}},"type":"cond-expr","locations":[{"start":{"line":99,"column":18},"end":{"line":99,"column":null}},{"start":{"line":100,"column":18},"end":{"line":100,"column":null}}],"line":98},"6":{"loc":{"start":{"line":112,"column":17},"end":{"line":112,"column":null}},"type":"cond-expr","locations":[{"start":{"line":112,"column":28},"end":{"line":112,"column":69}},{"start":{"line":112,"column":69},"end":{"line":112,"column":null}}],"line":112},"7":{"loc":{"start":{"line":52,"column":4},"end":{"line":67,"column":null}},"type":"if","locations":[{"start":{"line":52,"column":4},"end":{"line":67,"column":null}},{"start":{"line":64,"column":11},"end":{"line":67,"column":null}}],"line":52}},"s":{"0":0,"1":0,"2":0,"3":0,"4":0,"5":0,"6":0,"7":0,"8":0,"9":0,"10":0,"11":0,"12":0,"13":0,"14":0,"15":0,"16":0,"17":0},"f":{"0":0,"1":0,"2":0,"3":0,"4":0,"5":0,"6":0},"b":{"0":[0,0,0,0],"1":[0,0],"2":[0,0],"3":[0],"4":[0,0],"5":[0,0],"6":[0,0],"7":[0,0]},"meta":{"lastBranch":8,"lastFunction":7,"lastStatement":18,"seen":{"s:15:20:15:Infinity":0,"f:27:9:27:34":0,"s:30:6:33:Infinity":1,"b:30:6:30:Infinity:31:6:31:Infinity:32:6:32:Infinity:33:6:33:Infinity":0,"s:35:4:39:Infinity":2,"b:38:33:38:37:38:37:38:Infinity":1,"f:42:2:42:20":1,"s:43:4:43:Infinity":3,"f:70:2:70:11":2,"b:71:4:126:Infinity:undefined:undefined:undefined:undefined":2,"s:71:4:126:Infinity":4,"s:72:46:72:Infinity":5,"b:72:30:72:41":3,"s:73:29:73:Infinity":6,"s:74:23:74:Infinity":7,"b:95:26:95:44:95:44:95:Infinity":4,"b:99:18:99:Infinity:100:18:100:Infinity":5,"b:112:28:112:69:112:69:112:Infinity":6,"f:116:27:116:34":3,"s:116:34:116:Infinity":8,"s:128:4:128:Infinity":9,"f:22:2:22:14":4,"s:23:4:68:Infinity":10,"f:49:16:49:Infinity":5,"s:50:27:50:Infinity":11,"b:52:4:67:Infinity:64:11:67:Infinity":7,"s:52:4:67:Infinity":12,"s:54:6:58:Infinity":13,"s:61:6:63:Infinity":14,"f:61:17:61:Infinity":6,"s:62:8:62:Infinity":15,"s:66:6:66:Infinity":16,"s:24:4:24:Infinity":17}}}
,"/Users/chris.majorossy/Projects/FarrmFinder/phreshfoods.com/src/components/ErrorBoundary/ErrorBoundary.tsx": {"path":"/Users/chris.majorossy/Projects/FarrmFinder/phreshfoods.com/src/components/ErrorBoundary/ErrorBoundary.tsx","statementMap":{"0":{"start":{"line":39,"column":4},"end":{"line":39,"column":null}},"1":{"start":{"line":44,"column":4},"end":{"line":44,"column":null}},"2":{"start":{"line":45,"column":4},"end":{"line":45,"column":null}},"3":{"start":{"line":48,"column":4},"end":{"line":51,"column":null}},"4":{"start":{"line":54,"column":4},"end":{"line":56,"column":null}},"5":{"start":{"line":55,"column":6},"end":{"line":55,"column":null}},"6":{"start":{"line":71,"column":4},"end":{"line":134,"column":null}},"7":{"start":{"line":73,"column":6},"end":{"line":75,"column":null}},"8":{"start":{"line":74,"column":8},"end":{"line":74,"column":null}},"9":{"start":{"line":136,"column":4},"end":{"line":136,"column":null}},"10":{"start":{"line":29,"column":4},"end":{"line":68,"column":null}},"11":{"start":{"line":63,"column":4},"end":{"line":67,"column":null}},"12":{"start":{"line":30,"column":4},"end":{"line":34,"column":null}}},"fnMap":{"0":{"name":"(anonymous_0)","decl":{"start":{"line":37,"column":9},"end":{"line":37,"column":34}},"loc":{"start":{"line":37,"column":77},"end":{"line":40,"column":null}},"line":37},"1":{"name":"(anonymous_1)","decl":{"start":{"line":42,"column":2},"end":{"line":42,"column":20}},"loc":{"start":{"line":42,"column":62},"end":{"line":60,"column":null}},"line":42},"2":{"name":"(anonymous_2)","decl":{"start":{"line":70,"column":2},"end":{"line":70,"column":22}},"loc":{"start":{"line":70,"column":22},"end":{"line":137,"column":null}},"line":70},"3":{"name":"(anonymous_3)","decl":{"start":{"line":28,"column":2},"end":{"line":28,"column":14}},"loc":{"start":{"line":28,"column":41},"end":{"line":35,"column":null}},"line":28},"4":{"name":"(anonymous_4)","decl":{"start":{"line":62,"column":16},"end":{"line":62,"column":null}},"loc":{"start":{"line":62,"column":16},"end":{"line":68,"column":null}},"line":62}},"branchMap":{"0":{"loc":{"start":{"line":54,"column":4},"end":{"line":56,"column":null}},"type":"if","locations":[{"start":{"line":54,"column":4},"end":{"line":56,"column":null}},{"start":{},"end":{}}],"line":54},"1":{"loc":{"start":{"line":71,"column":4},"end":{"line":134,"column":null}},"type":"if","locations":[{"start":{"line":71,"column":4},"end":{"line":134,"column":null}},{"start":{},"end":{}}],"line":71},"2":{"loc":{"start":{"line":73,"column":6},"end":{"line":75,"column":null}},"type":"if","locations":[{"start":{"line":73,"column":6},"end":{"line":75,"column":null}},{"start":{},"end":{}}],"line":73}},"s":{"0":0,"1":0,"2":0,"3":0,"4":0,"5":0,"6":0,"7":0,"8":0,"9":0,"10":0,"11":0,"12":0},"f":{"0":0,"1":0,"2":0,"3":0,"4":0},"b":{"0":[0,0],"1":[0,0],"2":[0,0]},"meta":{"lastBranch":3,"lastFunction":5,"lastStatement":13,"seen":{"f:37:9:37:34":0,"s:39:4:39:Infinity":0,"f:42:2:42:20":1,"s:44:4:44:Infinity":1,"s:45:4:45:Infinity":2,"s:48:4:51:Infinity":3,"b:54:4:56:Infinity:undefined:undefined:undefined:undefined":0,"s:54:4:56:Infinity":4,"s:55:6:55:Infinity":5,"f:70:2:70:22":2,"b:71:4:134:Infinity:undefined:undefined:undefined:undefined":1,"s:71:4:134:Infinity":6,"b:73:6:75:Infinity:undefined:undefined:undefined:undefined":2,"s:73:6:75:Infinity":7,"s:74:8:74:Infinity":8,"s:136:4:136:Infinity":9,"f:28:2:28:14":3,"s:29:4:68:Infinity":10,"f:62:16:62:Infinity":4,"s:63:4:67:Infinity":11,"s:30:4:34:Infinity":12}}}
,"/Users/chris.majorossy/Projects/FarrmFinder/phreshfoods.com/src/components/Filters/ProductFilterDropdown.tsx": {"path":"/Users/chris.majorossy/Projects/FarrmFinder/phreshfoods.com/src/components/Filters/ProductFilterDropdown.tsx","statementMap":{"0":{"start":{"line":16,"column":68},"end":{"line":91,"column":null}},"1":{"start":{"line":24,"column":8},"end":{"line":24,"column":null}},"2":{"start":{"line":25,"column":46},"end":{"line":25,"column":null}},"3":{"start":{"line":28,"column":2},"end":{"line":44,"column":null}},"4":{"start":{"line":29,"column":4},"end":{"line":29,"column":null}},"5":{"start":{"line":29,"column":17},"end":{"line":29,"column":null}},"6":{"start":{"line":31,"column":31},"end":{"line":40,"column":null}},"7":{"start":{"line":32,"column":6},"end":{"line":39,"column":null}},"8":{"start":{"line":38,"column":8},"end":{"line":38,"column":null}},"9":{"start":{"line":42,"column":4},"end":{"line":42,"column":null}},"10":{"start":{"line":43,"column":4},"end":{"line":43,"column":null}},"11":{"start":{"line":43,"column":17},"end":{"line":43,"column":null}},"12":{"start":{"line":47,"column":2},"end":{"line":58,"column":null}},"13":{"start":{"line":48,"column":4},"end":{"line":48,"column":null}},"14":{"start":{"line":48,"column":17},"end":{"line":48,"column":null}},"15":{"start":{"line":50,"column":25},"end":{"line":54,"column":null}},"16":{"start":{"line":51,"column":6},"end":{"line":53,"column":null}},"17":{"start":{"line":52,"column":8},"end":{"line":52,"column":null}},"18":{"start":{"line":56,"column":4},"end":{"line":56,"column":null}},"19":{"start":{"line":57,"column":4},"end":{"line":57,"column":null}},"20":{"start":{"line":57,"column":17},"end":{"line":57,"column":null}},"21":{"start":{"line":60,"column":2},"end":{"line":60,"column":null}},"22":{"start":{"line":60,"column":15},"end":{"line":60,"column":null}}},"fnMap":{"0":{"name":"(anonymous_0)","decl":{"start":{"line":16,"column":68},"end":{"line":16,"column":69}},"loc":{"start":{"line":23,"column":1},"end":{"line":91,"column":null}},"line":23},"1":{"name":"(anonymous_1)","decl":{"start":{"line":28,"column":12},"end":{"line":28,"column":null}},"loc":{"start":{"line":28,"column":12},"end":{"line":44,"column":5}},"line":28},"2":{"name":"(anonymous_2)","decl":{"start":{"line":31,"column":31},"end":{"line":31,"column":32}},"loc":{"start":{"line":31,"column":32},"end":{"line":40,"column":null}},"line":31},"3":{"name":"(anonymous_3)","decl":{"start":{"line":43,"column":11},"end":{"line":43,"column":17}},"loc":{"start":{"line":43,"column":17},"end":{"line":43,"column":null}},"line":43},"4":{"name":"(anonymous_4)","decl":{"start":{"line":47,"column":12},"end":{"line":47,"column":null}},"loc":{"start":{"line":47,"column":12},"end":{"line":58,"column":5}},"line":47},"5":{"name":"(anonymous_5)","decl":{"start":{"line":50,"column":25},"end":{"line":50,"column":26}},"loc":{"start":{"line":50,"column":26},"end":{"line":54,"column":null}},"line":50},"6":{"name":"(anonymous_6)","decl":{"start":{"line":57,"column":11},"end":{"line":57,"column":17}},"loc":{"start":{"line":57,"column":17},"end":{"line":57,"column":null}},"line":57}},"branchMap":{"0":{"loc":{"start":{"line":29,"column":4},"end":{"line":29,"column":null}},"type":"if","locations":[{"start":{"line":29,"column":4},"end":{"line":29,"column":null}},{"start":{},"end":{}}],"line":29},"1":{"loc":{"start":{"line":32,"column":6},"end":{"line":39,"column":null}},"type":"if","locations":[{"start":{"line":32,"column":6},"end":{"line":39,"column":null}},{"start":{},"end":{}}],"line":32},"2":{"loc":{"start":{"line":33,"column":8},"end":{"line":36,"column":null}},"type":"binary-expr","locations":[{"start":{"line":33,"column":8},"end":{"line":33,"column":27}},{"start":{"line":34,"column":8},"end":{"line":34,"column":null}},{"start":{"line":35,"column":8},"end":{"line":35,"column":25}},{"start":{"line":36,"column":8},"end":{"line":36,"column":null}}],"line":33},"3":{"loc":{"start":{"line":48,"column":4},"end":{"line":48,"column":null}},"type":"if","locations":[{"start":{"line":48,"column":4},"end":{"line":48,"column":null}},{"start":{},"end":{}}],"line":48},"4":{"loc":{"start":{"line":51,"column":6},"end":{"line":53,"column":null}},"type":"if","locations":[{"start":{"line":51,"column":6},"end":{"line":53,"column":null}},{"start":{},"end":{}}],"line":51},"5":{"loc":{"start":{"line":60,"column":2},"end":{"line":60,"column":null}},"type":"if","locations":[{"start":{"line":60,"column":2},"end":{"line":60,"column":null}},{"start":{},"end":{}}],"line":60}},"s":{"0":0,"1":0,"2":0,"3":0,"4":0,"5":0,"6":0,"7":0,"8":0,"9":0,"10":0,"11":0,"12":0,"13":0,"14":0,"15":0,"16":0,"17":0,"18":0,"19":0,"20":0,"21":0,"22":0},"f":{"0":0,"1":0,"2":0,"3":0,"4":0,"5":0,"6":0},"b":{"0":[0,0],"1":[0,0],"2":[0,0,0,0],"3":[0,0],"4":[0,0],"5":[0,0]},"meta":{"lastBranch":6,"lastFunction":7,"lastStatement":23,"seen":{"s:16:68:91:Infinity":0,"f:16:68:16:69":0,"s:24:8:24:Infinity":1,"s:25:46:25:Infinity":2,"s:28:2:44:Infinity":3,"f:28:12:28:Infinity":1,"b:29:4:29:Infinity:undefined:undefined:undefined:undefined":0,"s:29:4:29:Infinity":4,"s:29:17:29:Infinity":5,"s:31:31:40:Infinity":6,"f:31:31:31:32":2,"b:32:6:39:Infinity:undefined:undefined:undefined:undefined":1,"s:32:6:39:Infinity":7,"b:33:8:33:27:34:8:34:Infinity:35:8:35:25:36:8:36:Infinity":2,"s:38:8:38:Infinity":8,"s:42:4:42:Infinity":9,"s:43:4:43:Infinity":10,"f:43:11:43:17":3,"s:43:17:43:Infinity":11,"s:47:2:58:Infinity":12,"f:47:12:47:Infinity":4,"b:48:4:48:Infinity:undefined:undefined:undefined:undefined":3,"s:48:4:48:Infinity":13,"s:48:17:48:Infinity":14,"s:50:25:54:Infinity":15,"f:50:25:50:26":5,"b:51:6:53:Infinity:undefined:undefined:undefined:undefined":4,"s:51:6:53:Infinity":16,"s:52:8:52:Infinity":17,"s:56:4:56:Infinity":18,"s:57:4:57:Infinity":19,"f:57:11:57:17":6,"s:57:17:57:Infinity":20,"b:60:2:60:Infinity:undefined:undefined:undefined:undefined":5,"s:60:2:60:Infinity":21,"s:60:15:60:Infinity":22}}}
,"/Users/chris.majorossy/Projects/FarrmFinder/phreshfoods.com/src/components/Filters/ProductFilters.tsx": {"path":"/Users/chris.majorossy/Projects/FarrmFinder/phreshfoods.com/src/components/Filters/ProductFilters.tsx","statementMap":{"0":{"start":{"line":7,"column":33},"end":{"line":171,"column":null}},"1":{"start":{"line":8,"column":104},"end":{"line":8,"column":null}},"2":{"start":{"line":11,"column":8},"end":{"line":13,"column":null}},"3":{"start":{"line":12,"column":4},"end":{"line":12,"column":null}},"4":{"start":{"line":16,"column":8},"end":{"line":18,"column":null}},"5":{"start":{"line":17,"column":4},"end":{"line":17,"column":null}},"6":{"start":{"line":21,"column":8},"end":{"line":29,"column":null}},"7":{"start":{"line":23,"column":26},"end":{"line":23,"column":null}},"8":{"start":{"line":24,"column":4},"end":{"line":27,"column":null}},"9":{"start":{"line":25,"column":20},"end":{"line":25,"column":49}},"10":{"start":{"line":26,"column":6},"end":{"line":26,"column":null}},"11":{"start":{"line":26,"column":27},"end":{"line":26,"column":null}},"12":{"start":{"line":28,"column":4},"end":{"line":28,"column":null}},"13":{"start":{"line":32,"column":8},"end":{"line":51,"column":23}},"14":{"start":{"line":33,"column":73},"end":{"line":33,"column":null}},"15":{"start":{"line":36,"column":4},"end":{"line":43,"column":null}},"16":{"start":{"line":37,"column":22},"end":{"line":37,"column":46}},"17":{"start":{"line":38,"column":23},"end":{"line":38,"column":null}},"18":{"start":{"line":39,"column":6},"end":{"line":41,"column":null}},"19":{"start":{"line":40,"column":8},"end":{"line":40,"column":null}},"20":{"start":{"line":42,"column":6},"end":{"line":42,"column":null}},"21":{"start":{"line":46,"column":4},"end":{"line":48,"column":null}},"22":{"start":{"line":47,"column":6},"end":{"line":47,"column":null}},"23":{"start":{"line":47,"column":39},"end":{"line":47,"column":null}},"24":{"start":{"line":50,"column":4},"end":{"line":50,"column":null}},"25":{"start":{"line":66,"column":30},"end":{"line":66,"column":null}},"26":{"start":{"line":76,"column":30},"end":{"line":76,"column":null}},"27":{"start":{"line":86,"column":30},"end":{"line":86,"column":null}},"28":{"start":{"line":96,"column":30},"end":{"line":96,"column":null}},"29":{"start":{"line":106,"column":30},"end":{"line":106,"column":null}},"30":{"start":{"line":118,"column":83},"end":{"line":118,"column":113}},"31":{"start":{"line":119,"column":30},"end":{"line":119,"column":115}},"32":{"start":{"line":125,"column":44},"end":{"line":125,"column":68}},"33":{"start":{"line":126,"column":35},"end":{"line":126,"column":null}},"34":{"start":{"line":136,"column":40},"end":{"line":136,"column":null}},"35":{"start":{"line":147,"column":29},"end":{"line":147,"column":null}},"36":{"start":{"line":159,"column":53},"end":{"line":159,"column":78}}},"fnMap":{"0":{"name":"(anonymous_0)","decl":{"start":{"line":7,"column":33},"end":{"line":7,"column":null}},"loc":{"start":{"line":7,"column":33},"end":{"line":171,"column":null}},"line":7},"1":{"name":"(anonymous_1)","decl":{"start":{"line":11,"column":41},"end":{"line":11,"column":42}},"loc":{"start":{"line":11,"column":42},"end":{"line":13,"column":5}},"line":11},"2":{"name":"(anonymous_2)","decl":{"start":{"line":16,"column":32},"end":{"line":16,"column":null}},"loc":{"start":{"line":16,"column":32},"end":{"line":18,"column":5}},"line":16},"3":{"name":"(anonymous_3)","decl":{"start":{"line":21,"column":32},"end":{"line":21,"column":null}},"loc":{"start":{"line":21,"column":32},"end":{"line":29,"column":5}},"line":21},"4":{"name":"(anonymous_4)","decl":{"start":{"line":24,"column":32},"end":{"line":24,"column":null}},"loc":{"start":{"line":24,"column":32},"end":{"line":27,"column":null}},"line":24},"5":{"name":"(anonymous_5)","decl":{"start":{"line":26,"column":20},"end":{"line":26,"column":27}},"loc":{"start":{"line":26,"column":27},"end":{"line":26,"column":null}},"line":26},"6":{"name":"(anonymous_6)","decl":{"start":{"line":32,"column":43},"end":{"line":32,"column":null}},"loc":{"start":{"line":32,"column":43},"end":{"line":51,"column":5}},"line":32},"7":{"name":"(anonymous_7)","decl":{"start":{"line":47,"column":29},"end":{"line":47,"column":30}},"loc":{"start":{"line":47,"column":39},"end":{"line":47,"column":null}},"line":47},"8":{"name":"(anonymous_8)","decl":{"start":{"line":66,"column":24},"end":{"line":66,"column":30}},"loc":{"start":{"line":66,"column":30},"end":{"line":66,"column":null}},"line":66},"9":{"name":"(anonymous_9)","decl":{"start":{"line":76,"column":24},"end":{"line":76,"column":30}},"loc":{"start":{"line":76,"column":30},"end":{"line":76,"column":null}},"line":76},"10":{"name":"(anonymous_10)","decl":{"start":{"line":86,"column":24},"end":{"line":86,"column":30}},"loc":{"start":{"line":86,"column":30},"end":{"line":86,"column":null}},"line":86},"11":{"name":"(anonymous_11)","decl":{"start":{"line":96,"column":24},"end":{"line":96,"column":30}},"loc":{"start":{"line":96,"column":30},"end":{"line":96,"column":null}},"line":96},"12":{"name":"(anonymous_12)","decl":{"start":{"line":106,"column":24},"end":{"line":106,"column":30}},"loc":{"start":{"line":106,"column":30},"end":{"line":106,"column":null}},"line":106},"13":{"name":"(anonymous_13)","decl":{"start":{"line":118,"column":76},"end":{"line":118,"column":83}},"loc":{"start":{"line":118,"column":83},"end":{"line":118,"column":113}},"line":118},"14":{"name":"(anonymous_14)","decl":{"start":{"line":119,"column":18},"end":{"line":119,"column":30}},"loc":{"start":{"line":119,"column":30},"end":{"line":119,"column":115}},"line":119},"15":{"name":"(anonymous_15)","decl":{"start":{"line":124,"column":56},"end":{"line":124,"column":null}},"loc":{"start":{"line":124,"column":56},"end":{"line":154,"column":null}},"line":124},"16":{"name":"(anonymous_16)","decl":{"start":{"line":136,"column":34},"end":{"line":136,"column":40}},"loc":{"start":{"line":136,"column":40},"end":{"line":136,"column":null}},"line":136},"17":{"name":"(anonymous_17)","decl":{"start":{"line":146,"column":35},"end":{"line":146,"column":36}},"loc":{"start":{"line":146,"column":36},"end":{"line":148,"column":null}},"line":146},"18":{"name":"(anonymous_18)","decl":{"start":{"line":159,"column":46},"end":{"line":159,"column":53}},"loc":{"start":{"line":159,"column":53},"end":{"line":159,"column":78}},"line":159}},"branchMap":{"0":{"loc":{"start":{"line":38,"column":23},"end":{"line":38,"column":null}},"type":"binary-expr","locations":[{"start":{"line":38,"column":23},"end":{"line":38,"column":39}},{"start":{"line":38,"column":43},"end":{"line":38,"column":null}}],"line":38},"1":{"loc":{"start":{"line":39,"column":6},"end":{"line":41,"column":null}},"type":"if","locations":[{"start":{"line":39,"column":6},"end":{"line":41,"column":null}},{"start":{},"end":{}}],"line":39},"2":{"loc":{"start":{"line":119,"column":30},"end":{"line":119,"column":115}},"type":"binary-expr","locations":[{"start":{"line":119,"column":30},"end":{"line":119,"column":64}},{"start":{"line":119,"column":68},"end":{"line":119,"column":115}}],"line":119},"3":{"loc":{"start":{"line":126,"column":35},"end":{"line":126,"column":null}},"type":"cond-expr","locations":[{"start":{"line":126,"column":71},"end":{"line":126,"column":122}},{"start":{"line":126,"column":125},"end":{"line":126,"column":null}}],"line":126}},"s":{"0":0,"1":0,"2":0,"3":0,"4":0,"5":0,"6":0,"7":0,"8":0,"9":0,"10":0,"11":0,"12":0,"13":0,"14":0,"15":0,"16":0,"17":0,"18":0,"19":0,"20":0,"21":0,"22":0,"23":0,"24":0,"25":0,"26":0,"27":0,"28":0,"29":0,"30":0,"31":0,"32":0,"33":0,"34":0,"35":0,"36":0},"f":{"0":0,"1":0,"2":0,"3":0,"4":0,"5":0,"6":0,"7":0,"8":0,"9":0,"10":0,"11":0,"12":0,"13":0,"14":0,"15":0,"16":0,"17":0,"18":0},"b":{"0":[0,0],"1":[0,0],"2":[0,0],"3":[0,0]},"meta":{"lastBranch":4,"lastFunction":19,"lastStatement":37,"seen":{"s:7:33:171:Infinity":0,"f:7:33:7:Infinity":0,"s:8:104:8:Infinity":1,"s:11:8:13:Infinity":2,"f:11:41:11:42":1,"s:12:4:12:Infinity":3,"s:16:8:18:Infinity":4,"f:16:32:16:Infinity":2,"s:17:4:17:Infinity":5,"s:21:8:29:Infinity":6,"f:21:32:21:Infinity":3,"s:23:26:23:Infinity":7,"s:24:4:27:Infinity":8,"f:24:32:24:Infinity":4,"s:25:20:25:49":9,"s:26:6:26:Infinity":10,"f:26:20:26:27":5,"s:26:27:26:Infinity":11,"s:28:4:28:Infinity":12,"s:32:8:51:23":13,"f:32:43:32:Infinity":6,"s:33:73:33:Infinity":14,"s:36:4:43:Infinity":15,"s:37:22:37:46":16,"s:38:23:38:Infinity":17,"b:38:23:38:39:38:43:38:Infinity":0,"b:39:6:41:Infinity:undefined:undefined:undefined:undefined":1,"s:39:6:41:Infinity":18,"s:40:8:40:Infinity":19,"s:42:6:42:Infinity":20,"s:46:4:48:Infinity":21,"s:47:6:47:Infinity":22,"f:47:29:47:30":7,"s:47:39:47:Infinity":23,"s:50:4:50:Infinity":24,"f:66:24:66:30":8,"s:66:30:66:Infinity":25,"f:76:24:76:30":9,"s:76:30:76:Infinity":26,"f:86:24:86:30":10,"s:86:30:86:Infinity":27,"f:96:24:96:30":11,"s:96:30:96:Infinity":28,"f:106:24:106:30":12,"s:106:30:106:Infinity":29,"f:118:76:118:83":13,"s:118:83:118:113":30,"f:119:18:119:30":14,"s:119:30:119:115":31,"b:119:30:119:64:119:68:119:115":2,"f:124:56:124:Infinity":15,"s:125:44:125:68":32,"s:126:35:126:Infinity":33,"b:126:71:126:122:126:125:126:Infinity":3,"f:136:34:136:40":16,"s:136:40:136:Infinity":34,"f:146:35:146:36":17,"s:147:29:147:Infinity":35,"f:159:46:159:53":18,"s:159:53:159:78":36}}}
,"/Users/chris.majorossy/Projects/FarrmFinder/phreshfoods.com/src/components/Header/Header.tsx": {"path":"/Users/chris.majorossy/Projects/FarrmFinder/phreshfoods.com/src/components/Header/Header.tsx","statementMap":{"0":{"start":{"line":24,"column":120},"end":{"line":33,"column":null}},"1":{"start":{"line":35,"column":25},"end":{"line":394,"column":null}},"2":{"start":{"line":36,"column":8},"end":{"line":36,"column":null}},"3":{"start":{"line":37,"column":8},"end":{"line":37,"column":null}},"4":{"start":{"line":38,"column":35},"end":{"line":38,"column":null}},"5":{"start":{"line":39,"column":8},"end":{"line":39,"column":34}},"6":{"start":{"line":42,"column":63},"end":{"line":42,"column":null}},"7":{"start":{"line":43,"column":8},"end":{"line":43,"column":null}},"8":{"start":{"line":46,"column":37},"end":{"line":46,"column":null}},"9":{"start":{"line":48,"column":8},"end":{"line":48,"column":null}},"10":{"start":{"line":61,"column":3},"end":{"line":61,"column":null}},"11":{"start":{"line":66,"column":3},"end":{"line":66,"column":null}},"12":{"start":{"line":72,"column":3},"end":{"line":72,"column":null}},"13":{"start":{"line":76,"column":2},"end":{"line":78,"column":null}},"14":{"start":{"line":77,"column":4},"end":{"line":77,"column":null}},"15":{"start":{"line":81,"column":2},"end":{"line":85,"column":null}},"16":{"start":{"line":82,"column":4},"end":{"line":84,"column":null}},"17":{"start":{"line":83,"column":6},"end":{"line":83,"column":null}},"18":{"start":{"line":89,"column":2},"end":{"line":102,"column":null}},"19":{"start":{"line":91,"column":4},"end":{"line":101,"column":null}},"20":{"start":{"line":92,"column":6},"end":{"line":92,"column":null}},"21":{"start":{"line":95,"column":9},"end":{"line":101,"column":null}},"22":{"start":{"line":96,"column":6},"end":{"line":96,"column":null}},"23":{"start":{"line":99,"column":9},"end":{"line":101,"column":null}},"24":{"start":{"line":100,"column":6},"end":{"line":100,"column":null}},"25":{"start":{"line":105,"column":2},"end":{"line":193,"column":null}},"26":{"start":{"line":107,"column":4},"end":{"line":110,"column":null}},"27":{"start":{"line":108,"column":6},"end":{"line":108,"column":null}},"28":{"start":{"line":109,"column":6},"end":{"line":109,"column":null}},"29":{"start":{"line":113,"column":4},"end":{"line":115,"column":null}},"30":{"start":{"line":114,"column":6},"end":{"line":114,"column":null}},"31":{"start":{"line":118,"column":4},"end":{"line":120,"column":null}},"32":{"start":{"line":119,"column":6},"end":{"line":119,"column":null}},"33":{"start":{"line":122,"column":72},"end":{"line":126,"column":null}},"34":{"start":{"line":127,"column":4},"end":{"line":134,"column":null}},"35":{"start":{"line":128,"column":23},"end":{"line":130,"column":null}},"36":{"start":{"line":132,"column":8},"end":{"line":132,"column":null}},"37":{"start":{"line":133,"column":8},"end":{"line":133,"column":null}},"38":{"start":{"line":136,"column":4},"end":{"line":169,"column":null}},"39":{"start":{"line":137,"column":27},"end":{"line":137,"column":null}},"40":{"start":{"line":138,"column":6},"end":{"line":138,"column":null}},"41":{"start":{"line":140,"column":6},"end":{"line":166,"column":null}},"42":{"start":{"line":141,"column":28},"end":{"line":141,"column":null}},"43":{"start":{"line":142,"column":8},"end":{"line":165,"column":null}},"44":{"start":{"line":143,"column":50},"end":{"line":151,"column":null}},"45":{"start":{"line":152,"column":23},"end":{"line":152,"column":null}},"46":{"start":{"line":153,"column":10},"end":{"line":153,"column":null}},"47":{"start":{"line":154,"column":10},"end":{"line":154,"column":null}},"48":{"start":{"line":155,"column":10},"end":{"line":155,"column":null}},"49":{"start":{"line":156,"column":10},"end":{"line":156,"column":null}},"50":{"start":{"line":159,"column":10},"end":{"line":159,"column":null}},"51":{"start":{"line":160,"column":10},"end":{"line":160,"column":null}},"52":{"start":{"line":162,"column":34},"end":{"line":162,"column":null}},"53":{"start":{"line":163,"column":10},"end":{"line":163,"column":null}},"54":{"start":{"line":164,"column":10},"end":{"line":164,"column":null}},"55":{"start":{"line":168,"column":6},"end":{"line":168,"column":null}},"56":{"start":{"line":171,"column":4},"end":{"line":192,"column":null}},"57":{"start":{"line":172,"column":8},"end":{"line":191,"column":null}},"58":{"start":{"line":173,"column":12},"end":{"line":177,"column":null}},"59":{"start":{"line":174,"column":14},"end":{"line":174,"column":null}},"60":{"start":{"line":179,"column":34},"end":{"line":179,"column":null}},"61":{"start":{"line":180,"column":12},"end":{"line":189,"column":null}},"62":{"start":{"line":180,"column":25},"end":{"line":180,"column":51}},"63":{"start":{"line":181,"column":34},"end":{"line":181,"column":50}},"64":{"start":{"line":182,"column":16},"end":{"line":188,"column":null}},"65":{"start":{"line":183,"column":18},"end":{"line":187,"column":null}},"66":{"start":{"line":184,"column":20},"end":{"line":184,"column":null}},"67":{"start":{"line":190,"column":12},"end":{"line":190,"column":null}},"68":{"start":{"line":195,"column":8},"end":{"line":197,"column":null}},"69":{"start":{"line":196,"column":4},"end":{"line":196,"column":null}},"70":{"start":{"line":199,"column":8},"end":{"line":201,"column":null}},"71":{"start":{"line":203,"column":8},"end":{"line":205,"column":null}},"72":{"start":{"line":207,"column":8},"end":{"line":212,"column":null}},"73":{"start":{"line":208,"column":4},"end":{"line":208,"column":null}},"74":{"start":{"line":209,"column":4},"end":{"line":209,"column":null}},"75":{"start":{"line":210,"column":4},"end":{"line":210,"column":23}},"76":{"start":{"line":238,"column":33},"end":{"line":238,"column":null}},"77":{"start":{"line":239,"column":31},"end":{"line":239,"column":null}},"78":{"start":{"line":240,"column":35},"end":{"line":240,"column":null}},"79":{"start":{"line":243,"column":16},"end":{"line":245,"column":null}},"80":{"start":{"line":244,"column":18},"end":{"line":244,"column":null}},"81":{"start":{"line":247,"column":37},"end":{"line":278,"column":null}},"82":{"start":{"line":281,"column":38},"end":{"line":283,"column":46}},"83":{"start":{"line":291,"column":39},"end":{"line":291,"column":null}},"84":{"start":{"line":308,"column":28},"end":{"line":308,"column":null}},"85":{"start":{"line":309,"column":28},"end":{"line":309,"column":null}},"86":{"start":{"line":336,"column":39},"end":{"line":336,"column":null}},"87":{"start":{"line":376,"column":33},"end":{"line":376,"column":null}}},"fnMap":{"0":{"name":"(anonymous_0)","decl":{"start":{"line":35,"column":25},"end":{"line":35,"column":null}},"loc":{"start":{"line":35,"column":25},"end":{"line":394,"column":null}},"line":35},"1":{"name":"(anonymous_1)","decl":{"start":{"line":76,"column":12},"end":{"line":76,"column":null}},"loc":{"start":{"line":76,"column":12},"end":{"line":78,"column":5}},"line":76},"2":{"name":"(anonymous_2)","decl":{"start":{"line":81,"column":12},"end":{"line":81,"column":null}},"loc":{"start":{"line":81,"column":12},"end":{"line":85,"column":5}},"line":81},"3":{"name":"(anonymous_3)","decl":{"start":{"line":89,"column":12},"end":{"line":89,"column":null}},"loc":{"start":{"line":89,"column":12},"end":{"line":102,"column":5}},"line":89},"4":{"name":"(anonymous_4)","decl":{"start":{"line":105,"column":12},"end":{"line":105,"column":null}},"loc":{"start":{"line":105,"column":12},"end":{"line":193,"column":5}},"line":105},"5":{"name":"(anonymous_5)","decl":{"start":{"line":140,"column":48},"end":{"line":140,"column":null}},"loc":{"start":{"line":140,"column":48},"end":{"line":166,"column":null}},"line":140},"6":{"name":"(anonymous_6)","decl":{"start":{"line":171,"column":11},"end":{"line":171,"column":null}},"loc":{"start":{"line":171,"column":11},"end":{"line":192,"column":null}},"line":171},"7":{"name":"(anonymous_7)","decl":{"start":{"line":195,"column":40},"end":{"line":195,"column":41}},"loc":{"start":{"line":195,"column":41},"end":{"line":197,"column":5}},"line":195},"8":{"name":"(anonymous_8)","decl":{"start":{"line":199,"column":38},"end":{"line":199,"column":null}},"loc":{"start":{"line":199,"column":38},"end":{"line":201,"column":5}},"line":199},"9":{"name":"(anonymous_9)","decl":{"start":{"line":203,"column":41},"end":{"line":203,"column":42}},"loc":{"start":{"line":203,"column":42},"end":{"line":205,"column":5}},"line":203},"10":{"name":"(anonymous_10)","decl":{"start":{"line":207,"column":39},"end":{"line":207,"column":null}},"loc":{"start":{"line":207,"column":39},"end":{"line":212,"column":5}},"line":207},"11":{"name":"(anonymous_11)","decl":{"start":{"line":237,"column":121},"end":{"line":237,"column":122}},"loc":{"start":{"line":237,"column":136},"end":{"line":342,"column":null}},"line":237},"12":{"name":"(anonymous_12)","decl":{"start":{"line":291,"column":33},"end":{"line":291,"column":39}},"loc":{"start":{"line":291,"column":39},"end":{"line":291,"column":null}},"line":291},"13":{"name":"(anonymous_13)","decl":{"start":{"line":307,"column":35},"end":{"line":307,"column":36}},"loc":{"start":{"line":307,"column":36},"end":{"line":310,"column":null}},"line":307},"14":{"name":"(anonymous_14)","decl":{"start":{"line":336,"column":33},"end":{"line":336,"column":39}},"loc":{"start":{"line":336,"column":39},"end":{"line":336,"column":null}},"line":336},"15":{"name":"(anonymous_15)","decl":{"start":{"line":376,"column":26},"end":{"line":376,"column":27}},"loc":{"start":{"line":376,"column":33},"end":{"line":376,"column":null}},"line":376}},"branchMap":{"0":{"loc":{"start":{"line":82,"column":4},"end":{"line":84,"column":null}},"type":"if","locations":[{"start":{"line":82,"column":4},"end":{"line":84,"column":null}},{"start":{},"end":{}}],"line":82},"1":{"loc":{"start":{"line":82,"column":8},"end":{"line":82,"column":63}},"type":"binary-expr","locations":[{"start":{"line":82,"column":8},"end":{"line":82,"column":28}},{"start":{"line":82,"column":28},"end":{"line":82,"column":63}}],"line":82},"2":{"loc":{"start":{"line":91,"column":4},"end":{"line":101,"column":null}},"type":"if","locations":[{"start":{"line":91,"column":4},"end":{"line":101,"column":null}},{"start":{"line":95,"column":9},"end":{"line":101,"column":null}}],"line":91},"3":{"loc":{"start":{"line":95,"column":9},"end":{"line":101,"column":null}},"type":"if","locations":[{"start":{"line":95,"column":9},"end":{"line":101,"column":null}},{"start":{"line":99,"column":9},"end":{"line":101,"column":null}}],"line":95},"4":{"loc":{"start":{"line":99,"column":9},"end":{"line":101,"column":null}},"type":"if","locations":[{"start":{"line":99,"column":9},"end":{"line":101,"column":null}},{"start":{},"end":{}}],"line":99},"5":{"loc":{"start":{"line":107,"column":4},"end":{"line":110,"column":null}},"type":"if","locations":[{"start":{"line":107,"column":4},"end":{"line":110,"column":null}},{"start":{},"end":{}}],"line":107},"6":{"loc":{"start":{"line":113,"column":4},"end":{"line":115,"column":null}},"type":"if","locations":[{"start":{"line":113,"column":4},"end":{"line":115,"column":null}},{"start":{},"end":{}}],"line":113},"7":{"loc":{"start":{"line":113,"column":8},"end":{"line":113,"column":88}},"type":"binary-expr","locations":[{"start":{"line":113,"column":8},"end":{"line":113,"column":25}},{"start":{"line":113,"column":25},"end":{"line":113,"column":54}},{"start":{"line":113,"column":58},"end":{"line":113,"column":88}}],"line":113},"8":{"loc":{"start":{"line":118,"column":4},"end":{"line":120,"column":null}},"type":"if","locations":[{"start":{"line":118,"column":4},"end":{"line":120,"column":null}},{"start":{},"end":{}}],"line":118},"9":{"loc":{"start":{"line":127,"column":4},"end":{"line":134,"column":null}},"type":"if","locations":[{"start":{"line":127,"column":4},"end":{"line":134,"column":null}},{"start":{},"end":{}}],"line":127},"10":{"loc":{"start":{"line":142,"column":8},"end":{"line":165,"column":null}},"type":"if","locations":[{"start":{"line":142,"column":8},"end":{"line":165,"column":null}},{"start":{"line":161,"column":15},"end":{"line":165,"column":null}}],"line":142},"11":{"loc":{"start":{"line":142,"column":12},"end":{"line":142,"column":65}},"type":"binary-expr","locations":[{"start":{"line":142,"column":12},"end":{"line":142,"column":32}},{"start":{"line":142,"column":36},"end":{"line":142,"column":65}}],"line":142},"12":{"loc":{"start":{"line":152,"column":23},"end":{"line":152,"column":null}},"type":"binary-expr","locations":[{"start":{"line":152,"column":23},"end":{"line":152,"column":52}},{"start":{"line":152,"column":56},"end":{"line":152,"column":72}},{"start":{"line":152,"column":76},"end":{"line":152,"column":null}}],"line":152},"13":{"loc":{"start":{"line":162,"column":34},"end":{"line":162,"column":null}},"type":"binary-expr","locations":[{"start":{"line":162,"column":34},"end":{"line":162,"column":73}},{"start":{"line":162,"column":73},"end":{"line":162,"column":null}}],"line":162},"14":{"loc":{"start":{"line":172,"column":8},"end":{"line":191,"column":null}},"type":"if","locations":[{"start":{"line":172,"column":8},"end":{"line":191,"column":null}},{"start":{},"end":{}}],"line":172},"15":{"loc":{"start":{"line":182,"column":16},"end":{"line":188,"column":null}},"type":"if","locations":[{"start":{"line":182,"column":16},"end":{"line":188,"column":null}},{"start":{},"end":{}}],"line":182},"16":{"loc":{"start":{"line":243,"column":16},"end":{"line":245,"column":null}},"type":"if","locations":[{"start":{"line":243,"column":16},"end":{"line":245,"column":null}},{"start":{},"end":{}}],"line":243},"17":{"loc":{"start":{"line":248,"column":25},"end":{"line":250,"column":null}},"type":"cond-expr","locations":[{"start":{"line":249,"column":22},"end":{"line":249,"column":null}},{"start":{"line":250,"column":22},"end":{"line":250,"column":null}}],"line":248},"18":{"loc":{"start":{"line":251,"column":26},"end":{"line":253,"column":null}},"type":"cond-expr","locations":[{"start":{"line":252,"column":22},"end":{"line":252,"column":null}},{"start":{"line":253,"column":22},"end":{"line":253,"column":null}}],"line":251},"19":{"loc":{"start":{"line":254,"column":24},"end":{"line":256,"column":null}},"type":"cond-expr","locations":[{"start":{"line":255,"column":22},"end":{"line":255,"column":null}},{"start":{"line":256,"column":22},"end":{"line":256,"column":null}}],"line":254},"20":{"loc":{"start":{"line":257,"column":23},"end":{"line":259,"column":null}},"type":"cond-expr","locations":[{"start":{"line":258,"column":22},"end":{"line":258,"column":null}},{"start":{"line":259,"column":22},"end":{"line":259,"column":null}}],"line":257},"21":{"loc":{"start":{"line":260,"column":26},"end":{"line":262,"column":null}},"type":"cond-expr","locations":[{"start":{"line":261,"column":22},"end":{"line":261,"column":null}},{"start":{"line":262,"column":22},"end":{"line":262,"column":null}}],"line":260},"22":{"loc":{"start":{"line":263,"column":25},"end":{"line":265,"column":null}},"type":"cond-expr","locations":[{"start":{"line":264,"column":22},"end":{"line":264,"column":null}},{"start":{"line":265,"column":22},"end":{"line":265,"column":null}}],"line":263},"23":{"loc":{"start":{"line":266,"column":24},"end":{"line":268,"column":null}},"type":"cond-expr","locations":[{"start":{"line":267,"column":22},"end":{"line":267,"column":null}},{"start":{"line":268,"column":22},"end":{"line":268,"column":null}}],"line":266},"24":{"loc":{"start":{"line":269,"column":26},"end":{"line":271,"column":null}},"type":"cond-expr","locations":[{"start":{"line":270,"column":22},"end":{"line":270,"column":null}},{"start":{"line":271,"column":22},"end":{"line":271,"column":null}}],"line":269},"25":{"loc":{"start":{"line":272,"column":24},"end":{"line":274,"column":null}},"type":"cond-expr","locations":[{"start":{"line":273,"column":22},"end":{"line":273,"column":null}},{"start":{"line":274,"column":22},"end":{"line":274,"column":null}}],"line":272},"26":{"loc":{"start":{"line":275,"column":24},"end":{"line":277,"column":null}},"type":"cond-expr","locations":[{"start":{"line":276,"column":22},"end":{"line":276,"column":null}},{"start":{"line":277,"column":22},"end":{"line":277,"column":null}}],"line":275},"27":{"loc":{"start":{"line":281,"column":38},"end":{"line":283,"column":46}},"type":"cond-expr","locations":[{"start":{"line":282,"column":20},"end":{"line":282,"column":null}},{"start":{"line":283,"column":20},"end":{"line":283,"column":46}}],"line":281},"28":{"loc":{"start":{"line":291,"column":39},"end":{"line":291,"column":null}},"type":"binary-expr","locations":[{"start":{"line":291,"column":39},"end":{"line":291,"column":54}},{"start":{"line":291,"column":54},"end":{"line":291,"column":null}}],"line":291},"29":{"loc":{"start":{"line":294,"column":31},"end":{"line":294,"column":125}},"type":"cond-expr","locations":[{"start":{"line":294,"column":44},"end":{"line":294,"column":75}},{"start":{"line":294,"column":78},"end":{"line":294,"column":125}}],"line":294},"30":{"loc":{"start":{"line":294,"column":81},"end":{"line":294,"column":108}},"type":"cond-expr","locations":[{"start":{"line":294,"column":92},"end":{"line":294,"column":101}},{"start":{"line":294,"column":101},"end":{"line":294,"column":108}}],"line":294},"31":{"loc":{"start":{"line":295,"column":36},"end":{"line":295,"column":140}},"type":"cond-expr","locations":[{"start":{"line":295,"column":49},"end":{"line":295,"column":80}},{"start":{"line":295,"column":83},"end":{"line":295,"column":140}}],"line":295},"32":{"loc":{"start":{"line":295,"column":86},"end":{"line":295,"column":113}},"type":"cond-expr","locations":[{"start":{"line":295,"column":97},"end":{"line":295,"column":106}},{"start":{"line":295,"column":106},"end":{"line":295,"column":113}}],"line":295},"33":{"loc":{"start":{"line":309,"column":56},"end":{"line":309,"column":null}},"type":"cond-expr","locations":[{"start":{"line":309,"column":65},"end":{"line":309,"column":72}},{"start":{"line":309,"column":72},"end":{"line":309,"column":null}}],"line":309},"34":{"loc":{"start":{"line":318,"column":75},"end":{"line":318,"column":103}},"type":"cond-expr","locations":[{"start":{"line":318,"column":84},"end":{"line":318,"column":99}},{"start":{"line":318,"column":99},"end":{"line":318,"column":103}}],"line":318}},"s":{"0":0,"1":0,"2":0,"3":0,"4":0,"5":0,"6":0,"7":0,"8":0,"9":0,"10":0,"11":0,"12":0,"13":0,"14":0,"15":0,"16":0,"17":0,"18":0,"19":0,"20":0,"21":0,"22":0,"23":0,"24":0,"25":0,"26":0,"27":0,"28":0,"29":0,"30":0,"31":0,"32":0,"33":0,"34":0,"35":0,"36":0,"37":0,"38":0,"39":0,"40":0,"41":0,"42":0,"43":0,"44":0,"45":0,"46":0,"47":0,"48":0,"49":0,"50":0,"51":0,"52":0,"53":0,"54":0,"55":0,"56":0,"57":0,"58":0,"59":0,"60":0,"61":0,"62":0,"63":0,"64":0,"65":0,"66":0,"67":0,"68":0,"69":0,"70":0,"71":0,"72":0,"73":0,"74":0,"75":0,"76":0,"77":0,"78":0,"79":0,"80":0,"81":0,"82":0,"83":0,"84":0,"85":0,"86":0,"87":0},"f":{"0":0,"1":0,"2":0,"3":0,"4":0,"5":0,"6":0,"7":0,"8":0,"9":0,"10":0,"11":0,"12":0,"13":0,"14":0,"15":0},"b":{"0":[0,0],"1":[0,0],"2":[0,0],"3":[0,0],"4":[0,0],"5":[0,0],"6":[0,0],"7":[0,0,0],"8":[0,0],"9":[0,0],"10":[0,0],"11":[0,0],"12":[0,0,0],"13":[0,0],"14":[0,0],"15":[0,0],"16":[0,0],"17":[0,0],"18":[0,0],"19":[0,0],"20":[0,0],"21":[0,0],"22":[0,0],"23":[0,0],"24":[0,0],"25":[0,0],"26":[0,0],"27":[0,0],"28":[0,0],"29":[0,0],"30":[0,0],"31":[0,0],"32":[0,0],"33":[0,0],"34":[0,0]},"meta":{"lastBranch":35,"lastFunction":16,"lastStatement":88,"seen":{"s:24:120:33:Infinity":0,"s:35:25:394:Infinity":1,"f:35:25:35:Infinity":0,"s:36:8:36:Infinity":2,"s:37:8:37:Infinity":3,"s:38:35:38:Infinity":4,"s:39:8:39:34":5,"s:42:63:42:Infinity":6,"s:43:8:43:Infinity":7,"s:46:37:46:Infinity":8,"s:48:8:48:Infinity":9,"s:61:3:61:Infinity":10,"s:66:3:66:Infinity":11,"s:72:3:72:Infinity":12,"s:76:2:78:Infinity":13,"f:76:12:76:Infinity":1,"s:77:4:77:Infinity":14,"s:81:2:85:Infinity":15,"f:81:12:81:Infinity":2,"b:82:4:84:Infinity:undefined:undefined:undefined:undefined":0,"s:82:4:84:Infinity":16,"b:82:8:82:28:82:28:82:63":1,"s:83:6:83:Infinity":17,"s:89:2:102:Infinity":18,"f:89:12:89:Infinity":3,"b:91:4:101:Infinity:95:9:101:Infinity":2,"s:91:4:101:Infinity":19,"s:92:6:92:Infinity":20,"b:95:9:101:Infinity:99:9:101:Infinity":3,"s:95:9:101:Infinity":21,"s:96:6:96:Infinity":22,"b:99:9:101:Infinity:undefined:undefined:undefined:undefined":4,"s:99:9:101:Infinity":23,"s:100:6:100:Infinity":24,"s:105:2:193:Infinity":25,"f:105:12:105:Infinity":4,"b:107:4:110:Infinity:undefined:undefined:undefined:undefined":5,"s:107:4:110:Infinity":26,"s:108:6:108:Infinity":27,"s:109:6:109:Infinity":28,"b:113:4:115:Infinity:undefined:undefined:undefined:undefined":6,"s:113:4:115:Infinity":29,"b:113:8:113:25:113:25:113:54:113:58:113:88":7,"s:114:6:114:Infinity":30,"b:118:4:120:Infinity:undefined:undefined:undefined:undefined":8,"s:118:4:120:Infinity":31,"s:119:6:119:Infinity":32,"s:122:72:126:Infinity":33,"b:127:4:134:Infinity:undefined:undefined:undefined:undefined":9,"s:127:4:134:Infinity":34,"s:128:23:130:Infinity":35,"s:132:8:132:Infinity":36,"s:133:8:133:Infinity":37,"s:136:4:169:Infinity":38,"s:137:27:137:Infinity":39,"s:138:6:138:Infinity":40,"s:140:6:166:Infinity":41,"f:140:48:140:Infinity":5,"s:141:28:141:Infinity":42,"b:142:8:165:Infinity:161:15:165:Infinity":10,"s:142:8:165:Infinity":43,"b:142:12:142:32:142:36:142:65":11,"s:143:50:151:Infinity":44,"s:152:23:152:Infinity":45,"b:152:23:152:52:152:56:152:72:152:76:152:Infinity":12,"s:153:10:153:Infinity":46,"s:154:10:154:Infinity":47,"s:155:10:155:Infinity":48,"s:156:10:156:Infinity":49,"s:159:10:159:Infinity":50,"s:160:10:160:Infinity":51,"s:162:34:162:Infinity":52,"b:162:34:162:73:162:73:162:Infinity":13,"s:163:10:163:Infinity":53,"s:164:10:164:Infinity":54,"s:168:6:168:Infinity":55,"s:171:4:192:Infinity":56,"f:171:11:171:Infinity":6,"b:172:8:191:Infinity:undefined:undefined:undefined:undefined":14,"s:172:8:191:Infinity":57,"s:173:12:177:Infinity":58,"s:174:14:174:Infinity":59,"s:179:34:179:Infinity":60,"s:180:12:189:Infinity":61,"s:180:25:180:51":62,"s:181:34:181:50":63,"b:182:16:188:Infinity:undefined:undefined:undefined:undefined":15,"s:182:16:188:Infinity":64,"s:183:18:187:Infinity":65,"s:184:20:184:Infinity":66,"s:190:12:190:Infinity":67,"s:195:8:197:Infinity":68,"f:195:40:195:41":7,"s:196:4:196:Infinity":69,"s:199:8:201:Infinity":70,"f:199:38:199:Infinity":8,"s:203:8:205:Infinity":71,"f:203:41:203:42":9,"s:207:8:212:Infinity":72,"f:207:39:207:Infinity":10,"s:208:4:208:Infinity":73,"s:209:4:209:Infinity":74,"s:210:4:210:23":75,"f:237:121:237:122":11,"s:238:33:238:Infinity":76,"s:239:31:239:Infinity":77,"s:240:35:240:Infinity":78,"b:243:16:245:Infinity:undefined:undefined:undefined:undefined":16,"s:243:16:245:Infinity":79,"s:244:18:244:Infinity":80,"s:247:37:278:Infinity":81,"b:249:22:249:Infinity:250:22:250:Infinity":17,"b:252:22:252:Infinity:253:22:253:Infinity":18,"b:255:22:255:Infinity:256:22:256:Infinity":19,"b:258:22:258:Infinity:259:22:259:Infinity":20,"b:261:22:261:Infinity:262:22:262:Infinity":21,"b:264:22:264:Infinity:265:22:265:Infinity":22,"b:267:22:267:Infinity:268:22:268:Infinity":23,"b:270:22:270:Infinity:271:22:271:Infinity":24,"b:273:22:273:Infinity:274:22:274:Infinity":25,"b:276:22:276:Infinity:277:22:277:Infinity":26,"s:281:38:283:46":82,"b:282:20:282:Infinity:283:20:283:46":27,"f:291:33:291:39":12,"s:291:39:291:Infinity":83,"b:291:39:291:54:291:54:291:Infinity":28,"b:294:44:294:75:294:78:294:125":29,"b:294:92:294:101:294:101:294:108":30,"b:295:49:295:80:295:83:295:140":31,"b:295:97:295:106:295:106:295:113":32,"f:307:35:307:36":13,"s:308:28:308:Infinity":84,"s:309:28:309:Infinity":85,"b:309:65:309:72:309:72:309:Infinity":33,"b:318:84:318:99:318:99:318:103":34,"f:336:33:336:39":14,"s:336:39:336:Infinity":86,"f:376:26:376:27":15,"s:376:33:376:Infinity":87}}}
,"/Users/chris.majorossy/Projects/FarrmFinder/phreshfoods.com/src/components/Listings/ListingsPanel.tsx": {"path":"/Users/chris.majorossy/Projects/FarrmFinder/phreshfoods.com/src/components/Listings/ListingsPanel.tsx","statementMap":{"0":{"start":{"line":9,"column":22},"end":{"line":9,"column":26}},"1":{"start":{"line":10,"column":28},"end":{"line":10,"column":33}},"2":{"start":{"line":12,"column":22},"end":{"line":185,"column":null}},"3":{"start":{"line":13,"column":109},"end":{"line":13,"column":null}},"4":{"start":{"line":14,"column":56},"end":{"line":14,"column":null}},"5":{"start":{"line":15,"column":39},"end":{"line":15,"column":null}},"6":{"start":{"line":16,"column":39},"end":{"line":16,"column":null}},"7":{"start":{"line":17,"column":8},"end":{"line":17,"column":null}},"8":{"start":{"line":20,"column":8},"end":{"line":20,"column":null}},"9":{"start":{"line":23,"column":2},"end":{"line":49,"column":null}},"10":{"start":{"line":24,"column":26},"end":{"line":29,"column":null}},"11":{"start":{"line":25,"column":21},"end":{"line":25,"column":null}},"12":{"start":{"line":26,"column":6},"end":{"line":28,"column":null}},"13":{"start":{"line":27,"column":8},"end":{"line":27,"column":50}},"14":{"start":{"line":31,"column":4},"end":{"line":31,"column":null}},"15":{"start":{"line":32,"column":4},"end":{"line":32,"column":null}},"16":{"start":{"line":35,"column":19},"end":{"line":35,"column":null}},"17":{"start":{"line":36,"column":48},"end":{"line":36,"column":null}},"18":{"start":{"line":38,"column":4},"end":{"line":41,"column":null}},"19":{"start":{"line":39,"column":6},"end":{"line":39,"column":null}},"20":{"start":{"line":40,"column":6},"end":{"line":40,"column":null}},"21":{"start":{"line":43,"column":4},"end":{"line":48,"column":null}},"22":{"start":{"line":44,"column":6},"end":{"line":44,"column":null}},"23":{"start":{"line":45,"column":6},"end":{"line":47,"column":null}},"24":{"start":{"line":46,"column":8},"end":{"line":46,"column":null}},"25":{"start":{"line":53,"column":2},"end":{"line":62,"column":null}},"26":{"start":{"line":54,"column":25},"end":{"line":54,"column":59}},"27":{"start":{"line":55,"column":22},"end":{"line":55,"column":46}},"28":{"start":{"line":58,"column":4},"end":{"line":61,"column":null}},"29":{"start":{"line":59,"column":6},"end":{"line":59,"column":62}},"30":{"start":{"line":60,"column":6},"end":{"line":60,"column":null}},"31":{"start":{"line":65,"column":8},"end":{"line":76,"column":null}},"32":{"start":{"line":66,"column":28},"end":{"line":66,"column":54}},"33":{"start":{"line":67,"column":4},"end":{"line":67,"column":null}},"34":{"start":{"line":67,"column":58},"end":{"line":67,"column":null}},"35":{"start":{"line":69,"column":54},"end":{"line":69,"column":null}},"36":{"start":{"line":70,"column":25},"end":{"line":70,"column":null}},"37":{"start":{"line":73,"column":4},"end":{"line":75,"column":null}},"38":{"start":{"line":74,"column":6},"end":{"line":74,"column":null}},"39":{"start":{"line":74,"column":30},"end":{"line":74,"column":null}},"40":{"start":{"line":79,"column":2},"end":{"line":104,"column":null}},"41":{"start":{"line":80,"column":18},"end":{"line":80,"column":44}},"42":{"start":{"line":81,"column":4},"end":{"line":81,"column":null}},"43":{"start":{"line":81,"column":16},"end":{"line":81,"column":null}},"44":{"start":{"line":83,"column":33},"end":{"line":83,"column":null}},"45":{"start":{"line":84,"column":22},"end":{"line":84,"column":null}},"46":{"start":{"line":86,"column":21},"end":{"line":95,"column":null}},"47":{"start":{"line":88,"column":6},"end":{"line":88,"column":null}},"48":{"start":{"line":88,"column":23},"end":{"line":88,"column":null}},"49":{"start":{"line":90,"column":6},"end":{"line":90,"column":null}},"50":{"start":{"line":91,"column":6},"end":{"line":94,"column":null}},"51":{"start":{"line":92,"column":8},"end":{"line":92,"column":null}},"52":{"start":{"line":93,"column":8},"end":{"line":93,"column":null}},"53":{"start":{"line":97,"column":4},"end":{"line":97,"column":null}},"54":{"start":{"line":98,"column":4},"end":{"line":103,"column":null}},"55":{"start":{"line":99,"column":6},"end":{"line":99,"column":null}},"56":{"start":{"line":100,"column":6},"end":{"line":102,"column":null}},"57":{"start":{"line":101,"column":8},"end":{"line":101,"column":null}},"58":{"start":{"line":107,"column":8},"end":{"line":109,"column":null}},"59":{"start":{"line":108,"column":4},"end":{"line":108,"column":null}},"60":{"start":{"line":112,"column":2},"end":{"line":127,"column":null}},"61":{"start":{"line":130,"column":2},"end":{"line":154,"column":null}},"62":{"start":{"line":157,"column":23},"end":{"line":157,"column":null}},"63":{"start":{"line":158,"column":18},"end":{"line":158,"column":67}}},"fnMap":{"0":{"name":"(anonymous_0)","decl":{"start":{"line":12,"column":22},"end":{"line":12,"column":null}},"loc":{"start":{"line":12,"column":22},"end":{"line":185,"column":null}},"line":12},"1":{"name":"(anonymous_1)","decl":{"start":{"line":23,"column":12},"end":{"line":23,"column":null}},"loc":{"start":{"line":23,"column":12},"end":{"line":49,"column":5}},"line":23},"2":{"name":"(anonymous_2)","decl":{"start":{"line":24,"column":26},"end":{"line":24,"column":null}},"loc":{"start":{"line":24,"column":26},"end":{"line":29,"column":null}},"line":24},"3":{"name":"(anonymous_3)","decl":{"start":{"line":43,"column":11},"end":{"line":43,"column":null}},"loc":{"start":{"line":43,"column":11},"end":{"line":48,"column":null}},"line":43},"4":{"name":"(anonymous_4)",
[...]
":{"line":262,"column":4},"end":{"line":262,"column":null}},"60":{"start":{"line":264,"column":21},"end":{"line":265,"column":null}},"61":{"start":{"line":265,"column":12},"end":{"line":265,"column":null}},"62":{"start":{"line":267,"column":2},"end":{"line":269,"column":null}},"63":{"start":{"line":268,"column":4},"end":{"line":268,"column":null}},"64":{"start":{"line":272,"column":20},"end":{"line":272,"column":null}},"65":{"start":{"line":272,"column":67},"end":{"line":272,"column":91}},"66":{"start":{"line":273,"column":20},"end":{"line":273,"column":null}},"67":{"start":{"line":273,"column":67},"end":{"line":273,"column":91}},"68":{"start":{"line":274,"column":2},"end":{"line":276,"column":null}},"69":{"start":{"line":275,"column":4},"end":{"line":275,"column":null}},"70":{"start":{"line":277,"column":24},"end":{"line":277,"column":null}},"71":{"start":{"line":277,"column":45},"end":{"line":277,"column":69}},"72":{"start":{"line":278,"column":2},"end":{"line":280,"column":null}},"73":{"start":{"line":279,"column":4},"end":{"line":279,"column":null}},"74":{"start":{"line":283,"column":20},"end":{"line":283,"column":null}},"75":{"start":{"line":284,"column":20},"end":{"line":284,"column":null}},"76":{"start":{"line":285,"column":2},"end":{"line":297,"column":null}},"77":{"start":{"line":287,"column":9},"end":{"line":297,"column":null}},"78":{"start":{"line":288,"column":4},"end":{"line":288,"column":null}},"79":{"start":{"line":290,"column":17},"end":{"line":290,"column":86}},"80":{"start":{"line":291,"column":17},"end":{"line":291,"column":86}},"81":{"start":{"line":292,"column":17},"end":{"line":292,"column":86}},"82":{"start":{"line":293,"column":17},"end":{"line":293,"column":86}},"83":{"start":{"line":294,"column":4},"end":{"line":296,"column":null}},"84":{"start":{"line":295,"column":6},"end":{"line":295,"column":null}},"85":{"start":{"line":300,"column":2},"end":{"line":302,"column":null}},"86":{"start":{"line":301,"column":4},"end":{"line":301,"column":null}},"87":{"start":{"line":304,"column":2},"end":{"line":304,"column":null}}},"fnMap":{"0":{"name":"parseLocationTypes","decl":{"start":{"line":33,"column":9},"end":{"line":33,"column":28}},"loc":{"start":{"line":33,"column":54},"end":{"line":37,"column":null}},"line":33},"1":{"name":"parseProductFilters","decl":{"start":{"line":44,"column":9},"end":{"line":44,"column":29}},"loc":{"start":{"line":44,"column":57},"end":{"line":59,"column":null}},"line":44},"2":{"name":"(anonymous_2)","decl":{"start":{"line":52,"column":19},"end":{"line":52,"column":null}},"loc":{"start":{"line":52,"column":19},"end":{"line":56,"column":null}},"line":52},"3":{"name":"parseSearchLocation","decl":{"start":{"line":67,"column":9},"end":{"line":67,"column":null}},"loc":{"start":{"line":69,"column":25},"end":{"line":100,"column":null}},"line":69},"4":{"name":"parseSearchRadius","decl":{"start":{"line":107,"column":9},"end":{"line":107,"column":27}},"loc":{"start":{"line":107,"column":53},"end":{"line":120,"column":null}},"line":107},"5":{"name":"parseFiltersFromURL","decl":{"start":{"line":127,"column":16},"end":{"line":127,"column":36}},"loc":{"start":{"line":127,"column":65},"end":{"line":137,"column":null}},"line":127},"6":{"name":"encodeLocationTypes","decl":{"start":{"line":146,"column":9},"end":{"line":146,"column":29}},"loc":{"start":{"line":146,"column":62},"end":{"line":150,"column":null}},"line":146},"7":{"name":"encodeProductFilters","decl":{"start":{"line":157,"column":9},"end":{"line":157,"column":30}},"loc":{"start":{"line":157,"column":69},"end":{"line":165,"column":null}},"line":157},"8":{"name":"(anonymous_8)","decl":{"start":{"line":158,"column":60},"end":{"line":158,"column":67}},"loc":{"start":{"line":158,"column":67},"end":{"line":158,"column":86}},"line":158},"9":{"name":"encodeSearchLocation","decl":{"start":{"line":172,"column":9},"end":{"line":172,"column":30}},"loc":{"start":{"line":172,"column":70},"end":{"line":190,"column":null}},"line":172},"10":{"name":"encodeFiltersToURL","decl":{"start":{"line":198,"column":16},"end":{"line":198,"column":35}},"loc":{"start":{"line":198,"column":62},"end":{"line":227,"column":null}},"line":198},"11":{"name":"isDefaultFilterState","decl":{"start":{"line":234,"column":16},"end":{"line":234,"column":37}},"loc":{"start":{"line":234,"column":64},"end":{"line":251,"column":null}},"line":234},"12":{"name":"(anonymous_12)","decl":{"start":{"line":237,"column":29},"end":{"line":237,"column":37}},"loc":{"start":{"line":237,"column":37},"end":{"line":237,"column":null}},"line":237},"13":{"name":"(anonymous_13)","decl":{"start":{"line":241,"column":4},"end":{"line":241,"column":11}},"loc":{"start":{"line":241,"column":11},"end":{"line":241,"column":42}},"line":241},"14":{"name":"filterStatesEqual","decl":{"start":{"line":259,"column":16},"end":{"line":259,"column":34}},"loc":{"start":{"line":259,"column":80},"end":{"line":305,"column":null}},"line":259},"15":{"name":"(anonymous_15)","decl":{"start":{"line":265,"column":4},"end":{"line":265,"column":12}},"loc":{"start":{"line":265,"column":12},"end":{"line":265,"column":null}},"line":265},"16":{"name":"(anonymous_16)","decl":{"start":{"line":272,"column":62},"end":{"line":272,"column":67}},"loc":{"start":{"line":272,"column":67},"end":{"line":272,"column":91}},"line":272},"17":{"name":"(anonymous_17)","decl":{"start":{"line":273,"column":62},"end":{"line":273,"column":67}},"loc":{"start":{"line":273,"column":67},"end":{"line":273,"column":91}},"line":273},"18":{"name":"(anonymous_18)","decl":{"start":{"line":277,"column":40},"end":{"line":277,"column":45}},"loc":{"start":{"line":277,"column":45},"end":{"line":277,"column":69}},"line":277}},"branchMap":{"0":{"loc":{"start":{"line":45,"column":2},"end":{"line":47,"column":null}},"type":"if","locations":[{"start":{"line":45,"column":2},"end":{"line":47,"column":null}},{"start":{},"end":{}}],"line":45},"1":{"loc":{"start":{"line":72,"column":2},"end":{"line":74,"column":null}},"type":"if","locations":[{"start":{"line":72,"column":2},"end":{"line":74,"column":null}},{"start":{},"end":{}}],"line":72},"2":{"loc":{"start":{"line":72,"column":6},"end":{"line":72,"column":30}},"type":"binary-expr","locations":[{"start":{"line":72,"column":6},"end":{"line":72,"column":19}},{"start":{"line":72,"column":19},"end":{"line":72,"column":30}}],"line":72},"3":{"loc":{"start":{"line":80,"column":2},"end":{"line":82,"column":null}},"type":"if","locations":[{"start":{"line":80,"column":2},"end":{"line":82,"column":null}},{"start":{},"end":{}}],"line":80},"4":{"loc":{"start":{"line":80,"column":6},"end":{"line":80,"column":32}},"type":"binary-expr","locations":[{"start":{"line":80,"column":6},"end":{"line":80,"column":20}},{"start":{"line":80,"column":20},"end":{"line":80,"column":32}}],"line":80},"5":{"loc":{"start":{"line":85,"column":2},"end":{"line":87,"column":null}},"type":"if","locations":[{"start":{"line":85,"column":2},"end":{"line":87,"column":null}},{"start":{},"end":{}}],"line":85},"6":{"loc":{"start":{"line":85,"column":6},"end":{"line":85,"column":56}},"type":"binary-expr","locations":[{"start":{"line":85,"column":6},"end":{"line":85,"column":19}},{"start":{"line":85,"column":19},"end":{"line":85,"column":31}},{"start":{"line":85,"column":31},"end":{"line":85,"column":45}},{"start":{"line":85,"column":45},"end":{"line":85,"column":56}}],"line":85},"7":{"loc":{"start":{"line":108,"column":2},"end":{"line":110,"column":null}},"type":"if","locations":[{"start":{"line":108,"column":2},"end":{"line":110,"column":null}},{"start":{},"end":{}}],"line":108},"8":{"loc":{"start":{"line":115,"column":2},"end":{"line":117,"column":null}},"type":"if","locations":[{"start":{"line":115,"column":2},"end":{"line":117,"column":null}},{"start":{},"end":{}}],"line":115},"9":{"loc":{"start":{"line":115,"column":6},"end":{"line":115,"column":51}},"type":"binary-expr","locations":[{"start":{"line":115,"column":6},"end":{"line":115,"column":23}},{"start":{"line":115,"column":23},"end":{"line":115,"column":37}},{"start":{"line":115,"column":37},"end":{"line":115,"column":51}}],"line":115},"10":{"loc":{"start":{"line":160,"column":2},"end":{"line":162,"column":null}},"type":"if","locations":[{"start":{"line":160,"column":2},"end":{"line":162,"column":null}},{"start":{},"end":{}}],"line":160},"11":{"loc":{"start":{"line":176,"column":2},"end":{"line":178,"column":null}},"type":"if","locations":[{"start":{"line":176,"column":2},"end":{"line":178,"column":null}},{"start":{},"end":{}}],"line":176},"12":{"loc":{"start":{"line":183,"column":19},"end":{"line":183,"column":null}},"type":"cond-expr","locations":[{"start":{"line":183,"column":47},"end":{"line":183,"column":55}},{"start":{"line":183,"column":55},"end":{"line":183,"column":null}}],"line":183},"13":{"loc":{"start":{"line":184,"column":19},"end":{"line":184,"column":null}},"type":"cond-expr","locations":[{"start":{"line":184,"column":47},"end":{"line":184,"column":55}},{"start":{"line":184,"column":55},"end":{"line":184,"column":null}}],"line":184},"14":{"loc":{"start":{"line":204,"column":2},"end":{"line":206,"column":null}},"type":"if","locations":[{"start":{"line":204,"column":2},"end":{"line":206,"column":null}},{"start":{},"end":{}}],"line":204},"15":{"loc":{"start":{"line":210,"column":2},"end":{"line":212,"column":null}},"type":"if","locations":[{"start":{"line":210,"column":2},"end":{"line":212,"column":null}},{"start":{},"end":{}}],"line":210},"16":{"loc":{"start":{"line":216,"column":2},"end":{"line":219,"column":null}},"type":"if","locations":[{"start":{"line":216,"column":2},"end":{"line":219,"column":null}},{"start":{},"end":{}}],"line":216},"17":{"loc":{"start":{"line":216,"column":6},"end":{"line":216,"column":46}},"type":"binary-expr","locations":[{"start":{"line":216,"column":6},"end":{"line":216,"column":24}},{"start":{"line":216,"column":28},"end":{"line":216,"column":46}}],"line":216},"18":{"loc":{"start":{"line":222,"column":2},"end":{"line":224,"column":null}},"type":"if","locations":[{"start":{"line":222,"column":2},"end":{"line":224,"column":null}},{"start":{},"end":{}}],"line":222},"19":{"loc":{"start":{"line":236,"column":22},"end":{"line":237,"column":null}},"type":"binary-expr","locations":[{"start":{"line":236,"column":22},"end":{"line":236,"column":82}},{"start":{"line":237,"column":4},"end":{"line":237,"column":null}}],"line":236},"20":{"loc":{"start":{"line":250,"column":9},"end":{"line":250,"column":null}},"type":"binary-expr","locations":[{"start":{"line":250,"column":9},"end":{"line":250,"column":24}},{"start":{"line":250,"column":24},"end":{"line":250,"column":41}},{"start":{"line":250,"column":41},"end":{"line":250,"column":58}},{"start":{"line":250,"column":58},"end":{"line":250,"column":null}}],"line":250},"21":{"loc":{"start":{"line":261,"column":2},"end":{"line":263,"column":null}},"type":"if","locations":[{"start":{"line":261,"column":2},"end":{"line":263,"column":null}},{"start":{},"end":{}}],"line":261},"22":{"loc":{"start":{"line":267,"column":2},"end":{"line":269,"column":null}},"type":"if","locations":[{"start":{"line":267,"column":2},"end":{"line":269,"column":null}},{"start":{},"end":{}}],"line":267},"23":{"loc":{"start":{"line":274,"column":2},"end":{"line":276,"column":null}},"type":"if","locations":[{"start":{"line":274,"column":2},"end":{"line":276,"column":null}},{"start":{},"end":{}}],"line":274},"24":{"loc":{"start":{"line":278,"column":2},"end":{"line":280,"column":null}},"type":"if","locations":[{"start":{"line":278,"column":2},"end":{"line":280,"column":null}},{"start":{},"end":{}}],"line":278},"25":{"loc":{"start":{"line":285,"column":2},"end":{"line":297,"column":null}},"type":"if","locations":[{"start":{"line":285,"column":2},"end":{"line":297,"column":null}},{"start":{"line":287,"column":9},"end":{"line":297,"column":null}}],"line":285},"26":{"loc":{"start":{"line":285,"column":6},"end":{"line":285,"column":32}},"type":"binary-expr","locations":[{"start":{"line":285,"column":6},"end":{"line":285,"column":20}},{"start":{"line":285,"column":20},"end":{"line":285,"column":32}}],"line":285},"27":{"loc":{"start":{"line":287,"column":9},"end":{"line":297,"column":null}},"type":"if","locations":[{"start":{"line":287,"column":9},"end":{"line":297,"column":null}},{"start":{"line":289,"column":9},"end":{"line":297,"column":null}}],"line":287},"28":{"loc":{"start":{"line":287,"column":13},"end":{"line":287,"column":39}},"type":"binary-expr","locations":[{"start":{"line":287,"column":13},"end":{"line":287,"column":27}},{"start":{"line":287,"column":27},"end":{"line":287,"column":39}}],"line":287},"29":{"loc":{"start":{"line":290,"column":17},"end":{"line":290,"column":86}},"type":"cond-expr","locations":[{"start":{"line":290,"column":55},"end":{"line":290,"column":73}},{"start":{"line":290,"column":73},"end":{"line":290,"column":86}}],"line":290},"30":{"loc":{"start":{"line":291,"column":17},"end":{"line":291,"column":86}},"type":"cond-expr","locations":[{"start":{"line":291,"column":55},"end":{"line":291,"column":73}},{"start":{"line":291,"column":73},"end":{"line":291,"column":86}}],"line":291},"31":{"loc":{"start":{"line":292,"column":17},"end":{"line":292,"column":86}},"type":"cond-expr","locations":[{"start":{"line":292,"column":55},"end":{"line":292,"column":73}},{"start":{"line":292,"column":73},"end":{"line":292,"column":86}}],"line":292},"32":{"loc":{"start":{"line":293,"column":17},"end":{"line":293,"column":86}},"type":"cond-expr","locations":[{"start":{"line":293,"column":55},"end":{"line":293,"column":73}},{"start":{"line":293,"column":73},"end":{"line":293,"column":86}}],"line":293},"33":{"loc":{"start":{"line":294,"column":4},"end":{"line":296,"column":null}},"type":"if","locations":[{"start":{"line":294,"column":4},"end":{"line":296,"column":null}},{"start":{},"end":{}}],"line":294},"34":{"loc":{"start":{"line":294,"column":8},"end":{"line":294,"column":40}},"type":"binary-expr","locations":[{"start":{"line":294,"column":8},"end":{"line":294,"column":25}},{"start":{"line":294,"column":25},"end":{"line":294,"column":40}}],"line":294},"35":{"loc":{"start":{"line":300,"column":2},"end":{"line":302,"column":null}},"type":"if","locations":[{"start":{"line":300,"column":2},"end":{"line":302,"column":null}},{"start":{},"end":{}}],"line":300}},"s":{"0":2,"1":50,"2":50,"3":50,"4":0,"5":0,"6":0,"7":0,"8":0,"9":50,"10":50,"11":0,"12":0,"13":0,"14":0,"15":0,"16":0,"17":0,"18":50,"19":50,"20":0,"21":0,"22":0,"23":0,"24":50,"25":0,"26":0,"27":0,"28":0,"29":0,"30":0,"31":0,"32":0,"33":0,"34":0,"35":0,"36":0,"37":0,"38":0,"39":0,"40":0,"41":0,"42":0,"43":0,"44":0,"45":0,"46":0,"47":0,"48":0,"49":0,"50":0,"51":0,"52":0,"53":0,"54":0,"55":0,"56":0,"57":0,"58":0,"59":0,"60":0,"61":0,"62":0,"63":0,"64":0,"65":0,"66":0,"67":0,"68":0,"69":0,"70":0,"71":0,"72":0,"73":0,"74":0,"75":0,"76":0,"77":0,"78":0,"79":0,"80":0,"81":0,"82":0,"83":0,"84":0,"85":0,"86":0,"87":0},"f":{"0":50,"1":50,"2":0,"3":50,"4":50,"5":50,"6":0,"7":0,"8":0,"9":0,"10":0,"11":0,"12":0,"13":0,"14":0,"15":0,"16":0,"17":0,"18":0},"b":{"0":[50,0],"1":[50,0],"2":[50,0],"3":[0,0],"4":[0,0],"5":[0,0],"6":[0,0,0,0],"7":[50,0],"8":[0,0],"9":[0,0,0],"10":[0,0],"11":[0,0],"12":[0,0],"13":[0,0],"14":[0,0],"15":[0,0],"16":[0,0],"17":[0,0],"18":[0,0],"19":[0,0],"20":[0,0,0,0],"21":[0,0],"22":[0,0],"23":[0,0],"24":[0,0],"25":[0,0],"26":[0,0],"27":[0,0],"28":[0,0],"29":[0,0],"30":[0,0],"31":[0,0],"32":[0,0],"33":[0,0],"34":[0,0],"35":[0,0]},"meta":{"lastBranch":36,"lastFunction":19,"lastStatement":88,"seen":{"s:19:52:24:Infinity":0,"f:33:9:33:28":0,"s:36:2:36:Infinity":1,"f:44:9:44:29":1,"b:45:2:47:Infinity:undefined:undefined:undefined:undefined":0,"s:45:2:47:Infinity":2,"s:46:4:46:Infinity":3,"s:49:19:49:Infinity":4,"s:50:43:50:Infinity":5,"s:52:2:56:Infinity":6,"f:52:19:52:Infinity":2,"s:55:4:55:Infinity":7,"s:58:2:58:Infinity":8,"f:67:9:67:Infinity":3,"b:72:2:74:Infinity:undefined:undefined:undefined:undefined":1,"s:72:2:74:Infinity":9,"b:72:6:72:19:72:19:72:30":2,"s:73:4:73:Infinity":10,"s:76:14:76:Infinity":11,"s:77:14:77:Infinity":12,"b:80:2:82:Infinity:undefined:undefined:undefined:undefined":3,"s:80:2:82:Infinity":13,"b:80:6:80:20:80:20:80:32":4,"s:81:4:81:Infinity":14,"b:85:2:87:Infinity:undefined:undefined:undefined:undefined":5,"s:85:2:87:Infinity":15,"b:85:6:85:19:85:19:85:31:85:31:85:45:85:45:85:56":6,"s:86:4:86:Infinity":16,"s:89:2:99:Infinity":17,"f:107:9:107:27":4,"b:108:2:110:Infinity:undefined:undefined:undefined:undefined":7,"s:108:2:110:Infinity":18,"s:109:4:109:Infinity":19,"s:112:17:112:Infinity":20,"b:115:2:117:Infinity:undefined:undefined:undefined:undefined":8,"s:115:2:117:Infinity":21,"b:115:6:115:23:115:23:115:37:115:37:115:51":9,"s:116:4:116:Infinity":22,"s:119:2:119:Infinity":23,"f:127:16:127:36":5,"s:128:2:136:Infinity":24,"f:146:9:146:29":6,"s:149:2:149:Infinity":25,"f:157:9:157:30":7,"s:158:25:158:Infinity":26,"f:158:60:158:67":8,"s:158:67:158:86":27,"b:160:2:162:Infinity:undefined:undefined:undefined:undefined":10,"s:160:2:162:Infinity":28,"s:161:4:161:Infinity":29,"s:164:2:164:Infinity":30,"f:172:9:172:30":9,"b:176:2:178:Infinity:undefined:undefined:undefined:undefined":11,"s:176:2:178:Infinity":31,"s:177:4:177:Infinity":32,"s:180:23:180:55":33,"s:183:19:183:Infinity":34,"b:183:47:183:55:183:55:183:Infinity":12,"s:184:19:184:Infinity":35,"b:184:47:184:55:184:55:184:Infinity":13,"s:186:2:189:Infinity":36,"f:198:16:198:35":10,"s:199:17:199:Infinity":37,"s:203:21:203:Infinity":38,"b:204:2:206:Infinity:undefined:undefined:undefined:undefined":14,"s:204:2:206:Infinity":39,"s:205:4:205:Infinity":40,"s:209:24:209:Infinity":41,"b:210:2:212:Infinity:undefined:undefined:undefined:undefined":15,"s:210:2:212:Infinity":42,"s:211:4:211:Infinity":43,"s:215:25:215:Infinity":44,"b:216:2:219:Infinity:undefined:undefined:undefined:undefined":16,"s:216:2:219:Infinity":45,"b:216:6:216:24:216:28:216:46":17,"s:217:4:217:Infinity":46,"s:218:4:218:Infinity":47,"b:222:2:224:Infinity:undefined:undefined:undefined:undefined":18,"s:222:2:224:Infinity":48,"s:223:4:223:Infinity":49,"s:226:2:226:Infinity":50,"f:234:16:234:37":11,"s:236:22:237:Infinity":51,"b:236:22:236:82:237:4:237:Infinity":19,"f:237:29:237:37":12,"s:237:37:237:Infinity":52,"s:240:24:242:Infinity":53,"f:241:4:241:11":13,"s:241:11:241:42":54,"s:245:24:245:Infinity":55,"s:248:27:248:89":56,"s:250:2:250:Infinity":57,"b:250:9:250:24:250:24:250:41:250:41:250:58:250:58:250:Infinity":20,"f:259:16:259:34":14,"b:261:2:263:Infinity:undefined:undefined:undefined:undefined":21,"s:261:2:263:Infinity":58,"s:262:4:262:Infinity":59,"s:264:21:265:Infinity":60,"f:265:4:265:12":15,"s:265:12:265:Infinity":61,"b:267:2:269:Infinity:undefined:undefined:undefined:undefined":22,"s:267:2:269:Infinity":62,"s:268:4:268:Infinity":63,"s:272:20:272:Infinity":64,"f:272:62:272:67":16,"s:272:67:272:91":65,"s:273:20:273:Infinity":66,"f:273:62:273:67":17,"s:273:67:273:91":67,"b:274:2:276:Infinity:undefined:undefined:undefined:undefined":23,"s:274:2:276:Infinity":68,"s:275:4:275:Infinity":69,"s:277:24:277:Infinity":70,"f:277:40:277:45":18,"s:277:45:277:69":71,"b:278:2:280:Infinity:undefined:undefined:undefined:undefined":24,"s:278:2:280:Infinity":72,"s:279:4:279:Infinity":73,"s:283:20:283:Infinity":74,"s:284:20:284:Infinity":75,"b:285:2:297:Infinity:287:9:297:Infinity":25,"s:285:2:297:Infinity":76,"b:285:6:285:20:285:20:285:32":26,"b:287:9:297:Infinity:289:9:297:Infinity":27,"s:287:9:297:Infinity":77,"b:287:13:287:27:287:27:287:39":28,"s:288:4:288:Infinity":78,"s:290:17:290:86":79,"b:290:55:290:73:290:73:290:86":29,"s:291:17:291:86":80,"b:291:55:291:73:291:73:291:86":30,"s:292:17:292:86":81,"b:292:55:292:73:292:73:292:86":31,"s:293:17:293:86":82,"b:293:55:293:73:293:73:293:86":32,"b:294:4:296:Infinity:undefined:undefined:undefined:undefined":33,"s:294:4:296:Infinity":83,"b:294:8:294:25:294:25:294:40":34,"s:295:6:295:Infinity":84,"b:300:2:302:Infinity:undefined:undefined:undefined:undefined":35,"s:300:2:302:Infinity":85,"s:301:4:301:Infinity":86,"s:304:2:304:Infinity":87}}}
}
